[debug] [2025-07-26T00:56:53.988Z] ----------------------------------------------------------------------
[debug] [2025-07-26T00:56:53.991Z] Command:       C:\Program Files\nodejs\node.exe C:\Users\lifoe\AppData\Roaming\npm\node_modules\firebase-tools\lib\bin\firebase.js deploy --only functions:generateNeuralAudio
[debug] [2025-07-26T00:56:53.991Z] CLI Version:   14.11.1
[debug] [2025-07-26T00:56:53.991Z] Platform:      win32
[debug] [2025-07-26T00:56:53.991Z] Node Version:  v22.12.0
[debug] [2025-07-26T00:56:53.991Z] Time:          Sat Jul 26 2025 02:56:53 GMT+0200 (Ora legale dell’Europa centrale)
[debug] [2025-07-26T00:56:53.991Z] ----------------------------------------------------------------------
[debug] 
[debug] [2025-07-26T00:56:54.138Z] > command requires scopes: ["email","openid","https://www.googleapis.com/auth/cloudplatformprojects.readonly","https://www.googleapis.com/auth/firebase","https://www.googleapis.com/auth/cloud-platform"]
[debug] [2025-07-26T00:56:54.139Z] > authorizing via signed-in user (lifo.ceo.owner@gmail.com)
[debug] [2025-07-26T00:56:54.139Z] [iam] checking project calmify-388723 for permissions ["cloudfunctions.functions.create","cloudfunctions.functions.delete","cloudfunctions.functions.get","cloudfunctions.functions.list","cloudfunctions.functions.update","cloudfunctions.operations.get","firebase.projects.get"]
[debug] [2025-07-26T00:56:54.140Z] Checked if tokens are valid: true, expires at: 1753493366920
[debug] [2025-07-26T00:56:54.140Z] Checked if tokens are valid: true, expires at: 1753493366920
[debug] [2025-07-26T00:56:54.140Z] >>> [apiv2][query] POST https://cloudresourcemanager.googleapis.com/v1/projects/calmify-388723:testIamPermissions [none]
[debug] [2025-07-26T00:56:54.141Z] >>> [apiv2][(partial)header] POST https://cloudresourcemanager.googleapis.com/v1/projects/calmify-388723:testIamPermissions x-goog-quota-user=projects/calmify-388723
[debug] [2025-07-26T00:56:54.141Z] >>> [apiv2][body] POST https://cloudresourcemanager.googleapis.com/v1/projects/calmify-388723:testIamPermissions {"permissions":["cloudfunctions.functions.create","cloudfunctions.functions.delete","cloudfunctions.functions.get","cloudfunctions.functions.list","cloudfunctions.functions.update","cloudfunctions.operations.get","firebase.projects.get"]}
[debug] [2025-07-26T00:56:54.914Z] <<< [apiv2][status] POST https://cloudresourcemanager.googleapis.com/v1/projects/calmify-388723:testIamPermissions 200
[debug] [2025-07-26T00:56:54.914Z] <<< [apiv2][body] POST https://cloudresourcemanager.googleapis.com/v1/projects/calmify-388723:testIamPermissions {"permissions":["cloudfunctions.functions.create","cloudfunctions.functions.delete","cloudfunctions.functions.get","cloudfunctions.functions.list","cloudfunctions.functions.update","cloudfunctions.operations.get","firebase.projects.get"]}
[debug] [2025-07-26T00:56:54.914Z] Checked if tokens are valid: true, expires at: 1753493366920
[debug] [2025-07-26T00:56:54.914Z] Checked if tokens are valid: true, expires at: 1753493366920
[debug] [2025-07-26T00:56:54.914Z] >>> [apiv2][query] POST https://iam.googleapis.com/v1/projects/calmify-388723/serviceAccounts/calmify-388723@appspot.gserviceaccount.com:testIamPermissions [none]
[debug] [2025-07-26T00:56:54.914Z] >>> [apiv2][body] POST https://iam.googleapis.com/v1/projects/calmify-388723/serviceAccounts/calmify-388723@appspot.gserviceaccount.com:testIamPermissions {"permissions":["iam.serviceAccounts.actAs"]}
[debug] [2025-07-26T00:56:55.646Z] <<< [apiv2][status] POST https://iam.googleapis.com/v1/projects/calmify-388723/serviceAccounts/calmify-388723@appspot.gserviceaccount.com:testIamPermissions 200
[debug] [2025-07-26T00:56:55.646Z] <<< [apiv2][body] POST https://iam.googleapis.com/v1/projects/calmify-388723/serviceAccounts/calmify-388723@appspot.gserviceaccount.com:testIamPermissions {"permissions":["iam.serviceAccounts.actAs"]}
[info] 
[info] === Deploying to 'calmify-388723'...
[info] 
[info] i  deploying functions 
[info] +  functions: Finished running predeploy script. 
[debug] [2025-07-26T00:56:55.650Z] Checked if tokens are valid: true, expires at: 1753493366920
[debug] [2025-07-26T00:56:55.650Z] Checked if tokens are valid: true, expires at: 1753493366920
[debug] [2025-07-26T00:56:55.650Z] >>> [apiv2][query] GET https://cloudresourcemanager.googleapis.com/v1/projects/calmify-388723 [none]
[debug] [2025-07-26T00:56:55.837Z] <<< [apiv2][status] GET https://cloudresourcemanager.googleapis.com/v1/projects/calmify-388723 200
[debug] [2025-07-26T00:56:55.837Z] <<< [apiv2][body] GET https://cloudresourcemanager.googleapis.com/v1/projects/calmify-388723 {"projectNumber":"23546263069","projectId":"calmify-388723","lifecycleState":"ACTIVE","name":"Calmify","labels":{"firebase":"enabled"},"createTime":"2023-06-03T23:37:24.821569Z"}
[info] i  functions: preparing codebase default for deployment 
[info] i  functions: ensuring required API cloudfunctions.googleapis.com is enabled... 
[info] i  functions: ensuring required API cloudbuild.googleapis.com is enabled... 
[info] i  artifactregistry: ensuring required API artifactregistry.googleapis.com is enabled... 
[debug] [2025-07-26T00:56:55.840Z] Checked if tokens are valid: true, expires at: 1753493366920
[debug] [2025-07-26T00:56:55.841Z] Checked if tokens are valid: true, expires at: 1753493366920
[debug] [2025-07-26T00:56:55.841Z] >>> [apiv2][query] GET https://firebase.googleapis.com/v1beta1/projects/calmify-388723/adminSdkConfig [none]
[debug] [2025-07-26T00:56:56.286Z] <<< [apiv2][status] GET https://firebase.googleapis.com/v1beta1/projects/calmify-388723/adminSdkConfig 200
[debug] [2025-07-26T00:56:56.287Z] <<< [apiv2][body] GET https://firebase.googleapis.com/v1beta1/projects/calmify-388723/adminSdkConfig {"projectId":"calmify-388723","databaseURL":"https://calmify-388723-default-rtdb.europe-west1.firebasedatabase.app","storageBucket":"calmify-388723.appspot.com","locationId":"europe-west"}
[debug] [2025-07-26T00:56:56.287Z] Checked if tokens are valid: true, expires at: 1753493366920
[debug] [2025-07-26T00:56:56.287Z] Checked if tokens are valid: true, expires at: 1753493366920
[debug] [2025-07-26T00:56:56.287Z] >>> [apiv2][query] GET https://runtimeconfig.googleapis.com/v1beta1/projects/calmify-388723/configs [none]
[debug] [2025-07-26T00:56:56.625Z] <<< [apiv2][status] GET https://runtimeconfig.googleapis.com/v1beta1/projects/calmify-388723/configs 200
[debug] [2025-07-26T00:56:56.625Z] <<< [apiv2][body] GET https://runtimeconfig.googleapis.com/v1beta1/projects/calmify-388723/configs {}
[debug] [2025-07-26T00:56:56.626Z] Validating nodejs source
[debug] [2025-07-26T00:56:57.492Z] > [functions] package.json contents: {
  "name": "functions",
  "description": "Cloud Functions for Firebase",
  "scripts": {
    "serve": "firebase emulators:start --only functions",
    "shell": "firebase functions:shell",
    "start": "npm run shell",
    "deploy": "firebase deploy --only functions",
    "logs": "firebase functions:log"
  },
  "engines": {
    "node": "22"
  },
  "main": "index.js",
  "dependencies": {
    "@google-cloud/text-to-speech": "^6.2.0",
    "firebase-admin": "^13.4.0",
    "firebase-functions": "^6.4.0"
  },
  "devDependencies": {
    "eslint": "^8.15.0",
    "eslint-config-google": "^0.14.0",
    "firebase-functions-test": "^3.1.0"
  },
  "private": true
}
[debug] [2025-07-26T00:56:57.493Z] Building nodejs source
[info] i  functions: Loading and analyzing source code for codebase default to determine what to deploy 
[debug] [2025-07-26T00:56:57.495Z] Could not find functions.yaml. Must use http discovery
[debug] [2025-07-26T00:56:57.500Z] Found firebase-functions binary at 'C:\Users\lifoe\AndroidStudioProjects\CalmifyAppAndroid\functions\node_modules\.bin\firebase-functions'
[info] Serving at port 8184

[error] (node:12892) [DEP0040] DeprecationWarning: The `punycode` module is deprecated. Please use a userland alternative instead.
(Use `node --trace-deprecation ...` to show where the warning was created)

[debug] [2025-07-26T00:56:58.393Z] Got response from /__/functions.yaml {"endpoints":{"generateNeuralAudio":{"availableMemoryMb":2048,"timeoutSeconds":300,"minInstances":null,"maxInstances":10,"ingressSettings":null,"concurrency":null,"serviceAccountEmail":null,"vpc":null,"platform":"gcfv2","region":["europe-west1"],"labels":{},"callableTrigger":{},"entryPoint":"generateNeuralAudio"}},"specVersion":"v1alpha1","requiredAPIs":[],"extensions":{}}
[info] i  extensions: ensuring required API firebaseextensions.googleapis.com is enabled... 
[debug] [2025-07-26T00:57:02.424Z] > command requires scopes: ["email","openid","https://www.googleapis.com/auth/cloudplatformprojects.readonly","https://www.googleapis.com/auth/firebase","https://www.googleapis.com/auth/cloud-platform"]
[debug] [2025-07-26T00:57:02.424Z] > authorizing via signed-in user (lifo.ceo.owner@gmail.com)
[debug] [2025-07-26T00:57:02.425Z] [iam] checking project calmify-388723 for permissions ["firebase.projects.get","firebaseextensions.instances.list"]
[debug] [2025-07-26T00:57:02.425Z] Checked if tokens are valid: true, expires at: 1753493366920
[debug] [2025-07-26T00:57:02.425Z] Checked if tokens are valid: true, expires at: 1753493366920
[debug] [2025-07-26T00:57:02.425Z] >>> [apiv2][query] POST https://cloudresourcemanager.googleapis.com/v1/projects/calmify-388723:testIamPermissions [none]
[debug] [2025-07-26T00:57:02.425Z] >>> [apiv2][(partial)header] POST https://cloudresourcemanager.googleapis.com/v1/projects/calmify-388723:testIamPermissions x-goog-quota-user=projects/calmify-388723
[debug] [2025-07-26T00:57:02.425Z] >>> [apiv2][body] POST https://cloudresourcemanager.googleapis.com/v1/projects/calmify-388723:testIamPermissions {"permissions":["firebase.projects.get","firebaseextensions.instances.list"]}
[debug] [2025-07-26T00:57:03.140Z] <<< [apiv2][status] POST https://cloudresourcemanager.googleapis.com/v1/projects/calmify-388723:testIamPermissions 200
[debug] [2025-07-26T00:57:03.140Z] <<< [apiv2][body] POST https://cloudresourcemanager.googleapis.com/v1/projects/calmify-388723:testIamPermissions {"permissions":["firebase.projects.get","firebaseextensions.instances.list"]}
[debug] [2025-07-26T00:57:03.141Z] Checked if tokens are valid: true, expires at: 1753493366920
[debug] [2025-07-26T00:57:03.141Z] Checked if tokens are valid: true, expires at: 1753493366920
[debug] [2025-07-26T00:57:03.141Z] >>> [apiv2][query] GET https://firebaseextensions.googleapis.com/v1beta/projects/calmify-388723/instances pageSize=100&pageToken=
[debug] [2025-07-26T00:57:04.003Z] <<< [apiv2][status] GET https://firebaseextensions.googleapis.com/v1beta/projects/calmify-388723/instances 200
[debug] [2025-07-26T00:57:04.003Z] <<< [apiv2][body] GET https://firebaseextensions.googleapis.com/v1beta/projects/calmify-388723/instances {}
[info] i  functions: preparing functions directory for uploading... 
[info] i  functions: packaged C:\Users\lifoe\AndroidStudioProjects\CalmifyAppAndroid\functions (82.44 KB) for uploading 
[debug] [2025-07-26T00:57:04.035Z] Checked if tokens are valid: true, expires at: 1753493366920
[debug] [2025-07-26T00:57:04.035Z] Checked if tokens are valid: true, expires at: 1753493366920
[debug] [2025-07-26T00:57:04.035Z] >>> [apiv2][query] GET https://cloudfunctions.googleapis.com/v1/projects/calmify-388723/locations/-/functions [none]
[debug] [2025-07-26T00:57:04.588Z] <<< [apiv2][status] GET https://cloudfunctions.googleapis.com/v1/projects/calmify-388723/locations/-/functions 200
[debug] [2025-07-26T00:57:04.588Z] <<< [apiv2][body] GET https://cloudfunctions.googleapis.com/v1/projects/calmify-388723/locations/-/functions {}
[debug] [2025-07-26T00:57:04.588Z] Checked if tokens are valid: true, expires at: 1753493366920
[debug] [2025-07-26T00:57:04.589Z] Checked if tokens are valid: true, expires at: 1753493366920
[debug] [2025-07-26T00:57:04.589Z] >>> [apiv2][query] GET https://cloudfunctions.googleapis.com/v2/projects/calmify-388723/locations/-/functions filter=environment%3D%22GEN_2%22
[debug] [2025-07-26T00:57:05.625Z] <<< [apiv2][status] GET https://cloudfunctions.googleapis.com/v2/projects/calmify-388723/locations/-/functions 200
[debug] [2025-07-26T00:57:05.625Z] <<< [apiv2][body] GET https://cloudfunctions.googleapis.com/v2/projects/calmify-388723/locations/-/functions {"functions":[{"name":"projects/calmify-388723/locations/europe-west1/functions/generateNeuralAudio","buildConfig":{"build":"projects/23546263069/locations/europe-west1/builds/662f3eb7-8086-4f79-b366-e04f13bedf71","runtime":"nodejs22","entryPoint":"generateNeuralAudio","source":{"storageSource":{"bucket":"gcf-v2-sources-23546263069-europe-west1","object":"generateNeuralAudio/function-source.zip","generation":"1753491169065152"}},"environmentVariables":{"GOOGLE_NODE_RUN_SCRIPTS":""},"dockerRepository":"projects/calmify-388723/locations/europe-west1/repositories/gcf-artifacts","serviceAccount":"projects/calmify-388723/serviceAccounts/23546263069-compute@developer.gserviceaccount.com","automaticUpdatePolicy":{}},"serviceConfig":{"service":"projects/calmify-388723/locations/europe-west1/services/generateneuralaudio","timeoutSeconds":300,"environmentVariables":{"FIREBASE_CONFIG":"{\"projectId\":\"calmify-388723\",\"databaseURL\":\"https://calmify-388723-default-rtdb.europe-west1.firebasedatabase.app\",\"storageBucket\":\"calmify-388723.appspot.com\",\"locationId\":\"europe-west\"}","GCLOUD_PROJECT":"calmify-388723","EVENTARC_CLOUD_EVENT_SOURCE":"projects/calmify-388723/locations/europe-west1/services/generateNeuralAudio","FUNCTION_TARGET":"generateNeuralAudio","LOG_EXECUTION_ID":"true"},"maxInstanceCount":10,"ingressSettings":"ALLOW_ALL","serviceAccountEmail":"23546263069-compute@developer.gserviceaccount.com","availableMemory":"2Gi","allTrafficOnLatestRevision":true,"revision":"generateneuralaudio-00003-vis","maxInstanceRequestConcurrency":80,"availableCpu":"1"},"state":"ACTIVE","updateTime":"2025-07-26T00:53:41.137613863Z","labels":{"deployment-callable":"true","firebase-functions-hash":"e3c3043239e96fe9e0efd5b851afe2224867d51f","deployment-tool":"cli-firebase"},"environment":"GEN_2","url":"https://europe-west1-calmify-388723.cloudfunctions.net/generateNeuralAudio","createTime":"2025-07-26T00:13:23.407432773Z","satisfiesPzi":true}]}
[info] i  functions: ensuring required API run.googleapis.com is enabled... 
[info] i  functions: ensuring required API eventarc.googleapis.com is enabled... 
[info] i  functions: ensuring required API pubsub.googleapis.com is enabled... 
[info] i  functions: ensuring required API storage.googleapis.com is enabled... 
[info] i  functions: generating the service identity for pubsub.googleapis.com... 
[debug] [2025-07-26T00:57:05.633Z] Checked if tokens are valid: true, expires at: 1753493366920
[debug] [2025-07-26T00:57:05.633Z] Checked if tokens are valid: true, expires at: 1753493366920
[info] i  functions: generating the service identity for eventarc.googleapis.com... 
[debug] [2025-07-26T00:57:05.634Z] Checked if tokens are valid: true, expires at: 1753493366920
[debug] [2025-07-26T00:57:05.634Z] Checked if tokens are valid: true, expires at: 1753493366920
[debug] [2025-07-26T00:57:05.634Z] >>> [apiv2][query] POST https://serviceusage.googleapis.com/v1beta1/projects/23546263069/services/pubsub.googleapis.com:generateServiceIdentity [none]
[debug] [2025-07-26T00:57:05.634Z] >>> [apiv2][(partial)header] POST https://serviceusage.googleapis.com/v1beta1/projects/23546263069/services/pubsub.googleapis.com:generateServiceIdentity x-goog-quota-user=projects/23546263069
[debug] [2025-07-26T00:57:05.634Z] >>> [apiv2][body] POST https://serviceusage.googleapis.com/v1beta1/projects/23546263069/services/pubsub.googleapis.com:generateServiceIdentity {}
[debug] [2025-07-26T00:57:05.635Z] >>> [apiv2][query] POST https://serviceusage.googleapis.com/v1beta1/projects/23546263069/services/eventarc.googleapis.com:generateServiceIdentity [none]
[debug] [2025-07-26T00:57:05.635Z] >>> [apiv2][(partial)header] POST https://serviceusage.googleapis.com/v1beta1/projects/23546263069/services/eventarc.googleapis.com:generateServiceIdentity x-goog-quota-user=projects/23546263069
[debug] [2025-07-26T00:57:05.635Z] >>> [apiv2][body] POST https://serviceusage.googleapis.com/v1beta1/projects/23546263069/services/eventarc.googleapis.com:generateServiceIdentity {}
[debug] [2025-07-26T00:57:06.604Z] <<< [apiv2][status] POST https://serviceusage.googleapis.com/v1beta1/projects/23546263069/services/pubsub.googleapis.com:generateServiceIdentity 200
[debug] [2025-07-26T00:57:06.604Z] <<< [apiv2][body] POST https://serviceusage.googleapis.com/v1beta1/projects/23546263069/services/pubsub.googleapis.com:generateServiceIdentity {"name":"operations/finished.DONE_OPERATION","done":true,"response":{"@type":"type.googleapis.com/google.api.serviceusage.v1beta1.ServiceIdentity","email":"service-23546263069@gcp-sa-pubsub.iam.gserviceaccount.com","uniqueId":"114427670480394846887"}}
[debug] [2025-07-26T00:57:06.617Z] <<< [apiv2][status] POST https://serviceusage.googleapis.com/v1beta1/projects/23546263069/services/eventarc.googleapis.com:generateServiceIdentity 200
[debug] [2025-07-26T00:57:06.618Z] <<< [apiv2][body] POST https://serviceusage.googleapis.com/v1beta1/projects/23546263069/services/eventarc.googleapis.com:generateServiceIdentity {"name":"operations/finished.DONE_OPERATION","done":true,"response":{"@type":"type.googleapis.com/google.api.serviceusage.v1beta1.ServiceIdentity","email":"service-23546263069@gcp-sa-eventarc.iam.gserviceaccount.com","uniqueId":"100432387337492766778"}}
[debug] [2025-07-26T00:57:06.619Z] Checked if tokens are valid: true, expires at: 1753493366920
[debug] [2025-07-26T00:57:06.619Z] Checked if tokens are valid: true, expires at: 1753493366920
[debug] [2025-07-26T00:57:06.619Z] >>> [apiv2][query] GET https://cloudresourcemanager.googleapis.com/v1/projects/calmify-388723 [none]
[debug] [2025-07-26T00:57:06.805Z] <<< [apiv2][status] GET https://cloudresourcemanager.googleapis.com/v1/projects/calmify-388723 200
[debug] [2025-07-26T00:57:06.805Z] <<< [apiv2][body] GET https://cloudresourcemanager.googleapis.com/v1/projects/calmify-388723 {"projectNumber":"23546263069","projectId":"calmify-388723","lifecycleState":"ACTIVE","name":"Calmify","labels":{"firebase":"enabled"},"createTime":"2023-06-03T23:37:24.821569Z"}
[debug] [2025-07-26T00:57:06.805Z] Checked if tokens are valid: true, expires at: 1753493366920
[debug] [2025-07-26T00:57:06.805Z] Checked if tokens are valid: true, expires at: 1753493366920
[debug] [2025-07-26T00:57:06.805Z] >>> [apiv2][query] GET https://compute.googleapis.com/compute/v1/projects/23546263069 [none]
[debug] [2025-07-26T00:57:06.976Z] <<< [apiv2][status] GET https://compute.googleapis.com/compute/v1/projects/23546263069 403
[debug] [2025-07-26T00:57:06.976Z] <<< [apiv2][body] GET https://compute.googleapis.com/compute/v1/projects/23546263069 {"error":{"code":403,"message":"Compute Engine API has not been used in project 23546263069 before or it is disabled. Enable it by visiting https://console.developers.google.com/apis/api/compute.googleapis.com/overview?project=23546263069 then retry. If you enabled this API recently, wait a few minutes for the action to propagate to our systems and retry.","errors":[{"message":"Compute Engine API has not been used in project 23546263069 before or it is disabled. Enable it by visiting https://console.developers.google.com/apis/api/compute.googleapis.com/overview?project=23546263069 then retry. If you enabled this API recently, wait a few minutes for the action to propagate to our systems and retry.","domain":"usageLimits","reason":"accessNotConfigured","extendedHelp":"https://console.developers.google.com"}],"status":"PERMISSION_DENIED","details":[{"@type":"type.googleapis.com/google.rpc.ErrorInfo","reason":"SERVICE_DISABLED","domain":"googleapis.com","metadata":{"activationUrl":"https://console.developers.google.com/apis/api/compute.googleapis.com/overview?project=23546263069","serviceTitle":"Compute Engine API","consumer":"projects/23546263069","service":"compute.googleapis.com","containerInfo":"23546263069"}},{"@type":"type.googleapis.com/google.rpc.LocalizedMessage","locale":"en-US","message":"Compute Engine API has not been used in project 23546263069 before or it is disabled. Enable it by visiting https://console.developers.google.com/apis/api/compute.googleapis.com/overview?project=23546263069 then retry. If you enabled this API recently, wait a few minutes for the action to propagate to our systems and retry."},{"@type":"type.googleapis.com/google.rpc.Help","links":[{"description":"Google developers console API activation","url":"https://console.developers.google.com/apis/api/compute.googleapis.com/overview?project=23546263069"}]}]}}
[debug] [2025-07-26T00:57:06.976Z] unable to look up default compute service account. Falling back to 23546263069-compute@developer.gserviceaccount.com. Error: {"name":"FirebaseError","children":[],"context":{"body":{"error":{"code":403,"message":"Compute Engine API has not been used in project 23546263069 before or it is disabled. Enable it by visiting https://console.developers.google.com/apis/api/compute.googleapis.com/overview?project=23546263069 then retry. If you enabled this API recently, wait a few minutes for the action to propagate to our systems and retry.","errors":[{"message":"Compute Engine API has not been used in project 23546263069 before or it is disabled. Enable it by visiting https://console.developers.google.com/apis/api/compute.googleapis.com/overview?project=23546263069 then retry. If you enabled this API recently, wait a few minutes for the action to propagate to our systems and retry.","domain":"usageLimits","reason":"accessNotConfigured","extendedHelp":"https://console.developers.google.com"}],"status":"PERMISSION_DENIED","details":[{"@type":"type.googleapis.com/google.rpc.ErrorInfo","reason":"SERVICE_DISABLED","domain":"googleapis.com","metadata":{"activationUrl":"https://console.developers.google.com/apis/api/compute.googleapis.com/overview?project=23546263069","serviceTitle":"Compute Engine API","consumer":"projects/23546263069","service":"compute.googleapis.com","containerInfo":"23546263069"}},{"@type":"type.googleapis.com/google.rpc.LocalizedMessage","locale":"en-US","message":"Compute Engine API has not been used in project 23546263069 before or it is disabled. Enable it by visiting https://console.developers.google.com/apis/api/compute.googleapis.com/overview?project=23546263069 then retry. If you enabled this API recently, wait a few minutes for the action to propagate to our systems and retry."},{"@type":"type.googleapis.com/google.rpc.Help","links":[{"description":"Google developers console API activation","url":"https://console.developers.google.com/apis/api/compute.googleapis.com/overview?project=23546263069"}]}]}},"response":{"statusCode":403}},"exit":1,"message":"Request to https://compute.googleapis.com/compute/v1/projects/23546263069 had HTTP Error: 403, Compute Engine API has not been used in project 23546263069 before or it is disabled. Enable it by visiting https://console.developers.google.com/apis/api/compute.googleapis.com/overview?project=23546263069 then retry. If you enabled this API recently, wait a few minutes for the action to propagate to our systems and retry.","status":403}
[debug] [2025-07-26T00:57:06.977Z] Checked if tokens are valid: true, expires at: 1753493366920
[debug] [2025-07-26T00:57:06.977Z] Checked if tokens are valid: true, expires at: 1753493366920
[debug] [2025-07-26T00:57:06.977Z] >>> [apiv2][query] GET https://cloudbilling.googleapis.com/v1/projects/calmify-388723/billingInfo [none]
[debug] [2025-07-26T00:57:07.210Z] <<< [apiv2][status] GET https://cloudbilling.googleapis.com/v1/projects/calmify-388723/billingInfo 200
[debug] [2025-07-26T00:57:07.210Z] <<< [apiv2][body] GET https://cloudbilling.googleapis.com/v1/projects/calmify-388723/billingInfo {"name":"projects/calmify-388723/billingInfo","projectId":"calmify-388723","billingAccountName":"billingAccounts/0156A6-D63A20-D9CB53","billingEnabled":true}
[debug] [2025-07-26T00:57:07.211Z] Checked if tokens are valid: true, expires at: 1753493366920
[debug] [2025-07-26T00:57:07.211Z] Checked if tokens are valid: true, expires at: 1753493366920
[debug] [2025-07-26T00:57:07.211Z] >>> [apiv2][query] POST https://cloudfunctions.googleapis.com/v2/projects/calmify-388723/locations/europe-west1/functions:generateUploadUrl [none]
[debug] [2025-07-26T00:57:07.361Z] <<< [apiv2][status] POST https://cloudfunctions.googleapis.com/v2/projects/calmify-388723/locations/europe-west1/functions:generateUploadUrl 200
[debug] [2025-07-26T00:57:07.361Z] <<< [apiv2][body] POST https://cloudfunctions.googleapis.com/v2/projects/calmify-388723/locations/europe-west1/functions:generateUploadUrl {"uploadUrl":"https://storage.googleapis.com/gcf-v2-uploads-23546263069.europe-west1.cloudfunctions.appspot.com/dc7c7e59-482f-4b59-bc17-867c8182e8dd.zip?GoogleAccessId=service-23546263069@gcf-admin-robot.iam.gserviceaccount.com&Expires=1753493226&Signature=GwGnsLHYuP2D6my4LvSwiZSDg96Sk1OeTdchrp751GducGyGCSGbMkJ0NxxvycIW5Aj5mHKzGxg%2BOv%2F14o4f3G10F77PLnnLuCOfmNG1HJNy5S9FMSxLUIaNaKouvJMtD9gk6AHyzuBph%2FzgIveQ12qiXNAY95ERFG0CCRrYtBHPiYRlLZardGKMvczUUBeulZogBKDC68WCzymW9EazNiFtLgLE4VSEf8V%2By%2BJSZ1i1vd81cYwnOVid2r81oceNs4jFJBucseDOKguUky1CJmTIYDaXR68xp8N1IlzyN2uRrPuu%2BQnhouorvCL4AI3JKwNC1UwsCQ1cwpg3pGyFmA%3D%3D","storageSource":{"bucket":"gcf-v2-uploads-23546263069.europe-west1.cloudfunctions.appspot.com","object":"dc7c7e59-482f-4b59-bc17-867c8182e8dd.zip"}}
[debug] [2025-07-26T00:57:07.362Z] >>> [apiv2][query] PUT https://storage.googleapis.com/gcf-v2-uploads-23546263069.europe-west1.cloudfunctions.appspot.com/dc7c7e59-482f-4b59-bc17-867c8182e8dd.zip GoogleAccessId=service-23546263069%40gcf-admin-robot.iam.gserviceaccount.com&Expires=1753493226&Signature=GwGnsLHYuP2D6my4LvSwiZSDg96Sk1OeTdchrp751GducGyGCSGbMkJ0NxxvycIW5Aj5mHKzGxg%2BOv%2F14o4f3G10F77PLnnLuCOfmNG1HJNy5S9FMSxLUIaNaKouvJMtD9gk6AHyzuBph%2FzgIveQ12qiXNAY95ERFG0CCRrYtBHPiYRlLZardGKMvczUUBeulZogBKDC68WCzymW9EazNiFtLgLE4VSEf8V%2By%2BJSZ1i1vd81cYwnOVid2r81oceNs4jFJBucseDOKguUky1CJmTIYDaXR68xp8N1IlzyN2uRrPuu%2BQnhouorvCL4AI3JKwNC1UwsCQ1cwpg3pGyFmA%3D%3D
[debug] [2025-07-26T00:57:07.362Z] >>> [apiv2][body] PUT https://storage.googleapis.com/gcf-v2-uploads-23546263069.europe-west1.cloudfunctions.appspot.com/dc7c7e59-482f-4b59-bc17-867c8182e8dd.zip [stream]
[debug] [2025-07-26T00:57:07.607Z] <<< [apiv2][status] PUT https://storage.googleapis.com/gcf-v2-uploads-23546263069.europe-west1.cloudfunctions.appspot.com/dc7c7e59-482f-4b59-bc17-867c8182e8dd.zip 200
[debug] [2025-07-26T00:57:07.607Z] <<< [apiv2][body] PUT https://storage.googleapis.com/gcf-v2-uploads-23546263069.europe-west1.cloudfunctions.appspot.com/dc7c7e59-482f-4b59-bc17-867c8182e8dd.zip [omitted]
[info] +  functions: functions folder uploaded successfully 
[info] i  functions: updating Node.js 22 (2nd Gen) function generateNeuralAudio(europe-west1)... 
[debug] [2025-07-26T00:57:07.610Z] Checked if tokens are valid: true, expires at: 1753493366920
[debug] [2025-07-26T00:57:07.610Z] Checked if tokens are valid: true, expires at: 1753493366920
[debug] [2025-07-26T00:57:07.610Z] >>> [apiv2][query] PATCH https://cloudfunctions.googleapis.com/v2/projects/calmify-388723/locations/europe-west1/functions/generateNeuralAudio updateMask=name%2CbuildConfig.runtime%2CbuildConfig.entryPoint%2CbuildConfig.source.storageSource.bucket%2CbuildConfig.source.storageSource.object%2CbuildConfig.environmentVariables%2CbuildConfig.sourceToken%2CserviceConfig.environmentVariables%2CserviceConfig.ingressSettings%2CserviceConfig.timeoutSeconds%2CserviceConfig.serviceAccountEmail%2CserviceConfig.availableMemory%2CserviceConfig.minInstanceCount%2CserviceConfig.maxInstanceCount%2CserviceConfig.maxInstanceRequestConcurrency%2CserviceConfig.availableCpu%2CserviceConfig.vpcConnector%2CserviceConfig.vpcConnectorEgressSettings%2Clabels
[debug] [2025-07-26T00:57:07.610Z] >>> [apiv2][body] PATCH https://cloudfunctions.googleapis.com/v2/projects/calmify-388723/locations/europe-west1/functions/generateNeuralAudio {"name":"projects/calmify-388723/locations/europe-west1/functions/generateNeuralAudio","buildConfig":{"runtime":"nodejs22","entryPoint":"generateNeuralAudio","source":{"storageSource":{"bucket":"gcf-v2-uploads-23546263069.europe-west1.cloudfunctions.appspot.com","object":"dc7c7e59-482f-4b59-bc17-867c8182e8dd.zip"}},"environmentVariables":{"GOOGLE_NODE_RUN_SCRIPTS":""}},"serviceConfig":{"environmentVariables":{"FIREBASE_CONFIG":"{\"projectId\":\"calmify-388723\",\"databaseURL\":\"https://calmify-388723-default-rtdb.europe-west1.firebasedatabase.app\",\"storageBucket\":\"calmify-388723.appspot.com\",\"locationId\":\"europe-west\"}","GCLOUD_PROJECT":"calmify-388723","EVENTARC_CLOUD_EVENT_SOURCE":"projects/calmify-388723/locations/europe-west1/services/generateNeuralAudio","FUNCTION_TARGET":"generateNeuralAudio","LOG_EXECUTION_ID":"true"},"ingressSettings":null,"timeoutSeconds":300,"serviceAccountEmail":null,"availableMemory":"2Gi","minInstanceCount":null,"maxInstanceCount":10,"maxInstanceRequestConcurrency":80,"availableCpu":"1","vpcConnector":null,"vpcConnectorEgressSettings":null},"labels":{"deployment-tool":"cli-firebase","deployment-callable":"true","firebase-functions-hash":"e3c3043239e96fe9e0efd5b851afe2224867d51f"}}
[debug] [2025-07-26T00:57:08.495Z] <<< [apiv2][status] PATCH https://cloudfunctions.googleapis.com/v2/projects/calmify-388723/locations/europe-west1/functions/generateNeuralAudio 200
[debug] [2025-07-26T00:57:08.495Z] <<< [apiv2][body] PATCH https://cloudfunctions.googleapis.com/v2/projects/calmify-388723/locations/europe-west1/functions/generateNeuralAudio {"name":"projects/calmify-388723/locations/europe-west1/operations/operation-1753491426373-63aca8995f07a-ab31cae9-406b2e21","metadata":{"@type":"type.googleapis.com/google.cloud.functions.v2.OperationMetadata","createTime":"2025-07-26T00:57:07.164356604Z","target":"projects/calmify-388723/locations/europe-west1/functions/generateNeuralAudio","verb":"update","cancelRequested":false,"apiVersion":"v2"},"done":false}
[debug] [2025-07-26T00:57:08.495Z] Checked if tokens are valid: true, expires at: 1753493366920
[debug] [2025-07-26T00:57:08.495Z] Checked if tokens are valid: true, expires at: 1753493366920
[debug] [2025-07-26T00:57:08.495Z] >>> [apiv2][query] GET https://cloudfunctions.googleapis.com/v2/projects/calmify-388723/locations/europe-west1/operations/operation-1753491426373-63aca8995f07a-ab31cae9-406b2e21 [none]
[debug] [2025-07-26T00:57:08.592Z] <<< [apiv2][status] GET https://cloudfunctions.googleapis.com/v2/projects/calmify-388723/locations/europe-west1/operations/operation-1753491426373-63aca8995f07a-ab31cae9-406b2e21 200
[debug] [2025-07-26T00:57:08.592Z] <<< [apiv2][body] GET https://cloudfunctions.googleapis.com/v2/projects/calmify-388723/locations/europe-west1/operations/operation-1753491426373-63aca8995f07a-ab31cae9-406b2e21 {"name":"projects/calmify-388723/locations/europe-west1/operations/operation-1753491426373-63aca8995f07a-ab31cae9-406b2e21","metadata":{"@type":"type.googleapis.com/google.cloud.functions.v2.OperationMetadata","createTime":"2025-07-26T00:57:07.164356604Z","target":"projects/calmify-388723/locations/europe-west1/functions/generateNeuralAudio","verb":"update","cancelRequested":false,"apiVersion":"v2"},"done":false}
[debug] [2025-07-26T00:57:09.099Z] [update-default-europe-west1-generateNeuralAudio] Retrying task index 0
[debug] [2025-07-26T00:57:09.099Z] Checked if tokens are valid: true, expires at: 1753493366920
[debug] [2025-07-26T00:57:09.099Z] Checked if tokens are valid: true, expires at: 1753493366920
[debug] [2025-07-26T00:57:09.099Z] >>> [apiv2][query] GET https://cloudfunctions.googleapis.com/v2/projects/calmify-388723/locations/europe-west1/operations/operation-1753491426373-63aca8995f07a-ab31cae9-406b2e21 [none]
[debug] [2025-07-26T00:57:09.187Z] <<< [apiv2][status] GET https://cloudfunctions.googleapis.com/v2/projects/calmify-388723/locations/europe-west1/operations/operation-1753491426373-63aca8995f07a-ab31cae9-406b2e21 200
[debug] [2025-07-26T00:57:09.187Z] <<< [apiv2][body] GET https://cloudfunctions.googleapis.com/v2/projects/calmify-388723/locations/europe-west1/operations/operation-1753491426373-63aca8995f07a-ab31cae9-406b2e21 {"name":"projects/calmify-388723/locations/europe-west1/operations/operation-1753491426373-63aca8995f07a-ab31cae9-406b2e21","metadata":{"@type":"type.googleapis.com/google.cloud.functions.v2.OperationMetadata","createTime":"2025-07-26T00:57:07.164356604Z","target":"projects/calmify-388723/locations/europe-west1/functions/generateNeuralAudio","verb":"update","cancelRequested":false,"apiVersion":"v2","requestResource":{"@type":"type.googleapis.com/google.cloud.functions.v2.Function","name":"projects/calmify-388723/locations/europe-west1/functions/generateNeuralAudio","buildConfig":{"runtime":"nodejs22","entryPoint":"generateNeuralAudio","source":{"storageSource":{"bucket":"gcf-v2-sources-23546263069-europe-west1","object":"generateNeuralAudio/function-source.zip","generation":"1753491427125256"}},"environmentVariables":{"GOOGLE_NODE_RUN_SCRIPTS":""},"dockerRepository":"projects/calmify-388723/locations/europe-west1/repositories/gcf-artifacts","serviceAccount":"projects/calmify-388723/serviceAccounts/23546263069-compute@developer.gserviceaccount.com","automaticUpdatePolicy":{}},"serviceConfig":{"service":"projects/calmify-388723/locations/europe-west1/services/generateneuralaudio","timeoutSeconds":300,"environmentVariables":{"FIREBASE_CONFIG":"{\"projectId\":\"calmify-388723\",\"databaseURL\":\"https://calmify-388723-default-rtdb.europe-west1.firebasedatabase.app\",\"storageBucket\":\"calmify-388723.appspot.com\",\"locationId\":\"europe-west\"}","GCLOUD_PROJECT":"calmify-388723","EVENTARC_CLOUD_EVENT_SOURCE":"projects/calmify-388723/locations/europe-west1/services/generateNeuralAudio","FUNCTION_TARGET":"generateNeuralAudio","LOG_EXECUTION_ID":"true"},"maxInstanceCount":10,"ingressSettings":"ALLOW_ALL","serviceAccountEmail":"23546263069-compute@developer.gserviceaccount.com","availableMemory":"2Gi","allTrafficOnLatestRevision":true,"revision":"generateneuralaudio-00003-vis","maxInstanceRequestConcurrency":80,"availableCpu":"1"},"state":"ACTIVE","labels":{"deployment-tool":"cloudfunctions","deployment-callable":"true","firebase-functions-hash":"e3c3043239e96fe9e0efd5b851afe2224867d51f"},"environment":"GEN_2","url":"https://europe-west1-calmify-388723.cloudfunctions.net/generateNeuralAudio","satisfiesPzi":true},"stages":[{"name":"BUILD","state":"NOT_STARTED"},{"name":"SERVICE","state":"NOT_STARTED"}],"operationType":"UPDATE_FUNCTION"},"done":false}
[debug] [2025-07-26T00:57:10.195Z] [update-default-europe-west1-generateNeuralAudio] Retrying task index 0
[debug] [2025-07-26T00:57:10.195Z] Checked if tokens are valid: true, expires at: 1753493366920
[debug] [2025-07-26T00:57:10.195Z] Checked if tokens are valid: true, expires at: 1753493366920
[debug] [2025-07-26T00:57:10.196Z] >>> [apiv2][query] GET https://cloudfunctions.googleapis.com/v2/projects/calmify-388723/locations/europe-west1/operations/operation-1753491426373-63aca8995f07a-ab31cae9-406b2e21 [none]
[debug] [2025-07-26T00:57:10.273Z] <<< [apiv2][status] GET https://cloudfunctions.googleapis.com/v2/projects/calmify-388723/locations/europe-west1/operations/operation-1753491426373-63aca8995f07a-ab31cae9-406b2e21 200
[debug] [2025-07-26T00:57:10.274Z] <<< [apiv2][body] GET https://cloudfunctions.googleapis.com/v2/projects/calmify-388723/locations/europe-west1/operations/operation-1753491426373-63aca8995f07a-ab31cae9-406b2e21 {"name":"projects/calmify-388723/locations/europe-west1/operations/operation-1753491426373-63aca8995f07a-ab31cae9-406b2e21","metadata":{"@type":"type.googleapis.com/google.cloud.functions.v2.OperationMetadata","createTime":"2025-07-26T00:57:07.164356604Z","target":"projects/calmify-388723/locations/europe-west1/functions/generateNeuralAudio","verb":"update","cancelRequested":false,"apiVersion":"v2","requestResource":{"@type":"type.googleapis.com/google.cloud.functions.v2.Function","name":"projects/calmify-388723/locations/europe-west1/functions/generateNeuralAudio","buildConfig":{"runtime":"nodejs22","entryPoint":"generateNeuralAudio","source":{"storageSource":{"bucket":"gcf-v2-sources-23546263069-europe-west1","object":"generateNeuralAudio/function-source.zip","generation":"1753491427125256"}},"environmentVariables":{"GOOGLE_NODE_RUN_SCRIPTS":""},"dockerRepository":"projects/calmify-388723/locations/europe-west1/repositories/gcf-artifacts","serviceAccount":"projects/calmify-388723/serviceAccounts/23546263069-compute@developer.gserviceaccount.com","automaticUpdatePolicy":{}},"serviceConfig":{"service":"projects/calmify-388723/locations/europe-west1/services/generateneuralaudio","timeoutSeconds":300,"environmentVariables":{"FIREBASE_CONFIG":"{\"projectId\":\"calmify-388723\",\"databaseURL\":\"https://calmify-388723-default-rtdb.europe-west1.firebasedatabase.app\",\"storageBucket\":\"calmify-388723.appspot.com\",\"locationId\":\"europe-west\"}","GCLOUD_PROJECT":"calmify-388723","EVENTARC_CLOUD_EVENT_SOURCE":"projects/calmify-388723/locations/europe-west1/services/generateNeuralAudio","FUNCTION_TARGET":"generateNeuralAudio","LOG_EXECUTION_ID":"true"},"maxInstanceCount":10,"ingressSettings":"ALLOW_ALL","serviceAccountEmail":"23546263069-compute@developer.gserviceaccount.com","availableMemory":"2Gi","allTrafficOnLatestRevision":true,"revision":"generateneuralaudio-00003-vis","maxInstanceRequestConcurrency":80,"availableCpu":"1"},"state":"ACTIVE","labels":{"deployment-tool":"cloudfunctions","deployment-callable":"true","firebase-functions-hash":"e3c3043239e96fe9e0efd5b851afe2224867d51f"},"environment":"GEN_2","url":"https://europe-west1-calmify-388723.cloudfunctions.net/generateNeuralAudio","satisfiesPzi":true},"stages":[{"name":"BUILD","message":"Build in progress","state":"IN_PROGRESS","resource":"projects/23546263069/locations/europe-west1/builds/8894ab6a-020a-43d7-a9cb-d8df0689d2b4","resourceUri":"https://console.cloud.google.com/cloud-build/builds;region=europe-west1/8894ab6a-020a-43d7-a9cb-d8df0689d2b4?project=23546263069"},{"name":"SERVICE","state":"NOT_STARTED"}],"operationType":"UPDATE_FUNCTION","buildName":"projects/23546263069/locations/europe-west1/builds/8894ab6a-020a-43d7-a9cb-d8df0689d2b4"},"done":false}
[debug] [2025-07-26T00:57:12.282Z] [update-default-europe-west1-generateNeuralAudio] Retrying task index 0
[debug] [2025-07-26T00:57:12.282Z] Checked if tokens are valid: true, expires at: 1753493366920
[debug] [2025-07-26T00:57:12.282Z] Checked if tokens are valid: true, expires at: 1753493366920
[debug] [2025-07-26T00:57:12.283Z] >>> [apiv2][query] GET https://cloudfunctions.googleapis.com/v2/projects/calmify-388723/locations/europe-west1/operations/operation-1753491426373-63aca8995f07a-ab31cae9-406b2e21 [none]
[debug] [2025-07-26T00:57:12.331Z] <<< [apiv2][status] GET https://cloudfunctions.googleapis.com/v2/projects/calmify-388723/locations/europe-west1/operations/operation-1753491426373-63aca8995f07a-ab31cae9-406b2e21 200
[debug] [2025-07-26T00:57:12.331Z] <<< [apiv2][body] GET https://cloudfunctions.googleapis.com/v2/projects/calmify-388723/locations/europe-west1/operations/operation-1753491426373-63aca8995f07a-ab31cae9-406b2e21 {"name":"projects/calmify-388723/locations/europe-west1/operations/operation-1753491426373-63aca8995f07a-ab31cae9-406b2e21","metadata":{"@type":"type.googleapis.com/google.cloud.functions.v2.OperationMetadata","createTime":"2025-07-26T00:57:07.164356604Z","target":"projects/calmify-388723/locations/europe-west1/functions/generateNeuralAudio","verb":"update","cancelRequested":false,"apiVersion":"v2","requestResource":{"@type":"type.googleapis.com/google.cloud.functions.v2.Function","name":"projects/calmify-388723/locations/europe-west1/functions/generateNeuralAudio","buildConfig":{"runtime":"nodejs22","entryPoint":"generateNeuralAudio","source":{"storageSource":{"bucket":"gcf-v2-sources-23546263069-europe-west1","object":"generateNeuralAudio/function-source.zip","generation":"1753491427125256"}},"environmentVariables":{"GOOGLE_NODE_RUN_SCRIPTS":""},"dockerRepository":"projects/calmify-388723/locations/europe-west1/repositories/gcf-artifacts","serviceAccount":"projects/calmify-388723/serviceAccounts/23546263069-compute@developer.gserviceaccount.com","automaticUpdatePolicy":{}},"serviceConfig":{"service":"projects/calmify-388723/locations/europe-west1/services/generateneuralaudio","timeoutSeconds":300,"environmentVariables":{"FIREBASE_CONFIG":"{\"projectId\":\"calmify-388723\",\"databaseURL\":\"https://calmify-388723-default-rtdb.europe-west1.firebasedatabase.app\",\"storageBucket\":\"calmify-388723.appspot.com\",\"locationId\":\"europe-west\"}","GCLOUD_PROJECT":"calmify-388723","EVENTARC_CLOUD_EVENT_SOURCE":"projects/calmify-388723/locations/europe-west1/services/generateNeuralAudio","FUNCTION_TARGET":"generateNeuralAudio","LOG_EXECUTION_ID":"true"},"maxInstanceCount":10,"ingressSettings":"ALLOW_ALL","serviceAccountEmail":"23546263069-compute@developer.gserviceaccount.com","availableMemory":"2Gi","allTrafficOnLatestRevision":true,"revision":"generateneuralaudio-00003-vis","maxInstanceRequestConcurrency":80,"availableCpu":"1"},"state":"ACTIVE","labels":{"deployment-tool":"cloudfunctions","deployment-callable":"true","firebase-functions-hash":"e3c3043239e96fe9e0efd5b851afe2224867d51f"},"environment":"GEN_2","url":"https://europe-west1-calmify-388723.cloudfunctions.net/generateNeuralAudio","satisfiesPzi":true},"stages":[{"name":"BUILD","message":"Build in progress","state":"IN_PROGRESS","resource":"projects/23546263069/locations/europe-west1/builds/8894ab6a-020a-43d7-a9cb-d8df0689d2b4","resourceUri":"https://console.cloud.google.com/cloud-build/builds;region=europe-west1/8894ab6a-020a-43d7-a9cb-d8df0689d2b4?project=23546263069"},{"name":"SERVICE","state":"NOT_STARTED"}],"operationType":"UPDATE_FUNCTION","buildName":"projects/23546263069/locations/europe-west1/builds/8894ab6a-020a-43d7-a9cb-d8df0689d2b4"},"done":false}
[debug] [2025-07-26T00:57:16.333Z] [update-default-europe-west1-generateNeuralAudio] Retrying task index 0
[debug] [2025-07-26T00:57:16.333Z] Checked if tokens are valid: true, expires at: 1753493366920
[debug] [2025-07-26T00:57:16.333Z] Checked if tokens are valid: true, expires at: 1753493366920
[debug] [2025-07-26T00:57:16.333Z] >>> [apiv2][query] GET https://cloudfunctions.googleapis.com/v2/projects/calmify-388723/locations/europe-west1/operations/operation-1753491426373-63aca8995f07a-ab31cae9-406b2e21 [none]
[debug] [2025-07-26T00:57:16.428Z] <<< [apiv2][status] GET https://cloudfunctions.googleapis.com/v2/projects/calmify-388723/locations/europe-west1/operations/operation-1753491426373-63aca8995f07a-ab31cae9-406b2e21 200
[debug] [2025-07-26T00:57:16.428Z] <<< [apiv2][body] GET https://cloudfunctions.googleapis.com/v2/projects/calmify-388723/locations/europe-west1/operations/operation-1753491426373-63aca8995f07a-ab31cae9-406b2e21 {"name":"projects/calmify-388723/locations/europe-west1/operations/operation-1753491426373-63aca8995f07a-ab31cae9-406b2e21","metadata":{"@type":"type.googleapis.com/google.cloud.functions.v2.OperationMetadata","createTime":"2025-07-26T00:57:07.164356604Z","target":"projects/calmify-388723/locations/europe-west1/functions/generateNeuralAudio","verb":"update","cancelRequested":false,"apiVersion":"v2","requestResource":{"@type":"type.googleapis.com/google.cloud.functions.v2.Function","name":"projects/calmify-388723/locations/europe-west1/functions/generateNeuralAudio","buildConfig":{"runtime":"nodejs22","entryPoint":"generateNeuralAudio","source":{"storageSource":{"bucket":"gcf-v2-sources-23546263069-europe-west1","object":"generateNeuralAudio/function-source.zip","generation":"1753491427125256"}},"environmentVariables":{"GOOGLE_NODE_RUN_SCRIPTS":""},"dockerRepository":"projects/calmify-388723/locations/europe-west1/repositories/gcf-artifacts","serviceAccount":"projects/calmify-388723/serviceAccounts/23546263069-compute@developer.gserviceaccount.com","automaticUpdatePolicy":{}},"serviceConfig":{"service":"projects/calmify-388723/locations/europe-west1/services/generateneuralaudio","timeoutSeconds":300,"environmentVariables":{"FIREBASE_CONFIG":"{\"projectId\":\"calmify-388723\",\"databaseURL\":\"https://calmify-388723-default-rtdb.europe-west1.firebasedatabase.app\",\"storageBucket\":\"calmify-388723.appspot.com\",\"locationId\":\"europe-west\"}","GCLOUD_PROJECT":"calmify-388723","EVENTARC_CLOUD_EVENT_SOURCE":"projects/calmify-388723/locations/europe-west1/services/generateNeuralAudio","FUNCTION_TARGET":"generateNeuralAudio","LOG_EXECUTION_ID":"true"},"maxInstanceCount":10,"ingressSettings":"ALLOW_ALL","serviceAccountEmail":"23546263069-compute@developer.gserviceaccount.com","availableMemory":"2Gi","allTrafficOnLatestRevision":true,"revision":"generateneuralaudio-00003-vis","maxInstanceRequestConcurrency":80,"availableCpu":"1"},"state":"ACTIVE","labels":{"deployment-tool":"cloudfunctions","deployment-callable":"true","firebase-functions-hash":"e3c3043239e96fe9e0efd5b851afe2224867d51f"},"environment":"GEN_2","url":"https://europe-west1-calmify-388723.cloudfunctions.net/generateNeuralAudio","satisfiesPzi":true},"stages":[{"name":"BUILD","message":"Build in progress","state":"IN_PROGRESS","resource":"projects/23546263069/locations/europe-west1/builds/8894ab6a-020a-43d7-a9cb-d8df0689d2b4","resourceUri":"https://console.cloud.google.com/cloud-build/builds;region=europe-west1/8894ab6a-020a-43d7-a9cb-d8df0689d2b4?project=23546263069"},{"name":"SERVICE","state":"NOT_STARTED"}],"operationType":"UPDATE_FUNCTION","buildName":"projects/23546263069/locations/europe-west1/builds/8894ab6a-020a-43d7-a9cb-d8df0689d2b4"},"done":false}
[debug] [2025-07-26T00:57:24.439Z] [update-default-europe-west1-generateNeuralAudio] Retrying task index 0
[debug] [2025-07-26T00:57:24.439Z] Checked if tokens are valid: true, expires at: 1753493366920
[debug] [2025-07-26T00:57:24.439Z] Checked if tokens are valid: true, expires at: 1753493366920
[debug] [2025-07-26T00:57:24.440Z] >>> [apiv2][query] GET https://cloudfunctions.googleapis.com/v2/projects/calmify-388723/locations/europe-west1/operations/operation-1753491426373-63aca8995f07a-ab31cae9-406b2e21 [none]
[debug] [2025-07-26T00:57:24.567Z] <<< [apiv2][status] GET https://cloudfunctions.googleapis.com/v2/projects/calmify-388723/locations/europe-west1/operations/operation-1753491426373-63aca8995f07a-ab31cae9-406b2e21 200
[debug] [2025-07-26T00:57:24.567Z] <<< [apiv2][body] GET https://cloudfunctions.googleapis.com/v2/projects/calmify-388723/locations/europe-west1/operations/operation-1753491426373-63aca8995f07a-ab31cae9-406b2e21 {"name":"projects/calmify-388723/locations/europe-west1/operations/operation-1753491426373-63aca8995f07a-ab31cae9-406b2e21","metadata":{"@type":"type.googleapis.com/google.cloud.functions.v2.OperationMetadata","createTime":"2025-07-26T00:57:07.164356604Z","target":"projects/calmify-388723/locations/europe-west1/functions/generateNeuralAudio","verb":"update","cancelRequested":false,"apiVersion":"v2","requestResource":{"@type":"type.googleapis.com/google.cloud.functions.v2.Function","name":"projects/calmify-388723/locations/europe-west1/functions/generateNeuralAudio","buildConfig":{"runtime":"nodejs22","entryPoint":"generateNeuralAudio","source":{"storageSource":{"bucket":"gcf-v2-sources-23546263069-europe-west1","object":"generateNeuralAudio/function-source.zip","generation":"1753491427125256"}},"environmentVariables":{"GOOGLE_NODE_RUN_SCRIPTS":""},"dockerRepository":"projects/calmify-388723/locations/europe-west1/repositories/gcf-artifacts","serviceAccount":"projects/calmify-388723/serviceAccounts/23546263069-compute@developer.gserviceaccount.com","automaticUpdatePolicy":{}},"serviceConfig":{"service":"projects/calmify-388723/locations/europe-west1/services/generateneuralaudio","timeoutSeconds":300,"environmentVariables":{"FIREBASE_CONFIG":"{\"projectId\":\"calmify-388723\",\"databaseURL\":\"https://calmify-388723-default-rtdb.europe-west1.firebasedatabase.app\",\"storageBucket\":\"calmify-388723.appspot.com\",\"locationId\":\"europe-west\"}","GCLOUD_PROJECT":"calmify-388723","EVENTARC_CLOUD_EVENT_SOURCE":"projects/calmify-388723/locations/europe-west1/services/generateNeuralAudio","FUNCTION_TARGET":"generateNeuralAudio","LOG_EXECUTION_ID":"true"},"maxInstanceCount":10,"ingressSettings":"ALLOW_ALL","serviceAccountEmail":"23546263069-compute@developer.gserviceaccount.com","availableMemory":"2Gi","allTrafficOnLatestRevision":true,"revision":"generateneuralaudio-00003-vis","maxInstanceRequestConcurrency":80,"availableCpu":"1"},"state":"ACTIVE","labels":{"deployment-tool":"cloudfunctions","deployment-callable":"true","firebase-functions-hash":"e3c3043239e96fe9e0efd5b851afe2224867d51f"},"environment":"GEN_2","url":"https://europe-west1-calmify-388723.cloudfunctions.net/generateNeuralAudio","satisfiesPzi":true},"stages":[{"name":"BUILD","message":"Build in progress","state":"IN_PROGRESS","resource":"projects/23546263069/locations/europe-west1/builds/8894ab6a-020a-43d7-a9cb-d8df0689d2b4","resourceUri":"https://console.cloud.google.com/cloud-build/builds;region=europe-west1/8894ab6a-020a-43d7-a9cb-d8df0689d2b4?project=23546263069"},{"name":"SERVICE","state":"NOT_STARTED"}],"operationType":"UPDATE_FUNCTION","buildName":"projects/23546263069/locations/europe-west1/builds/8894ab6a-020a-43d7-a9cb-d8df0689d2b4"},"done":false}
[debug] [2025-07-26T00:57:34.570Z] [update-default-europe-west1-generateNeuralAudio] Retrying task index 0
[debug] [2025-07-26T00:57:34.570Z] Checked if tokens are valid: true, expires at: 1753493366920
[debug] [2025-07-26T00:57:34.570Z] Checked if tokens are valid: true, expires at: 1753493366920
[debug] [2025-07-26T00:57:34.570Z] >>> [apiv2][query] GET https://cloudfunctions.googleapis.com/v2/projects/calmify-388723/locations/europe-west1/operations/operation-1753491426373-63aca8995f07a-ab31cae9-406b2e21 [none]
[debug] [2025-07-26T00:57:34.691Z] <<< [apiv2][status] GET https://cloudfunctions.googleapis.com/v2/projects/calmify-388723/locations/europe-west1/operations/operation-1753491426373-63aca8995f07a-ab31cae9-406b2e21 200
[debug] [2025-07-26T00:57:34.692Z] <<< [apiv2][body] GET https://cloudfunctions.googleapis.com/v2/projects/calmify-388723/locations/europe-west1/operations/operation-1753491426373-63aca8995f07a-ab31cae9-406b2e21 {"name":"projects/calmify-388723/locations/europe-west1/operations/operation-1753491426373-63aca8995f07a-ab31cae9-406b2e21","metadata":{"@type":"type.googleapis.com/google.cloud.functions.v2.OperationMetadata","createTime":"2025-07-26T00:57:07.164356604Z","target":"projects/calmify-388723/locations/europe-west1/functions/generateNeuralAudio","verb":"update","cancelRequested":false,"apiVersion":"v2","requestResource":{"@type":"type.googleapis.com/google.cloud.functions.v2.Function","name":"projects/calmify-388723/locations/europe-west1/functions/generateNeuralAudio","buildConfig":{"runtime":"nodejs22","entryPoint":"generateNeuralAudio","source":{"storageSource":{"bucket":"gcf-v2-sources-23546263069-europe-west1","object":"generateNeuralAudio/function-source.zip","generation":"1753491427125256"}},"environmentVariables":{"GOOGLE_NODE_RUN_SCRIPTS":""},"dockerRepository":"projects/calmify-388723/locations/europe-west1/repositories/gcf-artifacts","serviceAccount":"projects/calmify-388723/serviceAccounts/23546263069-compute@developer.gserviceaccount.com","automaticUpdatePolicy":{}},"serviceConfig":{"service":"projects/calmify-388723/locations/europe-west1/services/generateneuralaudio","timeoutSeconds":300,"environmentVariables":{"FIREBASE_CONFIG":"{\"projectId\":\"calmify-388723\",\"databaseURL\":\"https://calmify-388723-default-rtdb.europe-west1.firebasedatabase.app\",\"storageBucket\":\"calmify-388723.appspot.com\",\"locationId\":\"europe-west\"}","GCLOUD_PROJECT":"calmify-388723","EVENTARC_CLOUD_EVENT_SOURCE":"projects/calmify-388723/locations/europe-west1/services/generateNeuralAudio","FUNCTION_TARGET":"generateNeuralAudio","LOG_EXECUTION_ID":"true"},"maxInstanceCount":10,"ingressSettings":"ALLOW_ALL","serviceAccountEmail":"23546263069-compute@developer.gserviceaccount.com","availableMemory":"2Gi","allTrafficOnLatestRevision":true,"revision":"generateneuralaudio-00003-vis","maxInstanceRequestConcurrency":80,"availableCpu":"1"},"state":"ACTIVE","labels":{"deployment-tool":"cloudfunctions","deployment-callable":"true","firebase-functions-hash":"e3c3043239e96fe9e0efd5b851afe2224867d51f"},"environment":"GEN_2","url":"https://europe-west1-calmify-388723.cloudfunctions.net/generateNeuralAudio","satisfiesPzi":true},"stages":[{"name":"BUILD","message":"Build in progress","state":"IN_PROGRESS","resource":"projects/23546263069/locations/europe-west1/builds/8894ab6a-020a-43d7-a9cb-d8df0689d2b4","resourceUri":"https://console.cloud.google.com/cloud-build/builds;region=europe-west1/8894ab6a-020a-43d7-a9cb-d8df0689d2b4?project=23546263069"},{"name":"SERVICE","state":"NOT_STARTED"}],"operationType":"UPDATE_FUNCTION","buildName":"projects/23546263069/locations/europe-west1/builds/8894ab6a-020a-43d7-a9cb-d8df0689d2b4"},"done":false}
[debug] [2025-07-26T00:57:44.695Z] [update-default-europe-west1-generateNeuralAudio] Retrying task index 0
[debug] [2025-07-26T00:57:44.696Z] Checked if tokens are valid: true, expires at: 1753493366920
[debug] [2025-07-26T00:57:44.696Z] Checked if tokens are valid: true, expires at: 1753493366920
[debug] [2025-07-26T00:57:44.696Z] >>> [apiv2][query] GET https://cloudfunctions.googleapis.com/v2/projects/calmify-388723/locations/europe-west1/operations/operation-1753491426373-63aca8995f07a-ab31cae9-406b2e21 [none]
[debug] [2025-07-26T00:57:44.810Z] <<< [apiv2][status] GET https://cloudfunctions.googleapis.com/v2/projects/calmify-388723/locations/europe-west1/operations/operation-1753491426373-63aca8995f07a-ab31cae9-406b2e21 200
[debug] [2025-07-26T00:57:44.810Z] <<< [apiv2][body] GET https://cloudfunctions.googleapis.com/v2/projects/calmify-388723/locations/europe-west1/operations/operation-1753491426373-63aca8995f07a-ab31cae9-406b2e21 {"name":"projects/calmify-388723/locations/europe-west1/operations/operation-1753491426373-63aca8995f07a-ab31cae9-406b2e21","metadata":{"@type":"type.googleapis.com/google.cloud.functions.v2.OperationMetadata","createTime":"2025-07-26T00:57:07.164356604Z","target":"projects/calmify-388723/locations/europe-west1/functions/generateNeuralAudio","verb":"update","cancelRequested":false,"apiVersion":"v2","requestResource":{"@type":"type.googleapis.com/google.cloud.functions.v2.Function","name":"projects/calmify-388723/locations/europe-west1/functions/generateNeuralAudio","buildConfig":{"runtime":"nodejs22","entryPoint":"generateNeuralAudio","source":{"storageSource":{"bucket":"gcf-v2-sources-23546263069-europe-west1","object":"generateNeuralAudio/function-source.zip","generation":"1753491427125256"}},"environmentVariables":{"GOOGLE_NODE_RUN_SCRIPTS":""},"dockerRepository":"projects/calmify-388723/locations/europe-west1/repositories/gcf-artifacts","serviceAccount":"projects/calmify-388723/serviceAccounts/23546263069-compute@developer.gserviceaccount.com","automaticUpdatePolicy":{}},"serviceConfig":{"service":"projects/calmify-388723/locations/europe-west1/services/generateneuralaudio","timeoutSeconds":300,"environmentVariables":{"FIREBASE_CONFIG":"{\"projectId\":\"calmify-388723\",\"databaseURL\":\"https://calmify-388723-default-rtdb.europe-west1.firebasedatabase.app\",\"storageBucket\":\"calmify-388723.appspot.com\",\"locationId\":\"europe-west\"}","GCLOUD_PROJECT":"calmify-388723","EVENTARC_CLOUD_EVENT_SOURCE":"projects/calmify-388723/locations/europe-west1/services/generateNeuralAudio","FUNCTION_TARGET":"generateNeuralAudio","LOG_EXECUTION_ID":"true"},"maxInstanceCount":10,"ingressSettings":"ALLOW_ALL","serviceAccountEmail":"23546263069-compute@developer.gserviceaccount.com","availableMemory":"2Gi","allTrafficOnLatestRevision":true,"revision":"generateneuralaudio-00003-vis","maxInstanceRequestConcurrency":80,"availableCpu":"1"},"state":"ACTIVE","labels":{"deployment-tool":"cloudfunctions","deployment-callable":"true","firebase-functions-hash":"e3c3043239e96fe9e0efd5b851afe2224867d51f"},"environment":"GEN_2","url":"https://europe-west1-calmify-388723.cloudfunctions.net/generateNeuralAudio","satisfiesPzi":true},"stages":[{"name":"BUILD","message":"Build in progress","state":"IN_PROGRESS","resource":"projects/23546263069/locations/europe-west1/builds/8894ab6a-020a-43d7-a9cb-d8df0689d2b4","resourceUri":"https://console.cloud.google.com/cloud-build/builds;region=europe-west1/8894ab6a-020a-43d7-a9cb-d8df0689d2b4?project=23546263069"},{"name":"SERVICE","state":"NOT_STARTED"}],"operationType":"UPDATE_FUNCTION","buildName":"projects/23546263069/locations/europe-west1/builds/8894ab6a-020a-43d7-a9cb-d8df0689d2b4"},"done":false}
[debug] [2025-07-26T00:57:54.821Z] [update-default-europe-west1-generateNeuralAudio] Retrying task index 0
[debug] [2025-07-26T00:57:54.822Z] Checked if tokens are valid: true, expires at: 1753493366920
[debug] [2025-07-26T00:57:54.822Z] Checked if tokens are valid: true, expires at: 1753493366920
[debug] [2025-07-26T00:57:54.822Z] >>> [apiv2][query] GET https://cloudfunctions.googleapis.com/v2/projects/calmify-388723/locations/europe-west1/operations/operation-1753491426373-63aca8995f07a-ab31cae9-406b2e21 [none]
[debug] [2025-07-26T00:57:54.949Z] <<< [apiv2][status] GET https://cloudfunctions.googleapis.com/v2/projects/calmify-388723/locations/europe-west1/operations/operation-1753491426373-63aca8995f07a-ab31cae9-406b2e21 200
[debug] [2025-07-26T00:57:54.949Z] <<< [apiv2][body] GET https://cloudfunctions.googleapis.com/v2/projects/calmify-388723/locations/europe-west1/operations/operation-1753491426373-63aca8995f07a-ab31cae9-406b2e21 {"name":"projects/calmify-388723/locations/europe-west1/operations/operation-1753491426373-63aca8995f07a-ab31cae9-406b2e21","metadata":{"@type":"type.googleapis.com/google.cloud.functions.v2.OperationMetadata","createTime":"2025-07-26T00:57:07.164356604Z","target":"projects/calmify-388723/locations/europe-west1/functions/generateNeuralAudio","verb":"update","cancelRequested":false,"apiVersion":"v2","requestResource":{"@type":"type.googleapis.com/google.cloud.functions.v2.Function","name":"projects/calmify-388723/locations/europe-west1/functions/generateNeuralAudio","buildConfig":{"runtime":"nodejs22","entryPoint":"generateNeuralAudio","source":{"storageSource":{"bucket":"gcf-v2-sources-23546263069-europe-west1","object":"generateNeuralAudio/function-source.zip","generation":"1753491427125256"}},"environmentVariables":{"GOOGLE_NODE_RUN_SCRIPTS":""},"dockerRepository":"projects/calmify-388723/locations/europe-west1/repositories/gcf-artifacts","serviceAccount":"projects/calmify-388723/serviceAccounts/23546263069-compute@developer.gserviceaccount.com","automaticUpdatePolicy":{}},"serviceConfig":{"service":"projects/calmify-388723/locations/europe-west1/services/generateneuralaudio","timeoutSeconds":300,"environmentVariables":{"FIREBASE_CONFIG":"{\"projectId\":\"calmify-388723\",\"databaseURL\":\"https://calmify-388723-default-rtdb.europe-west1.firebasedatabase.app\",\"storageBucket\":\"calmify-388723.appspot.com\",\"locationId\":\"europe-west\"}","GCLOUD_PROJECT":"calmify-388723","EVENTARC_CLOUD_EVENT_SOURCE":"projects/calmify-388723/locations/europe-west1/services/generateNeuralAudio","FUNCTION_TARGET":"generateNeuralAudio","LOG_EXECUTION_ID":"true"},"maxInstanceCount":10,"ingressSettings":"ALLOW_ALL","serviceAccountEmail":"23546263069-compute@developer.gserviceaccount.com","availableMemory":"2Gi","allTrafficOnLatestRevision":true,"revision":"generateneuralaudio-00003-vis","maxInstanceRequestConcurrency":80,"availableCpu":"1"},"state":"ACTIVE","labels":{"deployment-tool":"cloudfunctions","deployment-callable":"true","firebase-functions-hash":"e3c3043239e96fe9e0efd5b851afe2224867d51f"},"environment":"GEN_2","url":"https://europe-west1-calmify-388723.cloudfunctions.net/generateNeuralAudio","satisfiesPzi":true},"stages":[{"name":"BUILD","message":"Build finished","state":"COMPLETE","resource":"projects/23546263069/locations/europe-west1/builds/8894ab6a-020a-43d7-a9cb-d8df0689d2b4","resourceUri":"https://console.cloud.google.com/cloud-build/builds;region=europe-west1/8894ab6a-020a-43d7-a9cb-d8df0689d2b4?project=23546263069"},{"name":"SERVICE","message":"Updating Cloud Run service","state":"IN_PROGRESS","resource":"projects/calmify-388723/locations/europe-west1/services/generateneuralaudio","resourceUri":"https://console.cloud.google.com/run/detail/europe-west1/generateneuralaudio?project=calmify-388723","stateMessages":[{"severity":"INFO","type":"CloudRunServiceNewRevisionTrafficInfo","message":"A new revision will be deployed serving with 100% traffic."}]}],"sourceToken":"Cldwcm9qZWN0cy8yMzU0NjI2MzA2OS9sb2NhdGlvbnMvZXVyb3BlLXdlc3QxL2J1aWxkcy84ODk0YWI2YS0wMjBhLTQzZDctYTljYi1kOGRmMDY4OWQyYjQSeGV1cm9wZS13ZXN0MS1kb2NrZXIucGtnLmRldi9jYWxtaWZ5LTM4ODcyMy9nY2YtYXJ0aWZhY3RzL2NhbG1pZnktLTM4ODcyM19fZXVyb3BlLS13ZXN0MV9fZ2VuZXJhdGVfbmV1cmFsX2F1ZGlvOnZlcnNpb25fMRid7N3bVyJMcHJvamVjdHMvY2FsbWlmeS0zODg3MjMvbG9jYXRpb25zL2V1cm9wZS13ZXN0MS9mdW5jdGlvbnMvZ2VuZXJhdGVOZXVyYWxBdWRpbyoMCI/QkMQGEMCm6bABMghub2RlanMyMjp3CiNnY3IuaW8vZ2FlLXJ1bnRpbWVzL25vZGVqczIyOnN0YWJsZRJQZXVyb3BlLXdlc3QxLWRvY2tlci5wa2cuZGV2L3NlcnZlcmxlc3MtcnVudGltZXMvZ29vZ2xlLTIyLWZ1bGwvcnVudGltZXMvbm9kZWpzMjJAAQ==","operationType":"UPDATE_FUNCTION","buildName":"projects/23546263069/locations/europe-west1/builds/8894ab6a-020a-43d7-a9cb-d8df0689d2b4"},"done":false}
[debug] [2025-07-26T00:57:54.949Z] Got source token Cldwcm9qZWN0cy8yMzU0NjI2MzA2OS9sb2NhdGlvbnMvZXVyb3BlLXdlc3QxL2J1aWxkcy84ODk0YWI2YS0wMjBhLTQzZDctYTljYi1kOGRmMDY4OWQyYjQSeGV1cm9wZS13ZXN0MS1kb2NrZXIucGtnLmRldi9jYWxtaWZ5LTM4ODcyMy9nY2YtYXJ0aWZhY3RzL2NhbG1pZnktLTM4ODcyM19fZXVyb3BlLS13ZXN0MV9fZ2VuZXJhdGVfbmV1cmFsX2F1ZGlvOnZlcnNpb25fMRid7N3bVyJMcHJvamVjdHMvY2FsbWlmeS0zODg3MjMvbG9jYXRpb25zL2V1cm9wZS13ZXN0MS9mdW5jdGlvbnMvZ2VuZXJhdGVOZXVyYWxBdWRpbyoMCI/QkMQGEMCm6bABMghub2RlanMyMjp3CiNnY3IuaW8vZ2FlLXJ1bnRpbWVzL25vZGVqczIyOnN0YWJsZRJQZXVyb3BlLXdlc3QxLWRvY2tlci5wa2cuZGV2L3NlcnZlcmxlc3MtcnVudGltZXMvZ29vZ2xlLTIyLWZ1bGwvcnVudGltZXMvbm9kZWpzMjJAAQ== for region europe-west1
[debug] [2025-07-26T00:58:04.962Z] [update-default-europe-west1-generateNeuralAudio] Retrying task index 0
[debug] [2025-07-26T00:58:04.962Z] Checked if tokens are valid: true, expires at: 1753493366920
[debug] [2025-07-26T00:58:04.962Z] Checked if tokens are valid: true, expires at: 1753493366920
[debug] [2025-07-26T00:58:04.962Z] >>> [apiv2][query] GET https://cloudfunctions.googleapis.com/v2/projects/calmify-388723/locations/europe-west1/operations/operation-1753491426373-63aca8995f07a-ab31cae9-406b2e21 [none]
[debug] [2025-07-26T00:58:05.106Z] <<< [apiv2][status] GET https://cloudfunctions.googleapis.com/v2/projects/calmify-388723/locations/europe-west1/operations/operation-1753491426373-63aca8995f07a-ab31cae9-406b2e21 200
[debug] [2025-07-26T00:58:05.107Z] <<< [apiv2][body] GET https://cloudfunctions.googleapis.com/v2/projects/calmify-388723/locations/europe-west1/operations/operation-1753491426373-63aca8995f07a-ab31cae9-406b2e21 {"name":"projects/calmify-388723/locations/europe-west1/operations/operation-1753491426373-63aca8995f07a-ab31cae9-406b2e21","metadata":{"@type":"type.googleapis.com/google.cloud.functions.v2.OperationMetadata","createTime":"2025-07-26T00:57:07.164356604Z","endTime":"2025-07-26T00:58:00.271252444Z","target":"projects/calmify-388723/locations/europe-west1/functions/generateNeuralAudio","verb":"update","cancelRequested":false,"apiVersion":"v2","requestResource":{"@type":"type.googleapis.com/google.cloud.functions.v2.Function","name":"projects/calmify-388723/locations/europe-west1/functions/generateNeuralAudio","buildConfig":{"runtime":"nodejs22","entryPoint":"generateNeuralAudio","source":{"storageSource":{"bucket":"gcf-v2-sources-23546263069-europe-west1","object":"generateNeuralAudio/function-source.zip","generation":"1753491427125256"}},"environmentVariables":{"GOOGLE_NODE_RUN_SCRIPTS":""},"dockerRepository":"projects/calmify-388723/locations/europe-west1/repositories/gcf-artifacts","serviceAccount":"projects/calmify-388723/serviceAccounts/23546263069-compute@developer.gserviceaccount.com","automaticUpdatePolicy":{}},"serviceConfig":{"service":"projects/calmify-388723/locations/europe-west1/services/generateneuralaudio","timeoutSeconds":300,"environmentVariables":{"FIREBASE_CONFIG":"{\"projectId\":\"calmify-388723\",\"databaseURL\":\"https://calmify-388723-default-rtdb.europe-west1.firebasedatabase.app\",\"storageBucket\":\"calmify-388723.appspot.com\",\"locationId\":\"europe-west\"}","GCLOUD_PROJECT":"calmify-388723","EVENTARC_CLOUD_EVENT_SOURCE":"projects/calmify-388723/locations/europe-west1/services/generateNeuralAudio","FUNCTION_TARGET":"generateNeuralAudio","LOG_EXECUTION_ID":"true"},"maxInstanceCount":10,"ingressSettings":"ALLOW_ALL","serviceAccountEmail":"23546263069-compute@developer.gserviceaccount.com","availableMemory":"2Gi","allTrafficOnLatestRevision":true,"revision":"generateneuralaudio-00003-vis","maxInstanceRequestConcurrency":80,"availableCpu":"1"},"state":"ACTIVE","labels":{"deployment-tool":"cloudfunctions","deployment-callable":"true","firebase-functions-hash":"e3c3043239e96fe9e0efd5b851afe2224867d51f"},"environment":"GEN_2","url":"https://europe-west1-calmify-388723.cloudfunctions.net/generateNeuralAudio","satisfiesPzi":true},"stages":[{"name":"SERVICE","state":"NOT_STARTED"}],"operationType":"UPDATE_FUNCTION"},"done":true,"error":{"code":3,"message":"Could not create or update Cloud Run service generateneuralaudio, Container Healthcheck failed. Revision 'generateneuralaudio-00004-sal' is not ready and cannot serve traffic. The user-provided container failed to start and listen on the port defined provided by the PORT=8080 environment variable within the allocated timeout. This can happen when the container port is misconfigured or if the timeout is too short. The health check timeout can be extended. Logs for this revision might contain more information.\n\nLogs URL: https://console.cloud.google.com/logs/viewer?project=calmify-388723&resource=cloud_run_revision/service_name/generateneuralaudio/revision_name/generateneuralaudio-00004-sal&advancedFilter=resource.type%3D%22cloud_run_revision%22%0Aresource.labels.service_name%3D%22generateneuralaudio%22%0Aresource.labels.revision_name%3D%22generateneuralaudio-00004-sal%22 \nFor more troubleshooting guidance, see https://cloud.google.com/run/docs/troubleshooting#container-failed-to-start"}}
[debug] [2025-07-26T00:58:05.107Z] Got source token undefined for region europe-west1
[error] Could not create or update Cloud Run service generateneuralaudio, Container Healthcheck failed. Revision 'generateneuralaudio-00004-sal' is not ready and cannot serve traffic. The user-provided container failed to start and listen on the port defined provided by the PORT=8080 environment variable within the allocated timeout. This can happen when the container port is misconfigured or if the timeout is too short. The health check timeout can be extended. Logs for this revision might contain more information.

Logs URL: https://console.cloud.google.com/logs/viewer?project=calmify-388723&resource=cloud_run_revision/service_name/generateneuralaudio/revision_name/generateneuralaudio-00004-sal&advancedFilter=resource.type%3D%22cloud_run_revision%22%0Aresource.labels.service_name%3D%22generateneuralaudio%22%0Aresource.labels.revision_name%3D%22generateneuralaudio-00004-sal%22 
For more troubleshooting guidance, see https://cloud.google.com/run/docs/troubleshooting#container-failed-to-start
[debug] [2025-07-26T00:58:05.110Z] Total Function Deployment time: 57499
[debug] [2025-07-26T00:58:05.111Z] 1 Functions Deployed
[debug] [2025-07-26T00:58:05.111Z] 1 Functions Errored
[debug] [2025-07-26T00:58:05.111Z] 0 Function Deployments Aborted
[debug] [2025-07-26T00:58:05.111Z] Average Function Deployment time: 57498
[info] 
[info] Functions deploy had errors with the following functions:
	generateNeuralAudio(europe-west1)
[debug] [2025-07-26T00:58:05.167Z] Checked if tokens are valid: true, expires at: 1753493366920
[debug] [2025-07-26T00:58:05.167Z] Checked if tokens are valid: true, expires at: 1753493366920
[debug] [2025-07-26T00:58:05.167Z] >>> [apiv2][query] GET https://artifactregistry.googleapis.com/v1/projects/calmify-388723/locations/europe-west1/repositories/gcf-artifacts [none]
[debug] [2025-07-26T00:58:05.322Z] <<< [apiv2][status] GET https://artifactregistry.googleapis.com/v1/projects/calmify-388723/locations/europe-west1/repositories/gcf-artifacts 200
[debug] [2025-07-26T00:58:05.323Z] <<< [apiv2][body] GET https://artifactregistry.googleapis.com/v1/projects/calmify-388723/locations/europe-west1/repositories/gcf-artifacts {"name":"projects/calmify-388723/locations/europe-west1/repositories/gcf-artifacts","format":"DOCKER","description":"This repository is created and used by Cloud Functions for storing function docker images.","labels":{"goog-managed-by":"cloudfunctions"},"createTime":"2025-07-26T00:13:37.320067Z","updateTime":"2025-07-26T00:57:33.036531Z","mode":"STANDARD_REPOSITORY","cleanupPolicies":{"firebase-functions-cleanup":{"id":"firebase-functions-cleanup","action":"DELETE","condition":{"tagState":"ANY","olderThan":"2592000s"}}},"sizeBytes":"135768943","vulnerabilityScanningConfig":{"lastEnableTime":"2025-07-26T00:13:23.600312813Z","enablementState":"SCANNING_DISABLED","enablementStateReason":"API containerscanning.googleapis.com is not enabled."},"satisfiesPzi":true,"registryUri":"europe-west1-docker.pkg.dev/calmify-388723/gcf-artifacts"}
[debug] [2025-07-26T00:58:05.323Z] Functions deploy failed.
[debug] [2025-07-26T00:58:05.323Z] {
  "endpoint": {
    "id": "generateNeuralAudio",
    "project": "calmify-388723",
    "region": "europe-west1",
    "entryPoint": "generateNeuralAudio",
    "platform": "gcfv2",
    "runtime": "nodejs22",
    "callableTrigger": {},
    "labels": {
      "deployment-tool": "cli-firebase"
    },
    "serviceAccount": null,
    "ingressSettings": null,
    "availableMemoryMb": 2048,
    "timeoutSeconds": 300,
    "maxInstances": 10,
    "minInstances": null,
    "concurrency": 80,
    "vpc": null,
    "environmentVariables": {
      "FIREBASE_CONFIG": "{\"projectId\":\"calmify-388723\",\"databaseURL\":\"https://calmify-388723-default-rtdb.europe-west1.firebasedatabase.app\",\"storageBucket\":\"calmify-388723.appspot.com\",\"locationId\":\"europe-west\"}",
      "GCLOUD_PROJECT": "calmify-388723",
      "EVENTARC_CLOUD_EVENT_SOURCE": "projects/calmify-388723/locations/europe-west1/services/generateNeuralAudio",
      "FUNCTION_TARGET": "generateNeuralAudio",
      "LOG_EXECUTION_ID": "true"
    },
    "codebase": "default",
    "runServiceId": "generateneuralaudio",
    "cpu": 1,
    "securityLevel": "SECURE_ALWAYS",
    "targetedByOnly": true,
    "hash": "e3c3043239e96fe9e0efd5b851afe2224867d51f"
  },
  "op": "update",
  "original": {
    "name": "FirebaseError",
    "children": [],
    "exit": 1,
    "message": "Could not create or update Cloud Run service generateneuralaudio, Container Healthcheck failed. Revision 'generateneuralaudio-00004-sal' is not ready and cannot serve traffic. The user-provided container failed to start and listen on the port defined provided by the PORT=8080 environment variable within the allocated timeout. This can happen when the container port is misconfigured or if the timeout is too short. The health check timeout can be extended. Logs for this revision might contain more information.\n\nLogs URL: https://console.cloud.google.com/logs/viewer?project=calmify-388723&resource=cloud_run_revision/service_name/generateneuralaudio/revision_name/generateneuralaudio-00004-sal&advancedFilter=resource.type%3D%22cloud_run_revision%22%0Aresource.labels.service_name%3D%22generateneuralaudio%22%0Aresource.labels.revision_name%3D%22generateneuralaudio-00004-sal%22 \nFor more troubleshooting guidance, see https://cloud.google.com/run/docs/troubleshooting#container-failed-to-start",
    "original": {
      "code": 3,
      "message": "Could not create or update Cloud Run service generateneuralaudio, Container Healthcheck failed. Revision 'generateneuralaudio-00004-sal' is not ready and cannot serve traffic. The user-provided container failed to start and listen on the port defined provided by the PORT=8080 environment variable within the allocated timeout. This can happen when the container port is misconfigured or if the timeout is too short. The health check timeout can be extended. Logs for this revision might contain more information.\n\nLogs URL: https://console.cloud.google.com/logs/viewer?project=calmify-388723&resource=cloud_run_revision/service_name/generateneuralaudio/revision_name/generateneuralaudio-00004-sal&advancedFilter=resource.type%3D%22cloud_run_revision%22%0Aresource.labels.service_name%3D%22generateneuralaudio%22%0Aresource.labels.revision_name%3D%22generateneuralaudio-00004-sal%22 \nFor more troubleshooting guidance, see https://cloud.google.com/run/docs/troubleshooting#container-failed-to-start"
    },
    "status": 3,
    "code": 3
  }
}
[debug] [2025-07-26T00:58:05.348Z] Error: Failed to update function generateNeuralAudio in region europe-west1
    at C:\Users\lifoe\AppData\Roaming\npm\node_modules\firebase-tools\lib\deploy\functions\release\fabricator.js:399:19
    at process.processTicksAndRejections (node:internal/process/task_queues:105:5)
    at async Fabricator.updateV2Function (C:\Users\lifoe\AppData\Roaming\npm\node_modules\firebase-tools\lib\deploy\functions\release\fabricator.js:388:32)
    at async Fabricator.updateEndpoint (C:\Users\lifoe\AppData\Roaming\npm\node_modules\firebase-tools\lib\deploy\functions\release\fabricator.js:155:13)
    at async handle (C:\Users\lifoe\AppData\Roaming\npm\node_modules\firebase-tools\lib\deploy\functions\release\fabricator.js:89:17)
[error] 
[error] Error: There was an error deploying functions
