#
# There is insufficient memory for the Java Runtime Environment to continue.
# Native memory allocation (malloc) failed to allocate 807696 bytes for Chunk::new
# Possible reasons:
#   The system is out of physical RAM or swap space
#   The process is running with CompressedOops enabled, and the Java Heap may be blocking the growth of the native heap
# Possible solutions:
#   Reduce memory load on the system
#   Increase physical memory or swap space
#   Check if swap backing store is full
#   Decrease Java heap size (-Xmx/-Xms)
#   Decrease number of Java threads
#   Decrease Java thread stack sizes (-Xss)
#   Set larger code cache with -XX:ReservedCodeCacheSize=
#   JVM is running with Zero Based Compressed Oops mode in which the Java heap is
#     placed in the first 32GB address space. The Java Heap base address is the
#     maximum limit for the native heap growth. Please use -XX:HeapBaseMinAddress
#     to set the Java Heap base and to place the Java Heap above 32GB virtual address.
# This output file may be truncated or incomplete.
#
#  Out of Memory Error (arena.cpp:189), pid=16052, tid=84604
#
# JRE version: Java(TM) SE Runtime Environment (17.0.12+8) (build 17.0.12+8-LTS-286)
# Java VM: Java HotSpot(TM) 64-Bit Server VM (17.0.12+8-LTS-286, mixed mode, sharing, tiered, compressed oops, compressed class ptrs, parallel gc, windows-amd64)
# No core dump will be written. Minidumps are not enabled by default on client versions of Windows
#

---------------  S U M M A R Y ------------

Command Line: --add-opens=java.base/java.lang=ALL-UNNAMED --add-opens=java.base/java.lang.invoke=ALL-UNNAMED --add-opens=java.base/java.util=ALL-UNNAMED --add-opens=java.prefs/java.util.prefs=ALL-UNNAMED --add-exports=jdk.compiler/com.sun.tools.javac.api=ALL-UNNAMED --add-exports=jdk.compiler/com.sun.tools.javac.util=ALL-UNNAMED --add-opens=java.base/java.util=ALL-UNNAMED --add-opens=java.prefs/java.util.prefs=ALL-UNNAMED --add-opens=java.base/java.nio.charset=ALL-UNNAMED --add-opens=java.base/java.net=ALL-UNNAMED --add-opens=java.base/java.util.concurrent.atomic=ALL-UNNAMED --add-opens=java.xml/javax.xml.namespace=ALL-UNNAMED -XX:+UseParallelGC -XX:MaxMetaspaceSize=1024m -Xmx4096m -Dfile.encoding=windows-1252 -Duser.country=IT -Duser.language=it -Duser.variant -javaagent:C:\Users\lifoe\.gradle\wrapper\dists\gradle-8.13-all\54h0s9kvb6g2sinako7ub77ku\gradle-8.13\lib\agents\gradle-instrumentation-agent-8.13.jar org.gradle.launcher.daemon.bootstrap.GradleDaemon 8.13

Host: 11th Gen Intel(R) Core(TM) i7-11700K @ 3.60GHz, 16 cores, 15G,  Windows 11 , 64 bit Build 26100 (10.0.26100.8115)
Time: Sat Apr  4 03:33:43 2026 ora legale Europa occidentale elapsed time: 17.259517 seconds (0d 0h 0m 17s)

---------------  T H R E A D  ---------------

Current thread (0x00000208bfb8bbf0):  JavaThread "C2 CompilerThread0" daemon [_thread_in_native, id=84604, stack(0x0000008629600000,0x0000008629700000)]


Current CompileTask:
C2:  17259 2716   !   4       java.lang.ClassLoader::loadClass (121 bytes)

Stack: [0x0000008629600000,0x0000008629700000]
Native frames: (J=compiled Java code, j=interpreted, Vv=VM code, C=native code)
V  [jvm.dll+0x67a04a]
V  [jvm.dll+0x7da4ed]
V  [jvm.dll+0x7dbe33]
V  [jvm.dll+0x7dc4a3]
V  [jvm.dll+0x24508f]
V  [jvm.dll+0xab773]
V  [jvm.dll+0xabd3c]
V  [jvm.dll+0x361b9f]
V  [jvm.dll+0x32c431]
V  [jvm.dll+0x32b8ca]
V  [jvm.dll+0x21683f]
V  [jvm.dll+0x215c6f]
V  [jvm.dll+0x1a2960]
V  [jvm.dll+0x22610b]
V  [jvm.dll+0x2242ab]
V  [jvm.dll+0x79075c]
V  [jvm.dll+0x78abea]
V  [jvm.dll+0x678f35]
C  [ucrtbase.dll+0x37b0]
C  [KERNEL32.DLL+0x2e8d7]
C  [ntdll.dll+0x8c3fc]


---------------  P R O C E S S  ---------------

Threads class SMR info:
_java_thread_list=0x00000208ea884e00, length=25, elements={
0x00000208bfaefab0, 0x00000208e127ae60, 0x00000208e127c2a0, 0x00000208bfb86e20,
0x00000208e128d560, 0x00000208e128de30, 0x00000208e128e700, 0x00000208bfb8bbf0,
0x00000208bfb923a0, 0x00000208bfb9e6c0, 0x00000208bfb55c60, 0x00000208e29fb1e0,
0x00000208e9e78dd0, 0x00000208e9eaa6c0, 0x00000208e27c14e0, 0x00000208e9fabd90,
0x00000208e9208a40, 0x00000208e4559c90, 0x00000208e455a1a0, 0x00000208e4559270,
0x00000208e4559780, 0x00000208e455a6b0, 0x00000208e455abc0, 0x00000208e455b0d0,
0x00000208e455b5e0
}

Java Threads: ( => current thread )
  0x00000208bfaefab0 JavaThread "main" [_thread_blocked, id=59308, stack(0x0000008628d00000,0x0000008628e00000)]
  0x00000208e127ae60 JavaThread "Reference Handler" daemon [_thread_blocked, id=65624, stack(0x0000008629000000,0x0000008629100000)]
  0x00000208e127c2a0 JavaThread "Finalizer" daemon [_thread_blocked, id=52796, stack(0x0000008629100000,0x0000008629200000)]
  0x00000208bfb86e20 JavaThread "Signal Dispatcher" daemon [_thread_blocked, id=80132, stack(0x0000008629200000,0x0000008629300000)]
  0x00000208e128d560 JavaThread "Attach Listener" daemon [_thread_blocked, id=36100, stack(0x0000008629300000,0x0000008629400000)]
  0x00000208e128de30 JavaThread "Service Thread" daemon [_thread_blocked, id=42936, stack(0x0000008629400000,0x0000008629500000)]
  0x00000208e128e700 JavaThread "Monitor Deflation Thread" daemon [_thread_blocked, id=55360, stack(0x0000008629500000,0x0000008629600000)]
=>0x00000208bfb8bbf0 JavaThread "C2 CompilerThread0" daemon [_thread_in_native, id=84604, stack(0x0000008629600000,0x0000008629700000)]
  0x00000208bfb923a0 JavaThread "C1 CompilerThread0" daemon [_thread_blocked, id=36764, stack(0x0000008629700000,0x0000008629800000)]
  0x00000208bfb9e6c0 JavaThread "Sweeper thread" daemon [_thread_blocked, id=50232, stack(0x0000008629800000,0x0000008629900000)]
  0x00000208bfb55c60 JavaThread "Common-Cleaner" daemon [_thread_blocked, id=18536, stack(0x0000008629900000,0x0000008629a00000)]
  0x00000208e29fb1e0 JavaThread "Notification Thread" daemon [_thread_blocked, id=42524, stack(0x0000008629d00000,0x0000008629e00000)]
  0x00000208e9e78dd0 JavaThread "Daemon health stats" [_thread_blocked, id=46368, stack(0x000000862a400000,0x000000862a500000)]
  0x00000208e9eaa6c0 JavaThread "Incoming local TCP Connector on port 62965" [_thread_in_native, id=49636, stack(0x000000862a700000,0x000000862a800000)]
  0x00000208e27c14e0 JavaThread "Daemon periodic checks" [_thread_blocked, id=78964, stack(0x000000862a800000,0x000000862a900000)]
  0x00000208e9fabd90 JavaThread "Daemon" [_thread_blocked, id=57392, stack(0x000000862a900000,0x000000862aa00000)]
  0x00000208e9208a40 JavaThread "Handler for socket connection from /127.0.0.1:62965 to /127.0.0.1:62966" [_thread_in_native, id=49916, stack(0x000000862aa00000,0x000000862ab00000)]
  0x00000208e4559c90 JavaThread "Cancel handler" [_thread_blocked, id=82216, stack(0x000000862ab00000,0x000000862ac00000)]
  0x00000208e455a1a0 JavaThread "Daemon worker" [_thread_in_vm, id=57800, stack(0x000000862ac00000,0x000000862ad00000)]
  0x00000208e4559270 JavaThread "Asynchronous log dispatcher for DefaultDaemonConnection: socket connection from /127.0.0.1:62965 to /127.0.0.1:62966" [_thread_blocked, id=43044, stack(0x000000862ad00000,0x000000862ae00000)]
  0x00000208e4559780 JavaThread "Stdin handler" [_thread_blocked, id=85668, stack(0x000000862ae00000,0x000000862af00000)]
  0x00000208e455a6b0 JavaThread "Daemon client event forwarder" [_thread_blocked, id=56236, stack(0x000000862af00000,0x000000862b000000)]
  0x00000208e455abc0 JavaThread "Cache worker for journal cache (C:\Users\lifoe\.gradle\caches\journal-1)" [_thread_blocked, id=68640, stack(0x0000008629a00000,0x0000008629b00000)]
  0x00000208e455b0d0 JavaThread "File lock request listener" [_thread_in_native, id=35492, stack(0x0000008629b00000,0x0000008629c00000)]
  0x00000208e455b5e0 JavaThread "Cache worker for file hash cache (C:\Users\lifoe\.gradle\caches\8.13\fileHashes)" [_thread_blocked, id=76544, stack(0x000000862b000000,0x000000862b100000)]

Other Threads:
  0x00000208bfb81910 VMThread "VM Thread" [stack: 0x0000008628f00000,0x0000008629000000] [id=16092]
  0x00000208e29b2910 WatcherThread [stack: 0x0000008629e00000,0x0000008629f00000] [id=47360]
  0x00000208bfb063c0 GCTaskThread "GC Thread#0" [stack: 0x0000008628e00000,0x0000008628f00000] [id=37312]
  0x00000208e4663460 GCTaskThread "GC Thread#1" [stack: 0x000000862a000000,0x000000862a100000] [id=87768]
  0x00000208e92c0510 GCTaskThread "GC Thread#2" [stack: 0x000000862a100000,0x000000862a200000] [id=24564]
  0x00000208e92c07d0 GCTaskThread "GC Thread#3" [stack: 0x000000862a200000,0x000000862a300000] [id=43972]
  0x00000208e92c0a90 GCTaskThread "GC Thread#4" [stack: 0x000000862a300000,0x000000862a400000] [id=53308]
  0x00000208e9ee25a0 GCTaskThread "GC Thread#5" [stack: 0x0000008629c00000,0x0000008629d00000] [id=18268]
  0x00000208e2826960 GCTaskThread "GC Thread#6" [stack: 0x0000008629f00000,0x000000862a000000] [id=32556]
  0x00000208e2826c20 GCTaskThread "GC Thread#7" [stack: 0x000000862a500000,0x000000862a600000] [id=79520]
  0x00000208e9ebf6c0 GCTaskThread "GC Thread#8" [stack: 0x000000862a600000,0x000000862a700000] [id=87360]

Threads with active compile tasks:
C2 CompilerThread0    18290 2716   !   4       java.lang.ClassLoader::loadClass (121 bytes)

VM state: not at safepoint (normal execution)

VM Mutex/Monitor currently owned by a thread: None

Heap address: 0x0000000700000000, size: 4096 MB, Compressed Oops mode: Zero based, Oop shift amount: 3

CDS archive(s) mapped at: [0x0000020880000000-0x0000020880bd0000-0x0000020880bd0000), size 12386304, SharedBaseAddress: 0x0000020880000000, ArchiveRelocationMode: 1.
Compressed class space mapped at: 0x0000020881000000-0x00000208b5000000, reserved size: 872415232
Narrow klass base: 0x0000020880000000, Narrow klass shift: 0, Narrow klass range: 0x100000000

GC Precious Log:
 CPUs: 16 total, 16 available
 Memory: 16221M
 Large Page Support: Disabled
 NUMA Support: Disabled
 Compressed Oops: Enabled (Zero based)
 Alignments: Space 512K, Generation 512K, Heap 2M
 Heap Min Capacity: 8M
 Heap Initial Capacity: 254M
 Heap Max Capacity: 4G
 Pre-touch: Disabled
 Parallel Workers: 13

Heap:
 PSYoungGen      total 75776K, used 67968K [0x00000007aab00000, 0x00000007aff80000, 0x0000000800000000)
  eden space 65024K, 88% used [0x00000007aab00000,0x00000007ae2e24d8,0x00000007aea80000)
  from space 10752K, 99% used [0x00000007af500000,0x00000007aff7dd90,0x00000007aff80000)
  to   space 10752K, 0% used [0x00000007aea80000,0x00000007aea80000,0x00000007af500000)
 ParOldGen       total 173568K, used 6536K [0x0000000700000000, 0x000000070a980000, 0x00000007aab00000)
  object space 173568K, 3% used [0x0000000700000000,0x0000000700662318,0x000000070a980000)
 Metaspace       used 17167K, committed 17472K, reserved 917504K
  class space    used 2405K, committed 2560K, reserved 851968K

Card table byte_map: [0x00000208d7b20000,0x00000208d8330000] _byte_map_base: 0x00000208d4320000

Marking Bits: (ParMarkBitMap*) 0x00007ff919e72be0
 Begin Bits: [0x00000208d8890000, 0x00000208dc890000)
 End Bits:   [0x00000208dc890000, 0x00000208e0890000)

Polling page: 0x00000208bf7e0000

Metaspace:

Usage:
  Non-class:     14.42 MB used.
      Class:      2.35 MB used.
       Both:     16.77 MB used.

Virtual space:
  Non-class space:       64.00 MB reserved,      14.56 MB ( 23%) committed,  1 nodes.
      Class space:      832.00 MB reserved,       2.50 MB ( <1%) committed,  1 nodes.
             Both:      896.00 MB reserved,      17.06 MB (  2%) committed. 

Chunk freelists:
   Non-Class:  1.14 MB
       Class:  13.53 MB
        Both:  14.67 MB

MaxMetaspaceSize: 1.00 GB
CompressedClassSpaceSize: 832.00 MB
Initial GC threshold: 21.00 MB
Current GC threshold: 21.00 MB
CDS: on
MetaspaceReclaimPolicy: balanced
 - commit_granule_bytes: 65536.
 - commit_granule_words: 8192.
 - virtual_space_node_default_size: 8388608.
 - enlarge_chunks_in_place: 1.
 - new_chunks_are_fully_committed: 0.
 - uncommit_free_chunks: 1.
 - use_allocation_guard: 0.
 - handle_deallocations: 1.


Internal statistics:

num_allocs_failed_limit: 0.
num_arena_births: 184.
num_arena_deaths: 0.
num_vsnodes_births: 2.
num_vsnodes_deaths: 0.
num_space_committed: 273.
num_space_uncommitted: 0.
num_chunks_returned_to_freelist: 0.
num_chunks_taken_from_freelist: 756.
num_chunk_merges: 0.
num_chunk_splits: 502.
num_chunks_enlarged: 366.
num_inconsistent_stats: 0.

CodeHeap 'non-profiled nmethods': size=119168Kb used=1217Kb max_used=1217Kb free=117950Kb
 bounds [0x00000208d04e0000, 0x00000208d0750000, 0x00000208d7940000]
CodeHeap 'profiled nmethods': size=119104Kb used=5590Kb max_used=5590Kb free=113513Kb
 bounds [0x00000208c8940000, 0x00000208c8ec0000, 0x00000208cfd90000]
CodeHeap 'non-nmethods': size=7488Kb used=1228Kb max_used=2885Kb free=6259Kb
 bounds [0x00000208cfd90000, 0x00000208d0070000, 0x00000208d04e0000]
 total_blobs=3258 nmethods=2733 adapters=440
 compilation: enabled
              stopped_count=0, restarted_count=0
 full_count=0

Compilation events (20 events):
Event: 13.156 Thread 0x00000208bfb923a0 2712       3       org.gradle.internal.service.DefaultServiceRegistry::access$1500 (6 bytes)
Event: 13.156 Thread 0x00000208bfb923a0 nmethod 2712 0x00000208c8ea2590 code [0x00000208c8ea2720, 0x00000208c8ea2828]
Event: 13.156 Thread 0x00000208bfb923a0 2714       3       org.gradle.internal.service.DefaultServiceRegistry$SingletonService::getAll (38 bytes)
Event: 13.156 Thread 0x00000208bfb8bbf0 nmethod 2710 0x00000208d060ff90 code [0x00000208d0610100, 0x00000208d06101b8]
Event: 13.157 Thread 0x00000208bfb923a0 nmethod 2714 0x00000208c8ea2910 code [0x00000208c8ea2b00, 0x00000208c8ea2f38]
Event: 13.157 Thread 0x00000208bfb923a0 2715       3       org.gradle.internal.service.DefaultServiceRegistry$CollectingVisitor::visit (25 bytes)
Event: 13.157 Thread 0x00000208bfb923a0 nmethod 2715 0x00000208c8ea3110 code [0x00000208c8ea32c0, 0x00000208c8ea35b8]
Event: 13.162 Thread 0x00000208bfb8bbf0 2716   !   4       java.lang.ClassLoader::loadClass (121 bytes)
Event: 13.173 Thread 0x00000208bfb923a0 2717   !   3       org.gradle.internal.classloader.TransformingClassLoader::findClass (203 bytes)
Event: 13.175 Thread 0x00000208bfb923a0 nmethod 2717 0x00000208c8ea3710 code [0x00000208c8ea3bc0, 0x00000208c8ea5eb8]
Event: 13.175 Thread 0x00000208bfb923a0 2718       3       org.gradle.initialization.MixInLegacyTypesClassLoader::shouldTransform (42 bytes)
Event: 13.175 Thread 0x00000208bfb923a0 nmethod 2718 0x00000208c8ea6e10 code [0x00000208c8ea6fe0, 0x00000208c8ea73f8]
Event: 13.177 Thread 0x00000208bfb923a0 2719       3       java.util.HashMap::put (13 bytes)
Event: 13.178 Thread 0x00000208bfb923a0 nmethod 2719 0x00000208c8ea7590 code [0x00000208c8ea7740, 0x00000208c8ea7a38]
Event: 13.206 Thread 0x00000208bfb923a0 2720       3       java.lang.Class::isLocalOrAnonymousClass (5 bytes)
Event: 13.206 Thread 0x00000208bfb923a0 nmethod 2720 0x00000208c8ea7b90 code [0x00000208c8ea7d40, 0x00000208c8ea7f58]
Event: 13.206 Thread 0x00000208bfb923a0 2721       3       java.lang.Class::hasEnclosingMethodInfo (17 bytes)
Event: 13.207 Thread 0x00000208bfb923a0 nmethod 2721 0x00000208c8ea8010 code [0x00000208c8ea81c0, 0x00000208c8ea8398]
Event: 13.909 Thread 0x00000208bfb923a0 2723       3       java.util.stream.Sink$ChainedReference::cancellationRequested (10 bytes)
Event: 13.910 Thread 0x00000208bfb923a0 nmethod 2723 0x00000208c8ea8490 code [0x00000208c8ea8640, 0x00000208c8ea8828]

GC Heap History (4 events):
Event: 1.944 GC heap before
{Heap before GC invocations=1 (full 0):
 PSYoungGen      total 75776K, used 65024K [0x00000007aab00000, 0x00000007aff80000, 0x0000000800000000)
  eden space 65024K, 100% used [0x00000007aab00000,0x00000007aea80000,0x00000007aea80000)
  from space 10752K, 0% used [0x00000007af500000,0x00000007af500000,0x00000007aff80000)
  to   space 10752K, 0% used [0x00000007aea80000,0x00000007aea80000,0x00000007af500000)
 ParOldGen       total 173568K, used 0K [0x0000000700000000, 0x000000070a980000, 0x00000007aab00000)
  object space 173568K, 0% used [0x0000000700000000,0x0000000700000000,0x000000070a980000)
 Metaspace       used 4434K, committed 4608K, reserved 917504K
  class space    used 548K, committed 640K, reserved 851968K
}
Event: 1.952 GC heap after
{Heap after GC invocations=1 (full 0):
 PSYoungGen      total 75776K, used 10685K [0x00000007aab00000, 0x00000007aff80000, 0x0000000800000000)
  eden space 65024K, 0% used [0x00000007aab00000,0x00000007aab00000,0x00000007aea80000)
  from space 10752K, 99% used [0x00000007aea80000,0x00000007af4ef400,0x00000007af500000)
  to   space 10752K, 0% used [0x00000007af500000,0x00000007af500000,0x00000007aff80000)
 ParOldGen       total 173568K, used 8K [0x0000000700000000, 0x000000070a980000, 0x00000007aab00000)
  object space 173568K, 0% used [0x0000000700000000,0x0000000700002000,0x000000070a980000)
 Metaspace       used 4434K, committed 4608K, reserved 917504K
  class space    used 548K, committed 640K, reserved 851968K
}
Event: 5.035 GC heap before
{Heap before GC invocations=2 (full 0):
 PSYoungGen      total 75776K, used 75709K [0x00000007aab00000, 0x00000007aff80000, 0x0000000800000000)
  eden space 65024K, 100% used [0x00000007aab00000,0x00000007aea80000,0x00000007aea80000)
  from space 10752K, 99% used [0x00000007aea80000,0x00000007af4ef400,0x00000007af500000)
  to   space 10752K, 0% used [0x00000007af500000,0x00000007af500000,0x00000007aff80000)
 ParOldGen       total 173568K, used 8K [0x0000000700000000, 0x000000070a980000, 0x00000007aab00000)
  object space 173568K, 0% used [0x0000000700000000,0x0000000700002000,0x000000070a980000)
 Metaspace       used 8022K, committed 8192K, reserved 917504K
  class space    used 1073K, committed 1152K, reserved 851968K
}
Event: 5.042 GC heap after
{Heap after GC invocations=2 (full 0):
 PSYoungGen      total 75776K, used 10743K [0x00000007aab00000, 0x00000007aff80000, 0x0000000800000000)
  eden space 65024K, 0% used [0x00000007aab00000,0x00000007aab00000,0x00000007aea80000)
  from space 10752K, 99% used [0x00000007af500000,0x00000007aff7dd90,0x00000007aff80000)
  to   space 10752K, 0% used [0x00000007aea80000,0x00000007aea80000,0x00000007af500000)
 ParOldGen       total 173568K, used 6536K [0x0000000700000000, 0x000000070a980000, 0x00000007aab00000)
  object space 173568K, 3% used [0x0000000700000000,0x0000000700662318,0x000000070a980000)
 Metaspace       used 8022K, committed 8192K, reserved 917504K
  class space    used 1073K, committed 1152K, reserved 851968K
}

Deoptimization events (20 events):
Event: 10.851 Thread 0x00000208e455a1a0 DEOPT PACKING pc=0x00000208d05c6b38 sp=0x000000862acfadd0
Event: 10.851 Thread 0x00000208e455a1a0 DEOPT UNPACKING pc=0x00000208cfde58a3 sp=0x000000862acfad68 mode 2
Event: 10.852 Thread 0x00000208e455a1a0 Uncommon trap: trap_request=0xffffff45 fr.pc=0x00000208d05c6e74 relative=0x0000000000000074
Event: 10.852 Thread 0x00000208e455a1a0 Uncommon trap: reason=unstable_if action=reinterpret pc=0x00000208d05c6e74 method=jdk.internal.misc.Unsafe.convEndian(ZI)I @ 4 c2
Event: 10.852 Thread 0x00000208e455a1a0 DEOPT PACKING pc=0x00000208d05c6e74 sp=0x000000862acfaba0
Event: 10.852 Thread 0x00000208e455a1a0 DEOPT UNPACKING pc=0x00000208cfde58a3 sp=0x000000862acfaaa8 mode 2
Event: 10.877 Thread 0x00000208e455a1a0 Uncommon trap: trap_request=0xffffff45 fr.pc=0x00000208d04fd150 relative=0x0000000000000ad0
Event: 10.877 Thread 0x00000208e455a1a0 Uncommon trap: reason=unstable_if action=reinterpret pc=0x00000208d04fd150 method=java.io.WinNTFileSystem.resolve(Ljava/lang/String;Ljava/lang/String;)Ljava/lang/String; @ 19 c2
Event: 10.877 Thread 0x00000208e455a1a0 DEOPT PACKING pc=0x00000208d04fd150 sp=0x000000862acfb060
Event: 10.877 Thread 0x00000208e455a1a0 DEOPT UNPACKING pc=0x00000208cfde58a3 sp=0x000000862acfafe8 mode 2
Event: 10.879 Thread 0x00000208e455a1a0 Uncommon trap: trap_request=0xffffff45 fr.pc=0x00000208d057943c relative=0x000000000000059c
Event: 10.879 Thread 0x00000208e455a1a0 Uncommon trap: reason=unstable_if action=reinterpret pc=0x00000208d057943c method=java.io.File.getName()Ljava/lang/String; @ 16 c2
Event: 10.879 Thread 0x00000208e455a1a0 DEOPT PACKING pc=0x00000208d057943c sp=0x000000862acfaff0
Event: 10.879 Thread 0x00000208e455a1a0 DEOPT UNPACKING pc=0x00000208cfde58a3 sp=0x000000862acfafc0 mode 2
Event: 11.027 Thread 0x00000208e455a1a0 Uncommon trap: trap_request=0xffffff45 fr.pc=0x00000208d05166f8 relative=0x00000000000000d8
Event: 11.027 Thread 0x00000208e455a1a0 Uncommon trap: reason=unstable_if action=reinterpret pc=0x00000208d05166f8 method=java.util.HashMap.hash(Ljava/lang/Object;)I @ 1 c2
Event: 11.027 Thread 0x00000208e455a1a0 DEOPT PACKING pc=0x00000208d05166f8 sp=0x000000862acfbfb0
Event: 11.027 Thread 0x00000208e455a1a0 DEOPT UNPACKING pc=0x00000208cfde58a3 sp=0x000000862acfbef0 mode 2
Event: 13.210 Thread 0x00000208e455a1a0 DEOPT PACKING pc=0x00000208c8d74b8f sp=0x000000862acf7790
Event: 13.210 Thread 0x00000208e455a1a0 DEOPT UNPACKING pc=0x00000208cfde63e3 sp=0x000000862acf6ca0 mode 0

Classes unloaded (0 events):
No events

Classes redefined (0 events):
No events

Internal exceptions (20 events):
Event: 5.325 Thread 0x00000208bfaefab0 Exception <a 'java/lang/NoSuchMethodError'{0x00000007aabe9078}: 'java.lang.Object java.lang.invoke.DirectMethodHandle$Holder.invokeStaticInit(java.lang.Object, java.lang.Object, int, int, int, int)'> (0x00000007aabe9078) 
thrown [s\open\src\hotspot\share\interpreter\linkResolver.cpp, line 759]
Event: 5.576 Thread 0x00000208bfaefab0 Exception <a 'java/io/IOException'{0x00000007aafbbef0}> (0x00000007aafbbef0) 
thrown [s\open\src\hotspot\share\prims\jni.cpp, line 516]
Event: 5.583 Thread 0x00000208bfaefab0 Implicit null exception at 0x00000208d0559d72 to 0x00000208d055a30c
Event: 5.588 Thread 0x00000208bfaefab0 Exception <a 'java/lang/NoSuchMethodError'{0x00000007ab021970}: 'java.lang.Object java.lang.invoke.DirectMethodHandle$Holder.newInvokeSpecial(java.lang.Object, java.lang.Object, java.lang.Object, java.lang.Object, java.lang.Object)'> (0x00000007ab021970) 
thrown [s\open\src\hotspot\share\interpreter\linkResolver.cpp, line 759]
Event: 6.662 Thread 0x00000208e9fabd90 Exception <a 'java/lang/NoSuchMethodError'{0x00000007ab5dd988}: 'void java.lang.invoke.DirectMethodHandle$Holder.invokeSpecial(java.lang.Object, java.lang.Object, java.lang.Object)'> (0x00000007ab5dd988) 
thrown [s\open\src\hotspot\share\interpreter\linkResolver.cpp, line 759]
Event: 7.523 Thread 0x00000208e455a1a0 Exception <a 'java/lang/NoSuchMethodError'{0x00000007aba5dfc0}: 'long java.lang.invoke.DirectMethodHandle$Holder.invokeInterface(java.lang.Object, java.lang.Object)'> (0x00000007aba5dfc0) 
thrown [s\open\src\hotspot\share\interpreter\linkResolver.cpp, line 759]
Event: 8.084 Thread 0x00000208e455a1a0 Exception <a 'java/lang/NoSuchMethodError'{0x00000007abf02218}: 'void java.lang.invoke.DirectMethodHandle$Holder.invokeStatic(java.lang.Object, java.lang.Object)'> (0x00000007abf02218) 
thrown [s\open\src\hotspot\share\interpreter\linkResolver.cpp, line 759]
Event: 8.341 Thread 0x00000208e455a1a0 Exception <a 'java/lang/NoSuchMethodError'{0x00000007ac127f90}: 'int java.lang.invoke.DirectMethodHandle$Holder.invokeVirtual(java.lang.Object, java.lang.Object, java.lang.Object)'> (0x00000007ac127f90) 
thrown [s\open\src\hotspot\share\interpreter\linkResolver.cpp, line 759]
Event: 8.465 Thread 0x00000208e455a1a0 Exception <a 'java/lang/NoSuchMethodError'{0x00000007ac3be960}: 'java.lang.Object java.lang.invoke.DirectMethodHandle$Holder.newInvokeSpecial(java.lang.Object, java.lang.Object, java.lang.Object, java.lang.Object, java.lang.Object, java.lang.Object)'> (0x00000007ac3be960) 
thrown [s\open\src\hotspot\share\interpreter\linkResolver.cpp, line 759]
Event: 8.605 Thread 0x00000208e455a1a0 Exception <a 'java/lang/NoSuchMethodError'{0x00000007ac6c8218}: 'void java.lang.invoke.DelegatingMethodHandle$Holder.reinvoke_L(java.lang.Object, java.lang.Object, java.lang.Object, java.lang.Object, java.lang.Object, java.lang.Object, java.lang.Object, java.lang.Object, java.lang.Object, java.lang.Object)'> (0x00000007ac6c8218) 
thrown [s\open\src\hotspot\share\interpreter\linkResolver.cpp, line 759]
Event: 8.606 Thread 0x00000208e455a1a0 Exception <a 'java/lang/NoSuchMethodError'{0x00000007ac6d0688}: 'java.lang.Object java.lang.invoke.DirectMethodHandle$Holder.invokeSpecial(java.lang.Object, java.lang.Object, java.lang.Object, java.lang.Object, java.lang.Object, java.lang.Object, java.lang.Object, java.lang.Object, java.lang.Object, java.lang.Object)'> (0x00000007ac6d0688) 
thrown [s\open\src\hotspot\share\interpreter\linkResolver.cpp, line 759]
Event: 8.606 Thread 0x00000208e455a1a0 Exception <a 'java/lang/NoSuchMethodError'{0x00000007ac6d4f58}: 'java.lang.Object java.lang.invoke.Invokers$Holder.invoker(java.lang.Object, java.lang.Object, java.lang.Object, java.lang.Object, java.lang.Object, java.lang.Object, java.lang.Object, java.lang.Object, java.lang.Object, java.lang.Object)'> (0x00000007ac6d4f58) 
thrown [s\open\src\hotspot\share\interpreter\linkResolver.cpp, line 759]
Event: 8.607 Thread 0x00000208e455a1a0 Exception <a 'java/lang/NoSuchMethodError'{0x00000007ac6dab60}: 'java.lang.Object java.lang.invoke.DirectMethodHandle$Holder.invokeSpecial(java.lang.Object, java.lang.Object, java.lang.Object, java.lang.Object, java.lang.Object, java.lang.Object, java.lang.Object, java.lang.Object, java.lang.Object, java.lang.Object, java.lang.Object)'> (0x00000007ac6dab60) 
thrown [s\open\src\hotspot\share\interpreter\linkResolver.cpp, line 759]
Event: 8.869 Thread 0x00000208e455a1a0 Exception <a 'java/lang/NoSuchMethodError'{0x00000007acee1e88}: 'java.lang.Object java.lang.invoke.DirectMethodHandle$Holder.newInvokeSpecial(java.lang.Object, java.lang.Object, int)'> (0x00000007acee1e88) 
thrown [s\open\src\hotspot\share\interpreter\linkResolver.cpp, line 759]
Event: 10.971 Thread 0x00000208e455a1a0 Exception <a 'java/lang/NoSuchMethodError'{0x00000007ad4446b0}: 'java.lang.Object java.lang.invoke.DirectMethodHandle$Holder.invokeInterface(java.lang.Object, java.lang.Object, java.lang.Object)'> (0x00000007ad4446b0) 
thrown [s\open\src\hotspot\share\interpreter\linkResolver.cpp, line 759]
Event: 10.986 Thread 0x00000208e455a1a0 Exception <a 'java/lang/NoSuchMethodError'{0x00000007ad52afc8}: 'int java.lang.invoke.DirectMethodHandle$Holder.invokeSpecialIFC(java.lang.Object, java.lang.Object, java.lang.Object, java.lang.Object)'> (0x00000007ad52afc8) 
thrown [s\open\src\hotspot\share\interpreter\linkResolver.cpp, line 759]
Event: 10.988 Thread 0x00000208e455a1a0 Exception <a 'java/lang/IncompatibleClassChangeError'{0x00000007ad539d60}: Found class java.lang.Object, but interface was expected> (0x00000007ad539d60) 
thrown [s\open\src\hotspot\share\interpreter\linkResolver.cpp, line 826]
Event: 11.027 Thread 0x00000208e455a1a0 Implicit null exception at 0x00000208d0516658 to 0x00000208d05166ee
Event: 11.041 Thread 0x00000208e455a1a0 Exception <a 'java/lang/NoSuchMethodError'{0x00000007ad73b3a0}: 'int java.lang.invoke.DirectMethodHandle$Holder.invokeStatic(java.lang.Object, java.lang.Object, java.lang.Object, java.lang.Object)'> (0x00000007ad73b3a0) 
thrown [s\open\src\hotspot\share\interpreter\linkResolver.cpp, line 759]
Event: 11.041 Thread 0x00000208e455a1a0 Exception <a 'java/lang/NoSuchMethodError'{0x00000007ad73f270}: 'java.lang.Object java.lang.invoke.Invokers$Holder.invokeExact_MT(java.lang.Object, java.lang.Object, java.lang.Object, java.lang.Object, java.lang.Object, java.lang.Object)'> (0x00000007ad73f270) 
thrown [s\open\src\hotspot\share\interpreter\linkResolver.cpp, line 759]

VM Operations (20 events):
Event: 5.314 Executing VM operation: HandshakeAllThreads done
Event: 6.054 Executing VM operation: HandshakeAllThreads
Event: 6.054 Executing VM operation: HandshakeAllThreads done
Event: 6.054 Executing VM operation: Cleanup
Event: 6.054 Executing VM operation: Cleanup done
Event: 7.058 Executing VM operation: Cleanup
Event: 7.233 Executing VM operation: Cleanup done
Event: 8.233 Executing VM operation: Cleanup
Event: 8.305 Executing VM operation: Cleanup done
Event: 9.316 Executing VM operation: Cleanup
Event: 9.316 Executing VM operation: Cleanup done
Event: 10.328 Executing VM operation: Cleanup
Event: 10.328 Executing VM operation: Cleanup done
Event: 11.095 Executing VM operation: HandshakeAllThreads
Event: 11.095 Executing VM operation: HandshakeAllThreads done
Event: 11.096 Executing VM operation: HandshakeAllThreads
Event: 11.096 Executing VM operation: HandshakeAllThreads done
Event: 12.104 Executing VM operation: Cleanup
Event: 12.120 Executing VM operation: Cleanup done
Event: 14.132 Executing VM operation: Cleanup

Events (20 events):
Event: 10.849 loading class sun/security/provider/SHA5$SHA512
Event: 10.849 loading class sun/security/provider/SHA5
Event: 10.850 loading class sun/security/provider/SHA5 done
Event: 10.850 loading class sun/security/provider/SHA5$SHA512 done
Event: 10.851 loading class sun/security/provider/ByteArrayAccess$LE
Event: 10.851 loading class sun/security/provider/ByteArrayAccess$LE done
Event: 10.878 loading class java/io/File$TempDirectory
Event: 10.878 loading class java/io/File$TempDirectory done
Event: 10.959 loading class java/io/PrintWriter
Event: 10.959 loading class java/io/PrintWriter done
Event: 10.982 loading class java/util/concurrent/Semaphore
Event: 10.982 loading class java/util/concurrent/Semaphore done
Event: 10.984 loading class java/nio/file/FileVisitOption
Event: 10.984 loading class java/nio/file/FileVisitOption done
Event: 10.988 loading class java/util/stream/ReduceOps$1
Event: 10.988 loading class java/util/stream/ReduceOps$1 done
Event: 10.988 loading class java/util/stream/ReduceOps$1ReducingSink
Event: 10.988 loading class java/util/stream/ReduceOps$1ReducingSink done
Event: 13.191 loading class java/util/function/LongFunction
Event: 13.192 loading class java/util/function/LongFunction done


Dynamic libraries:
0x00007ff76b1b0000 - 0x00007ff76b1c0000 	C:\Program Files\Java\jdk-17\bin\java.exe
0x00007ff9b00a0000 - 0x00007ff9b0307000 	C:\WINDOWS\SYSTEM32\ntdll.dll
0x00007ff9afbe0000 - 0x00007ff9afca9000 	C:\WINDOWS\System32\KERNEL32.DLL
0x00007ff9aceb0000 - 0x00007ff9ad2a4000 	C:\WINDOWS\System32\KERNELBASE.dll
0x00007ff9aa170000 - 0x00007ff9aa20f000 	C:\WINDOWS\SYSTEM32\apphelp.dll
0x00007ff9acac0000 - 0x00007ff9acc0b000 	C:\WINDOWS\System32\ucrtbase.dll
0x00007ff996fa0000 - 0x00007ff996fbb000 	C:\Program Files\Java\jdk-17\bin\VCRUNTIME140.dll
0x00007ff98b6c0000 - 0x00007ff98b6d9000 	C:\Program Files\Java\jdk-17\bin\jli.dll
0x00007ff9aee20000 - 0x00007ff9aeed6000 	C:\WINDOWS\System32\ADVAPI32.dll
0x00007ff9adf00000 - 0x00007ff9adfa9000 	C:\WINDOWS\System32\msvcrt.dll
0x00007ff9aed20000 - 0x00007ff9aedc7000 	C:\WINDOWS\System32\sechost.dll
0x00007ff9af590000 - 0x00007ff9af6a8000 	C:\WINDOWS\System32\RPCRT4.dll
0x00007ff9afcb0000 - 0x00007ff9afe75000 	C:\WINDOWS\System32\USER32.dll
0x00007ff98eb50000 - 0x00007ff98ede3000 	C:\WINDOWS\WinSxS\amd64_microsoft.windows.common-controls_6595b64144ccf1df_6.0.26100.8115_none_3e075c82e3354f9c\COMCTL32.dll
0x00007ff9ad360000 - 0x00007ff9ad387000 	C:\WINDOWS\System32\win32u.dll
0x00007ff9ae9b0000 - 0x00007ff9ae9db000 	C:\WINDOWS\System32\GDI32.dll
0x00007ff9a51b0000 - 0x00007ff9a51bb000 	C:\WINDOWS\SYSTEM32\VERSION.dll
0x00007ff9acc10000 - 0x00007ff9acd3a000 	C:\WINDOWS\System32\gdi32full.dll
0x00007ff9ad2b0000 - 0x00007ff9ad353000 	C:\WINDOWS\System32\msvcp_win.dll
0x00007ff9af710000 - 0x00007ff9af742000 	C:\WINDOWS\System32\IMM32.DLL
0x00007ff99e780000 - 0x00007ff99e78c000 	C:\Program Files\Java\jdk-17\bin\vcruntime140_1.dll
0x00007ff954b20000 - 0x00007ff954bae000 	C:\Program Files\Java\jdk-17\bin\msvcp140.dll
0x00007ff919350000 - 0x00007ff919f30000 	C:\Program Files\Java\jdk-17\bin\server\jvm.dll
0x00007ff9af3e0000 - 0x00007ff9af3e8000 	C:\WINDOWS\System32\PSAPI.DLL
0x00007ff97a310000 - 0x00007ff97a31a000 	C:\WINDOWS\SYSTEM32\WSOCK32.dll
0x00007ff9ae040000 - 0x00007ff9ae0c0000 	C:\WINDOWS\System32\WS2_32.dll
0x00007ff99e4c0000 - 0x00007ff99e4f6000 	C:\WINDOWS\SYSTEM32\WINMM.dll
0x00007ff9ab690000 - 0x00007ff9ab6ab000 	C:\WINDOWS\SYSTEM32\kernel.appcore.dll
0x00007ff99e760000 - 0x00007ff99e76a000 	C:\Program Files\Java\jdk-17\bin\jimage.dll
0x00007ff997d10000 - 0x00007ff997f52000 	C:\WINDOWS\SYSTEM32\DBGHELP.DLL
0x00007ff9aeee0000 - 0x00007ff9af262000 	C:\WINDOWS\System32\combase.dll
0x00007ff9ae8d0000 - 0x00007ff9ae9a7000 	C:\WINDOWS\System32\OLEAUT32.dll
0x00007ff98c120000 - 0x00007ff98c15b000 	C:\WINDOWS\SYSTEM32\dbgcore.DLL
0x00007ff9ad420000 - 0x00007ff9ad4c5000 	C:\WINDOWS\System32\bcryptPrimitives.dll
0x00007ff969140000 - 0x00007ff96914e000 	C:\Program Files\Java\jdk-17\bin\instrument.dll
0x00007ff9753e0000 - 0x00007ff975405000 	C:\Program Files\Java\jdk-17\bin\java.dll
0x00007ff926a00000 - 0x00007ff926ad7000 	C:\Program Files\Java\jdk-17\bin\jsvml.dll
0x00007ff9ae150000 - 0x00007ff9ae8b6000 	C:\WINDOWS\System32\SHELL32.dll
0x00007ff9acd40000 - 0x00007ff9aceaa000 	C:\WINDOWS\System32\wintypes.dll
0x00007ff9ad4d0000 - 0x00007ff9add35000 	C:\WINDOWS\System32\windows.storage.dll
0x00007ff9aff10000 - 0x00007ff9b0007000 	C:\WINDOWS\System32\SHCORE.dll
0x00007ff9af330000 - 0x00007ff9af396000 	C:\WINDOWS\System32\shlwapi.dll
0x00007ff9ac860000 - 0x00007ff9ac889000 	C:\WINDOWS\SYSTEM32\profapi.dll
0x00007ff964510000 - 0x00007ff964528000 	C:\Program Files\Java\jdk-17\bin\zip.dll
0x00007ff969280000 - 0x00007ff969299000 	C:\Program Files\Java\jdk-17\bin\net.dll
0x00007ff9a4fd0000 - 0x00007ff9a50fd000 	C:\WINDOWS\SYSTEM32\WINHTTP.dll
0x00007ff9abbe0000 - 0x00007ff9abc4c000 	C:\WINDOWS\system32\mswsock.dll
0x00007ff969150000 - 0x00007ff969166000 	C:\Program Files\Java\jdk-17\bin\nio.dll
0x00007ff996cc0000 - 0x00007ff996cd0000 	C:\Program Files\Java\jdk-17\bin\verify.dll
0x00007ff969170000 - 0x00007ff969197000 	C:\Users\lifoe\.gradle\native\1def1411415f61bf3af743bc5b6707747c0891f09f0c88961ee8f79bc544acac\windows-amd64\native-platform.dll
0x00007ff955080000 - 0x00007ff9550f8000 	C:\Users\lifoe\.gradle\native\0.2.7\x86_64-windows-gnu\gradle-fileevents.dll
0x00007ff98b6b0000 - 0x00007ff98b6ba000 	C:\Program Files\Java\jdk-17\bin\management.dll
0x00007ff9753d0000 - 0x00007ff9753db000 	C:\Program Files\Java\jdk-17\bin\management_ext.dll
0x00007ff9aaf90000 - 0x00007ff9aafc2000 	C:\WINDOWS\SYSTEM32\IPHLPAPI.DLL
0x00007ff9ae8c0000 - 0x00007ff9ae8ca000 	C:\WINDOWS\System32\NSI.dll
0x00007ff9a51c0000 - 0x00007ff9a51dd000 	C:\WINDOWS\SYSTEM32\dhcpcsvc6.DLL
0x00007ff9a4fa0000 - 0x00007ff9a4fc5000 	C:\WINDOWS\SYSTEM32\dhcpcsvc.DLL
0x00007ff9ab100000 - 0x00007ff9ab232000 	C:\WINDOWS\SYSTEM32\DNSAPI.dll
0x00007ff9abfe0000 - 0x00007ff9abffb000 	C:\WINDOWS\SYSTEM32\CRYPTSP.dll
0x00007ff9ab5f0000 - 0x00007ff9ab629000 	C:\WINDOWS\system32\rsaenh.dll
0x00007ff9abc90000 - 0x00007ff9abcc3000 	C:\WINDOWS\SYSTEM32\USERENV.dll
0x00007ff9ac830000 - 0x00007ff9ac85a000 	C:\WINDOWS\SYSTEM32\bcrypt.dll
0x00007ff9abe40000 - 0x00007ff9abe4c000 	C:\WINDOWS\SYSTEM32\CRYPTBASE.dll
0x00007ff968e30000 - 0x00007ff968e3e000 	C:\Program Files\Java\jdk-17\bin\sunmscapi.dll
0x00007ff9ac940000 - 0x00007ff9acab7000 	C:\WINDOWS\System32\CRYPT32.dll
0x00007ff9ac140000 - 0x00007ff9ac170000 	C:\WINDOWS\SYSTEM32\ncrypt.dll
0x00007ff9ac0f0000 - 0x00007ff9ac12f000 	C:\WINDOWS\SYSTEM32\NTASN1.dll
0x00007ff974970000 - 0x00007ff974978000 	C:\WINDOWS\system32\wshunix.dll

dbghelp: loaded successfully - version: 4.0.5 - missing functions: none
symbol engine: initialized successfully - sym options: 0x614 - pdb path: .;C:\Program Files\Java\jdk-17\bin;C:\WINDOWS\SYSTEM32;C:\WINDOWS\WinSxS\amd64_microsoft.windows.common-controls_6595b64144ccf1df_6.0.26100.8115_none_3e075c82e3354f9c;C:\Program Files\Java\jdk-17\bin\server;C:\Users\lifoe\.gradle\native\1def1411415f61bf3af743bc5b6707747c0891f09f0c88961ee8f79bc544acac\windows-amd64;C:\Users\lifoe\.gradle\native\0.2.7\x86_64-windows-gnu

VM Arguments:
jvm_args: --add-opens=java.base/java.lang=ALL-UNNAMED --add-opens=java.base/java.lang.invoke=ALL-UNNAMED --add-opens=java.base/java.util=ALL-UNNAMED --add-opens=java.prefs/java.util.prefs=ALL-UNNAMED --add-exports=jdk.compiler/com.sun.tools.javac.api=ALL-UNNAMED --add-exports=jdk.compiler/com.sun.tools.javac.util=ALL-UNNAMED --add-opens=java.base/java.util=ALL-UNNAMED --add-opens=java.prefs/java.util.prefs=ALL-UNNAMED --add-opens=java.base/java.nio.charset=ALL-UNNAMED --add-opens=java.base/java.net=ALL-UNNAMED --add-opens=java.base/java.util.concurrent.atomic=ALL-UNNAMED --add-opens=java.xml/javax.xml.namespace=ALL-UNNAMED -XX:+UseParallelGC -XX:MaxMetaspaceSize=1024m -Xmx4096m -Dfile.encoding=windows-1252 -Duser.country=IT -Duser.language=it -Duser.variant -javaagent:C:\Users\lifoe\.gradle\wrapper\dists\gradle-8.13-all\54h0s9kvb6g2sinako7ub77ku\gradle-8.13\lib\agents\gradle-instrumentation-agent-8.13.jar 
java_command: org.gradle.launcher.daemon.bootstrap.GradleDaemon 8.13
java_class_path (initial): C:\Users\lifoe\.gradle\wrapper\dists\gradle-8.13-all\54h0s9kvb6g2sinako7ub77ku\gradle-8.13\lib\gradle-daemon-main-8.13.jar
Launcher Type: SUN_STANDARD

[Global flags]
     intx CICompilerCount                          = 12                                        {product} {ergonomic}
   size_t CompressedClassSpaceSize                 = 872415232                                 {product} {ergonomic}
   size_t InitialHeapSize                          = 266338304                                 {product} {ergonomic}
   size_t MaxHeapSize                              = 4294967296                                {product} {command line}
   size_t MaxMetaspaceSize                         = 1073741824                                {product} {command line}
   size_t MaxNewSize                               = 1431306240                                {product} {ergonomic}
   size_t MinHeapDeltaBytes                        = 524288                                    {product} {ergonomic}
   size_t MinHeapSize                              = 8388608                                   {product} {ergonomic}
   size_t NewSize                                  = 88604672                                  {product} {ergonomic}
    uintx NonNMethodCodeHeapSize                   = 7602480                                {pd product} {ergonomic}
    uintx NonProfiledCodeHeapSize                  = 122027880                              {pd product} {ergonomic}
   size_t OldSize                                  = 177733632                                 {product} {ergonomic}
    uintx ProfiledCodeHeapSize                     = 122027880                              {pd product} {ergonomic}
    uintx ReservedCodeCacheSize                    = 251658240                              {pd product} {ergonomic}
     bool SegmentedCodeCache                       = true                                      {product} {ergonomic}
   size_t SoftMaxHeapSize                          = 4294967296                             {manageable} {ergonomic}
     bool UseCompressedClassPointers               = true                           {product lp64_product} {ergonomic}
     bool UseCompressedOops                        = true                           {product lp64_product} {ergonomic}
     bool UseLargePagesIndividualAllocation        = false                                  {pd product} {ergonomic}
     bool UseParallelGC                            = true                                      {product} {command line}

Logging:
Log output configuration:
 #0: stdout all=warning uptime,level,tags
 #1: stderr all=off uptime,level,tags

Environment Variables:
CLASSPATH=C:\Users\lifoe\AndroidStudioProjects\CalmifyAppAndroid\\gradle\wrapper\gradle-wrapper.jar
PATH=C:\Program Files\Git\mingw64\bin;C:\Program Files\Git\usr\bin;C:\Users\lifoe\bin;C:\Program Files\Common Files\Oracle\Java\javapath;C:\Program Files (x86)\Razer Chroma SDK\bin;C:\Program Files\Razer Chroma SDK\bin;C:\Program Files (x86)\Razer\ChromaBroadcast\bin;C:\Program Files\Razer\ChromaBroadcast\bin;C:\Program Files (x86)\Common Files\Intel\Shared Libraries\redist\intel64\compiler;C:\Program Files\Microsoft\jdk-11.0.12.7-hotspot\bin;C:\WINDOWS\system32;C:\WINDOWS;C:\WINDOWS\System32\Wbem;C:\WINDOWS\System32\WindowsPowerShell\v1.0\;C:\WINDOWS\System32\OpenSSH\;C:\Program Files\dotnet\;C:\Program Files (x86)\dotnet\;C:\Program Files (x86)\NVIDIA Corporation\PhysX\Common;C:\Program Files (x86)\Microsoft SQL Server\150\DTS\Binn\;C:\Program Files\Azure Data Studio\bin;C:\Program Files\Microsoft SQL Server\Client SDK\ODBC\170\Tools\Binn\;C:\Program Files (x86)\Microsoft SQL Server\150\Tools\Binn\;C:\Program Files\Microsoft SQL Server\150\Tools\Binn\;C:\Program Files\Microsoft SQL Server\150\DTS\Binn\;C:\Users\lifoe\AppData\Local\Programs\Python\Python311\Scripts\;C:\Users\lifoe\AppData\Local\Programs\Python\Python311\;C:\Users\lifoe\AppData\Local\Microsoft\WindowsApps;C:\Users\lifoe\.dotnet\tools;C:\Users\lifoe\AppData\Roaming\npm;C:\Users\lifoe\AppData\Local\Programs\Microsoft VS Code\bin;C:\src\flutter\bin;C:\Program Files\JetBrains\PyCharm 2023.2.1\bin;C:\WINDOWS\system32\config\systemprofile\AppData\Local\Microsoft\WindowsApps;C:\WINDOWS\system32;C:\WINDOWS;C:\WINDOWS\System32\Wbem;C:\WINDOWS\System32\WindowsPowerShell\v1.0\;C:\WINDOWS\System32\OpenSSH\;C:\Program Files\NVIDIA Corporation\NVIDIA app\NvDLISR;C:\Program Files\nodejs\;C:\Gradle\gradle-9.0.0\bin;C:\Program Files\Git\cmd;C:\Program Files\JetBrains\WebStorm 2024.1\bin;C:\Users\lifoe\AppData\Local\GitHubDesktop\bin;C:\Users\lifoe\AppData\Local\Google\Cloud SDK\google-cloud-sdk\bin
USERNAME=lifoe
SHELL=C:\Program Files\Git\bin\bash.exe
OS=Windows_NT
PROCESSOR_IDENTIFIER=Intel64 Family 6 Model 167 Stepping 1, GenuineIntel



---------------  S Y S T E M  ---------------

OS:
 Windows 11 , 64 bit Build 26100 (10.0.26100.8115)
OS uptime: 0 days 17:54 hours
Hyper-V role detected

CPU: total 16 (initial active 16) (8 cores per cpu, 2 threads per core) family 6 model 167 stepping 1 microcode 0x50, cx8, cmov, fxsr, ht, mmx, 3dnowpref, sse, sse2, sse3, ssse3, sse4.1, sse4.2, popcnt, lzcnt, tsc, tscinvbit, avx, avx2, aes, erms, clmul, bmi1, bmi2, adx, avx512f, avx512dq, avx512cd, avx512bw, avx512vl, sha, fma, vzeroupper, avx512_vpopcntdq, avx512_vpclmulqdq, avx512_vaes, avx512_vnni, clflush, clflushopt, avx512_vbmi2, avx512_vbmi, hv

Memory: 4k page, system-wide physical 16221M (3657M free)
TotalPageFile size 65373M (AvailPageFile size 4M)
current process WorkingSet (physical memory assigned to process): 185M, peak: 191M
current process commit charge ("private bytes"): 517M, peak: 524M

vm_info: Java HotSpot(TM) 64-Bit Server VM (17.0.12+8-LTS-286) for windows-amd64 JRE (17.0.12+8-LTS-286), built on Jun  5 2024 06:46:59 by "mach5one" with MS VC++ 17.6 (VS2022)

END.
