#
# There is insufficient memory for the Java Runtime Environment to continue.
# Native memory allocation (malloc) failed to allocate 1639056 bytes for Chunk::new
# Possible reasons:
#   The system is out of physical RAM or swap space
#   The process is running with CompressedOops enabled, and the Java Heap may be blocking the growth of the native heap
# Possible solutions:
#   Reduce memory load on the system
#   Increase physical memory or swap space
#   Check if swap backing store is full
#   Decrease Java heap size (-Xmx/-Xms)
#   Decrease number of Java threads
#   Decrease Java thread stack sizes (-Xss)
#   Set larger code cache with -XX:ReservedCodeCacheSize=
#   JVM is running with Zero Based Compressed Oops mode in which the Java heap is
#     placed in the first 32GB address space. The Java Heap base address is the
#     maximum limit for the native heap growth. Please use -XX:HeapBaseMinAddress
#     to set the Java Heap base and to place the Java Heap above 32GB virtual address.
# This output file may be truncated or incomplete.
#
#  Out of Memory Error (arena.cpp:189), pid=87636, tid=37636
#
# JRE version: Java(TM) SE Runtime Environment (17.0.12+8) (build 17.0.12+8-LTS-286)
# Java VM: Java HotSpot(TM) 64-Bit Server VM (17.0.12+8-LTS-286, mixed mode, sharing, tiered, compressed oops, compressed class ptrs, g1 gc, windows-amd64)
# No core dump will be written. Minidumps are not enabled by default on client versions of Windows
#

---------------  S U M M A R Y ------------

Command Line: org.jetbrains.kotlin.cli.jvm.K2JVMCompiler @C:\Users\lifoe\AndroidStudioProjects\CalmifyAppAndroid\core\ui\build\20260404_11684533352588220172.compiler.options

Host: 11th Gen Intel(R) Core(TM) i7-11700K @ 3.60GHz, 16 cores, 15G,  Windows 11 , 64 bit Build 26100 (10.0.26100.8115)
Time: Sat Apr  4 01:53:18 2026 ora legale Europa occidentale elapsed time: 12.714227 seconds (0d 0h 0m 12s)

---------------  T H R E A D  ---------------

Current thread (0x0000024208362f00):  JavaThread "C2 CompilerThread1" daemon [_thread_in_native, id=37636, stack(0x0000006262a00000,0x0000006262b00000)]


Current CompileTask:
C2:  12714 9129       4       org.jetbrains.kotlin.fir.resolve.dfa.FirDataFlowAnalyzer::mergeIncomingFlow (54 bytes)

Stack: [0x0000006262a00000,0x0000006262b00000]
Native frames: (J=compiled Java code, j=interpreted, Vv=VM code, C=native code)
V  [jvm.dll+0x67a04a]
V  [jvm.dll+0x7da4ed]
V  [jvm.dll+0x7dbe33]
V  [jvm.dll+0x7dc4a3]
V  [jvm.dll+0x24508f]
V  [jvm.dll+0xab773]
V  [jvm.dll+0xabd3c]
V  [jvm.dll+0x361b9f]
V  [jvm.dll+0x32c431]
V  [jvm.dll+0x32b8ca]
V  [jvm.dll+0x21683f]
V  [jvm.dll+0x215c6f]
V  [jvm.dll+0x1a2960]
V  [jvm.dll+0x22610b]
V  [jvm.dll+0x2242ab]
V  [jvm.dll+0x79075c]
V  [jvm.dll+0x78abea]
V  [jvm.dll+0x678f35]
C  [ucrtbase.dll+0x37b0]
C  [KERNEL32.DLL+0x2e8d7]
C  [ntdll.dll+0x8c3fc]


---------------  P R O C E S S  ---------------

Threads class SMR info:
_java_thread_list=0x000002427bfb4b80, length=18, elements={
0x0000024210cdc350, 0x000002423454a1a0, 0x000002423454d7e0, 0x0000024234569ba0,
0x000002423456a560, 0x000002423456af20, 0x000002423456b8e0, 0x000002423456d690,
0x000002423456fbd0, 0x00000242345eaeb0, 0x00000242346a2670, 0x00000242346b7e40,
0x00000242346b8360, 0x00000242346b8ed0, 0x000002427a175340, 0x0000024208362f00,
0x0000024207ab9aa0, 0x000002427d935fc0
}

Java Threads: ( => current thread )
  0x0000024210cdc350 JavaThread "main" [_thread_blocked, id=85628, stack(0x0000006260a00000,0x0000006260b00000)]
  0x000002423454a1a0 JavaThread "Reference Handler" daemon [_thread_blocked, id=41068, stack(0x0000006261100000,0x0000006261200000)]
  0x000002423454d7e0 JavaThread "Finalizer" daemon [_thread_blocked, id=56124, stack(0x0000006261200000,0x0000006261300000)]
  0x0000024234569ba0 JavaThread "Signal Dispatcher" daemon [_thread_blocked, id=36480, stack(0x0000006261300000,0x0000006261400000)]
  0x000002423456a560 JavaThread "Attach Listener" daemon [_thread_blocked, id=46384, stack(0x0000006261400000,0x0000006261500000)]
  0x000002423456af20 JavaThread "Service Thread" daemon [_thread_blocked, id=80332, stack(0x0000006261500000,0x0000006261600000)]
  0x000002423456b8e0 JavaThread "Monitor Deflation Thread" daemon [_thread_blocked, id=45328, stack(0x0000006261600000,0x0000006261700000)]
  0x000002423456d690 JavaThread "C2 CompilerThread0" daemon [_thread_blocked, id=67876, stack(0x0000006261700000,0x0000006261800000)]
  0x000002423456fbd0 JavaThread "C1 CompilerThread0" daemon [_thread_blocked, id=88308, stack(0x0000006261800000,0x0000006261900000)]
  0x00000242345eaeb0 JavaThread "Sweeper thread" daemon [_thread_blocked, id=85988, stack(0x0000006261900000,0x0000006261a00000)]
  0x00000242346a2670 JavaThread "C1 CompilerThread1" daemon [_thread_blocked, id=83064, stack(0x0000006261a00000,0x0000006261b00000)]
  0x00000242346b7e40 JavaThread "C1 CompilerThread2" daemon [_thread_blocked, id=17928, stack(0x0000006261b00000,0x0000006261c00000)]
  0x00000242346b8360 JavaThread "Notification Thread" daemon [_thread_blocked, id=21756, stack(0x0000006261c00000,0x0000006261d00000)]
  0x00000242346b8ed0 JavaThread "Common-Cleaner" daemon [_thread_blocked, id=45292, stack(0x0000006261e00000,0x0000006261f00000)]
  0x000002427a175340 JavaThread "C1 CompilerThread3" daemon [_thread_blocked, id=47036, stack(0x0000006262000000,0x0000006262100000)]
=>0x0000024208362f00 JavaThread "C2 CompilerThread1" daemon [_thread_in_native, id=37636, stack(0x0000006262a00000,0x0000006262b00000)]
  0x0000024207ab9aa0 JavaThread "C2 CompilerThread2" daemon [_thread_in_native, id=54156, stack(0x0000006262f00000,0x0000006263000000)]
  0x000002427d935fc0 JavaThread "C2 CompilerThread3" daemon [_thread_blocked, id=71832, stack(0x0000006263100000,0x0000006263200000)]

Other Threads:
  0x000002423442ebb0 VMThread "VM Thread" [stack: 0x0000006261000000,0x0000006261100000] [id=49304] _threads_hazard_ptr=0x000002427bfb4b80
  0x00000242346b8c40 WatcherThread [stack: 0x0000006261d00000,0x0000006261e00000] [id=3552]
  0x0000024210d47db0 GCTaskThread "GC Thread#0" [stack: 0x0000006260b00000,0x0000006260c00000] [id=82892]
  0x000002427a281420 GCTaskThread "GC Thread#1" [stack: 0x0000006262100000,0x0000006262200000] [id=41016]
  0x000002427a2816e0 GCTaskThread "GC Thread#2" [stack: 0x0000006262200000,0x0000006262300000] [id=36924]
  0x000002427a2819a0 GCTaskThread "GC Thread#3" [stack: 0x0000006262300000,0x0000006262400000] [id=12872]
  0x000002427a281c60 GCTaskThread "GC Thread#4" [stack: 0x0000006262400000,0x0000006262500000] [id=45552]
  0x000002427a281f20 GCTaskThread "GC Thread#5" [stack: 0x0000006262500000,0x0000006262600000] [id=85136]
  0x000002427a701d80 GCTaskThread "GC Thread#6" [stack: 0x0000006261f00000,0x0000006262000000] [id=78232]
  0x000002427a702040 GCTaskThread "GC Thread#7" [stack: 0x0000006262600000,0x0000006262700000] [id=38904]
  0x000002427a7d5840 GCTaskThread "GC Thread#8" [stack: 0x0000006262700000,0x0000006262800000] [id=39280]
  0x000002427a8e9d30 GCTaskThread "GC Thread#9" [stack: 0x0000006262b00000,0x0000006262c00000] [id=34088]
  0x000002427a8ea2b0 GCTaskThread "GC Thread#10" [stack: 0x0000006262c00000,0x0000006262d00000] [id=45492]
  0x000002427aec4e40 GCTaskThread "GC Thread#11" [stack: 0x0000006262800000,0x0000006262900000] [id=43284]
  0x000002427aec48c0 GCTaskThread "GC Thread#12" [stack: 0x0000006262900000,0x0000006262a00000] [id=50100]
  0x0000024210d59a90 ConcurrentGCThread "G1 Main Marker" [stack: 0x0000006260c00000,0x0000006260d00000] [id=83808]
  0x0000024210d5a4a0 ConcurrentGCThread "G1 Conc#0" [stack: 0x0000006260d00000,0x0000006260e00000] [id=39556]
  0x000002427a8ea570 ConcurrentGCThread "G1 Conc#1" [stack: 0x0000006262d00000,0x0000006262e00000] [id=84252]
  0x000002427aec6c80 ConcurrentGCThread "G1 Conc#2" [stack: 0x0000006262e00000,0x0000006262f00000] [id=35776]
  0x00000242342e4c10 ConcurrentGCThread "G1 Refine#0" [stack: 0x0000006260e00000,0x0000006260f00000] [id=45464]
  0x000002427a9d4f20 ConcurrentGCThread "G1 Refine#1" [stack: 0x0000006263000000,0x0000006263100000] [id=56036]
  0x00000242342e64f0 ConcurrentGCThread "G1 Service" [stack: 0x0000006260f00000,0x0000006261000000] [id=38680]

Threads with active compile tasks:
C2 CompilerThread0    13758 9137       4       org.jetbrains.kotlin.fir.resolve.dfa.LogicSystem::joinFlow (263 bytes)
C1 CompilerThread0    13758 9165   !   3       org.jetbrains.kotlin.fir.resolve.transformers.body.resolve.FirExpressionsResolveTransformer::transformBlock (114 bytes)
C1 CompilerThread1    13758 9163       3       org.jetbrains.kotlin.fir.resolve.transformers.body.resolve.FirAbstractBodyResolveTransformerDispatcher::transformBlock (10 bytes)
C1 CompilerThread2    13758 9164       3       org.jetbrains.kotlin.fir.resolve.transformers.body.resolve.FirAbstractBodyResolveTransformerDispatcher::transformBlock (57 bytes)
C1 CompilerThread3    13758 9162       3       org.jetbrains.kotlin.fir.visitors.FirTransformer::transformBlock (20 bytes)
C2 CompilerThread1    13758 9129       4       org.jetbrains.kotlin.fir.resolve.dfa.FirDataFlowAnalyzer::mergeIncomingFlow (54 bytes)
C2 CompilerThread2    13758 9136       4       org.jetbrains.kotlin.fir.resolve.dfa.FirDataFlowAnalyzer::buildDefaultFlow (299 bytes)
C2 CompilerThread3    13759 9158       4       org.jetbrains.kotlin.fir.scopes.impl.FirActualizingScope::processCallableSymbolsByName (89 bytes)

VM state: not at safepoint (normal execution)

VM Mutex/Monitor currently owned by a thread:  ([mutex/lock_event])
[0x0000024210cd8760] CompileThread_lock - owner thread: 0x00000242346a2670

Heap address: 0x0000000702800000, size: 4056 MB, Compressed Oops mode: Zero based, Oop shift amount: 3

CDS archive(s) mapped at: [0x0000024235000000-0x0000024235bd0000-0x0000024235bd0000), size 12386304, SharedBaseAddress: 0x0000024235000000, ArchiveRelocationMode: 1.
Compressed class space mapped at: 0x0000024236000000-0x0000024276000000, reserved size: 1073741824
Narrow klass base: 0x0000024235000000, Narrow klass shift: 0, Narrow klass range: 0x100000000

GC Precious Log:
 CPUs: 16 total, 16 available
 Memory: 16221M
 Large Page Support: Disabled
 NUMA Support: Disabled
 Compressed Oops: Enabled (Zero based)
 Heap Region Size: 2M
 Heap Min Capacity: 8M
 Heap Initial Capacity: 254M
 Heap Max Capacity: 4056M
 Pre-touch: Disabled
 Parallel Workers: 13
 Concurrent Workers: 3
 Concurrent Refinement Workers: 13
 Periodic GC: Disabled

Heap:
 garbage-first heap   total 192512K, used 122859K [0x0000000702800000, 0x0000000800000000)
  region size 2048K, 15 young (30720K), 1 survivors (2048K)
 Metaspace       used 49042K, committed 49344K, reserved 1114112K
  class space    used 5463K, committed 5568K, reserved 1048576K

Heap Regions: E=young(eden), S=young(survivor), O=old, HS=humongous(starts), HC=humongous(continues), CS=collection set, F=free, OA=open archive, CA=closed archive, TAMS=top-at-mark-start (previous, next)
|   0|0x0000000702800000, 0x0000000702a00000, 0x0000000702a00000|100%|HS|  |TAMS 0x0000000702a00000, 0x0000000702800000| Complete 
|   1|0x0000000702a00000, 0x0000000702c00000, 0x0000000702c00000|100%|HC|  |TAMS 0x0000000702c00000, 0x0000000702a00000| Complete 
|   2|0x0000000702c00000, 0x0000000702e00000, 0x0000000702e00000|100%| O|  |TAMS 0x0000000702e00000, 0x0000000702c00000| Untracked 
|   3|0x0000000702e00000, 0x0000000703000000, 0x0000000703000000|100%| O|  |TAMS 0x0000000703000000, 0x0000000702e00000| Untracked 
|   4|0x0000000703000000, 0x0000000703200000, 0x0000000703200000|100%| O|  |TAMS 0x0000000703200000, 0x0000000703000000| Untracked 
|   5|0x0000000703200000, 0x0000000703400000, 0x0000000703400000|100%| O|  |TAMS 0x0000000703400000, 0x0000000703200000| Untracked 
|   6|0x0000000703400000, 0x0000000703600000, 0x0000000703600000|100%| O|  |TAMS 0x0000000703600000, 0x0000000703400000| Untracked 
|   7|0x0000000703600000, 0x0000000703800000, 0x0000000703800000|100%| O|  |TAMS 0x0000000703800000, 0x0000000703600000| Untracked 
|   8|0x0000000703800000, 0x0000000703a00000, 0x0000000703a00000|100%| O|  |TAMS 0x0000000703a00000, 0x0000000703800000| Untracked 
|   9|0x0000000703a00000, 0x0000000703c00000, 0x0000000703c00000|100%| O|  |TAMS 0x0000000703c00000, 0x0000000703a00000| Untracked 
|  10|0x0000000703c00000, 0x0000000703e00000, 0x0000000703e00000|100%| O|  |TAMS 0x0000000703e00000, 0x0000000703c00000| Untracked 
|  11|0x0000000703e00000, 0x0000000704000000, 0x0000000704000000|100%| O|  |TAMS 0x0000000704000000, 0x0000000703e00000| Untracked 
|  12|0x0000000704000000, 0x0000000704200000, 0x0000000704200000|100%| O|  |TAMS 0x0000000704200000, 0x0000000704000000| Untracked 
|  13|0x0000000704200000, 0x0000000704400000, 0x0000000704400000|100%|HS|  |TAMS 0x0000000704400000, 0x0000000704200000| Complete 
|  14|0x0000000704400000, 0x0000000704600000, 0x0000000704600000|100%|HS|  |TAMS 0x0000000704600000, 0x0000000704400000| Complete 
|  15|0x0000000704600000, 0x0000000704800000, 0x0000000704800000|100%| O|  |TAMS 0x0000000704800000, 0x0000000704600000| Untracked 
|  16|0x0000000704800000, 0x0000000704a00000, 0x0000000704a00000|100%| O|  |TAMS 0x0000000704a00000, 0x0000000704800000| Untracked 
|  17|0x0000000704a00000, 0x0000000704c00000, 0x0000000704c00000|100%| O|  |TAMS 0x0000000704c00000, 0x0000000704a00000| Untracked 
|  18|0x0000000704c00000, 0x0000000704e00000, 0x0000000704e00000|100%| O|  |TAMS 0x0000000704e00000, 0x0000000704c00000| Untracked 
|  19|0x0000000704e00000, 0x0000000705000000, 0x0000000705000000|100%| O|  |TAMS 0x0000000705000000, 0x0000000704e00000| Untracked 
|  20|0x0000000705000000, 0x0000000705200000, 0x0000000705200000|100%| O|  |TAMS 0x0000000705200000, 0x0000000705000000| Untracked 
|  21|0x0000000705200000, 0x0000000705400000, 0x0000000705400000|100%| O|  |TAMS 0x0000000705400000, 0x0000000705200000| Untracked 
|  22|0x0000000705400000, 0x0000000705600000, 0x0000000705600000|100%| O|  |TAMS 0x0000000705600000, 0x0000000705400000| Untracked 
|  23|0x0000000705600000, 0x0000000705800000, 0x0000000705800000|100%| O|  |TAMS 0x0000000705800000, 0x0000000705600000| Untracked 
|  24|0x0000000705800000, 0x0000000705a00000, 0x0000000705a00000|100%| O|  |TAMS 0x0000000705a00000, 0x0000000705800000| Untracked 
|  25|0x0000000705a00000, 0x0000000705c00000, 0x0000000705c00000|100%| O|  |TAMS 0x0000000705c00000, 0x0000000705a00000| Untracked 
|  26|0x0000000705c00000, 0x0000000705e00000, 0x0000000705e00000|100%| O|  |TAMS 0x0000000705e00000, 0x0000000705c00000| Untracked 
|  27|0x0000000705e00000, 0x0000000706000000, 0x0000000706000000|100%| O|  |TAMS 0x0000000706000000, 0x0000000705e00000| Untracked 
|  28|0x0000000706000000, 0x0000000706200000, 0x0000000706200000|100%| O|  |TAMS 0x0000000706200000, 0x0000000706000000| Untracked 
|  29|0x0000000706200000, 0x0000000706400000, 0x0000000706400000|100%| O|  |TAMS 0x0000000706400000, 0x0000000706200000| Untracked 
|  30|0x0000000706400000, 0x0000000706600000, 0x0000000706600000|100%| O|  |TAMS 0x0000000706600000, 0x0000000706400000| Untracked 
|  31|0x0000000706600000, 0x0000000706800000, 0x0000000706800000|100%| O|  |TAMS 0x0000000706800000, 0x0000000706600000| Untracked 
|  32|0x0000000706800000, 0x0000000706a00000, 0x0000000706a00000|100%| O|  |TAMS 0x0000000706a00000, 0x0000000706800000| Untracked 
|  33|0x0000000706a00000, 0x0000000706c00000, 0x0000000706c00000|100%| O|  |TAMS 0x0000000706c00000, 0x0000000706a00000| Untracked 
|  34|0x0000000706c00000, 0x0000000706e00000, 0x0000000706e00000|100%| O|  |TAMS 0x0000000706e00000, 0x0000000706c00000| Untracked 
|  35|0x0000000706e00000, 0x0000000707000000, 0x0000000707000000|100%| O|  |TAMS 0x0000000707000000, 0x0000000706e00000| Untracked 
|  36|0x0000000707000000, 0x0000000707200000, 0x0000000707200000|100%| O|  |TAMS 0x0000000707200000, 0x0000000707000000| Untracked 
|  37|0x0000000707200000, 0x0000000707400000, 0x0000000707400000|100%| O|  |TAMS 0x0000000707400000, 0x0000000707200000| Untracked 
|  38|0x0000000707400000, 0x0000000707600000, 0x0000000707600000|100%| O|  |TAMS 0x0000000707600000, 0x0000000707400000| Untracked 
|  39|0x0000000707600000, 0x0000000707800000, 0x0000000707800000|100%| O|  |TAMS 0x0000000707800000, 0x0000000707600000| Untracked 
|  40|0x0000000707800000, 0x0000000707a00000, 0x0000000707a00000|100%| O|  |TAMS 0x0000000707a00000, 0x0000000707800000| Untracked 
|  41|0x0000000707a00000, 0x0000000707a00000, 0x0000000707c00000|  0%| F|  |TAMS 0x0000000707a00000, 0x0000000707a00000| Untracked 
|  42|0x0000000707c00000, 0x0000000707e00000, 0x0000000707e00000|100%| O|  |TAMS 0x0000000707c00000, 0x0000000707c00000| Untracked 
|  43|0x0000000707e00000, 0x0000000708000000, 0x0000000708000000|100%| O|  |TAMS 0x0000000707e00000, 0x0000000707e00000| Untracked 
|  44|0x0000000708000000, 0x0000000708200000, 0x0000000708200000|100%| O|  |TAMS 0x0000000708000000, 0x0000000708000000| Untracked 
|  45|0x0000000708200000, 0x0000000708400000, 0x0000000708400000|100%| O|  |TAMS 0x0000000708200000, 0x0000000708200000| Untracked 
|  46|0x0000000708400000, 0x0000000708566600, 0x0000000708600000| 69%| O|  |TAMS 0x0000000708400000, 0x0000000708400000| Untracked 
|  47|0x0000000708600000, 0x0000000708600000, 0x0000000708800000|  0%| F|  |TAMS 0x0000000708600000, 0x0000000708600000| Untracked 
|  48|0x0000000708800000, 0x0000000708800000, 0x0000000708a00000|  0%| F|  |TAMS 0x0000000708800000, 0x0000000708800000| Untracked 
|  49|0x0000000708a00000, 0x0000000708a00000, 0x0000000708c00000|  0%| F|  |TAMS 0x0000000708a00000, 0x0000000708a00000| Untracked 
|  50|0x0000000708c00000, 0x0000000708c00000, 0x0000000708e00000|  0%| F|  |TAMS 0x0000000708c00000, 0x0000000708c00000| Untracked 
|  51|0x0000000708e00000, 0x0000000708e00000, 0x0000000709000000|  0%| F|  |TAMS 0x0000000708e00000, 0x0000000708e00000| Untracked 
|  52|0x0000000709000000, 0x0000000709000000, 0x0000000709200000|  0%| F|  |TAMS 0x0000000709000000, 0x0000000709000000| Untracked 
|  53|0x0000000709200000, 0x0000000709200000, 0x0000000709400000|  0%| F|  |TAMS 0x0000000709200000, 0x0000000709200000| Untracked 
|  54|0x0000000709400000, 0x0000000709400000, 0x0000000709600000|  0%| F|  |TAMS 0x0000000709400000, 0x0000000709400000| Untracked 
|  55|0x0000000709600000, 0x0000000709600000, 0x0000000709800000|  0%| F|  |TAMS 0x0000000709600000, 0x0000000709600000| Untracked 
|  56|0x0000000709800000, 0x0000000709800000, 0x0000000709a00000|  0%| F|  |TAMS 0x0000000709800000, 0x0000000709800000| Untracked 
|  57|0x0000000709a00000, 0x0000000709a00000, 0x0000000709c00000|  0%| F|  |TAMS 0x0000000709a00000, 0x0000000709a00000| Untracked 
|  58|0x0000000709c00000, 0x0000000709c00000, 0x0000000709e00000|  0%| F|  |TAMS 0x0000000709c00000, 0x0000000709c00000| Untracked 
|  59|0x0000000709e00000, 0x0000000709e00000, 0x000000070a000000|  0%| F|  |TAMS 0x0000000709e00000, 0x0000000709e00000| Untracked 
|  60|0x000000070a000000, 0x000000070a000000, 0x000000070a200000|  0%| F|  |TAMS 0x000000070a000000, 0x000000070a000000| Untracked 
|  61|0x000000070a200000, 0x000000070a200000, 0x000000070a400000|  0%| F|  |TAMS 0x000000070a200000, 0x000000070a200000| Untracked 
|  62|0x000000070a400000, 0x000000070a400000, 0x000000070a600000|  0%| F|  |TAMS 0x000000070a400000, 0x000000070a400000| Untracked 
|  63|0x000000070a600000, 0x000000070a600000, 0x000000070a800000|  0%| F|  |TAMS 0x000000070a600000, 0x000000070a600000| Untracked 
|  64|0x000000070a800000, 0x000000070a800000, 0x000000070aa00000|  0%| F|  |TAMS 0x000000070a800000, 0x000000070a800000| Untracked 
|  65|0x000000070aa00000, 0x000000070aa00000, 0x000000070ac00000|  0%| F|  |TAMS 0x000000070aa00000, 0x000000070aa00000| Untracked 
|  66|0x000000070ac00000, 0x000000070ac00000, 0x000000070ae00000|  0%| F|  |TAMS 0x000000070ac00000, 0x000000070ac00000| Untracked 
|  67|0x000000070ae00000, 0x000000070ae00000, 0x000000070b000000|  0%| F|  |TAMS 0x000000070ae00000, 0x000000070ae00000| Untracked 
|  68|0x000000070b000000, 0x000000070b000000, 0x000000070b200000|  0%| F|  |TAMS 0x000000070b000000, 0x000000070b000000| Untracked 
|  69|0x000000070b200000, 0x000000070b200000, 0x000000070b400000|  0%| F|  |TAMS 0x000000070b200000, 0x000000070b200000| Untracked 
|  70|0x000000070b400000, 0x000000070b400000, 0x000000070b600000|  0%| F|  |TAMS 0x000000070b400000, 0x000000070b400000| Untracked 
|  71|0x000000070b600000, 0x000000070b600000, 0x000000070b800000|  0%| F|  |TAMS 0x000000070b600000, 0x000000070b600000| Untracked 
|  72|0x000000070b800000, 0x000000070b800000, 0x000000070ba00000|  0%| F|  |TAMS 0x000000070b800000, 0x000000070b800000| Untracked 
|  73|0x000000070ba00000, 0x000000070ba00000, 0x000000070bc00000|  0%| F|  |TAMS 0x000000070ba00000, 0x000000070ba00000| Untracked 
|  74|0x000000070bc00000, 0x000000070bc00000, 0x000000070be00000|  0%| F|  |TAMS 0x000000070bc00000, 0x000000070bc00000| Untracked 
|  75|0x000000070be00000, 0x000000070be00000, 0x000000070c000000|  0%| F|  |TAMS 0x000000070be00000, 0x000000070be00000| Untracked 
|  76|0x000000070c000000, 0x000000070c000000, 0x000000070c200000|  0%| F|  |TAMS 0x000000070c000000, 0x000000070c000000| Untracked 
|  77|0x000000070c200000, 0x000000070c2ea410, 0x000000070c400000| 45%| E|  |TAMS 0x000000070c200000, 0x000000070c200000| Complete 
|  78|0x000000070c400000, 0x000000070c600000, 0x000000070c600000|100%| E|CS|TAMS 0x000000070c400000, 0x000000070c400000| Complete 
|  79|0x000000070c600000, 0x000000070c800000, 0x000000070c800000|100%| E|CS|TAMS 0x000000070c600000, 0x000000070c600000| Complete 
|  80|0x000000070c800000, 0x000000070ca00000, 0x000000070ca00000|100%| E|CS|TAMS 0x000000070c800000, 0x000000070c800000| Complete 
|  81|0x000000070ca00000, 0x000000070cc00000, 0x000000070cc00000|100%| E|CS|TAMS 0x000000070ca00000, 0x000000070ca00000| Complete 
|  87|0x000000070d600000, 0x000000070d800000, 0x000000070d800000|100%| E|CS|TAMS 0x000000070d600000, 0x000000070d600000| Complete 
|  88|0x000000070d800000, 0x000000070da00000, 0x000000070da00000|100%| E|CS|TAMS 0x000000070d800000, 0x000000070d800000| Complete 
|  89|0x000000070da00000, 0x000000070dc00000, 0x000000070dc00000|100%| E|CS|TAMS 0x000000070da00000, 0x000000070da00000| Complete 
|  90|0x000000070dc00000, 0x000000070de00000, 0x000000070de00000|100%| E|CS|TAMS 0x000000070dc00000, 0x000000070dc00000| Complete 
|  91|0x000000070de00000, 0x000000070e000000, 0x000000070e000000|100%| E|CS|TAMS 0x000000070de00000, 0x000000070de00000| Complete 
|  92|0x000000070e000000, 0x000000070e200000, 0x000000070e200000|100%| E|CS|TAMS 0x000000070e000000, 0x000000070e000000| Complete 
|  93|0x000000070e200000, 0x000000070e400000, 0x000000070e400000|100%| E|CS|TAMS 0x000000070e200000, 0x000000070e200000| Complete 
|  94|0x000000070e400000, 0x000000070e600000, 0x000000070e600000|100%| E|CS|TAMS 0x000000070e400000, 0x000000070e400000| Complete 
|  95|0x000000070e600000, 0x000000070e694688, 0x000000070e800000| 28%| S|CS|TAMS 0x000000070e600000, 0x000000070e600000| Complete 
|  96|0x000000070e800000, 0x000000070ea00000, 0x000000070ea00000|100%| E|CS|TAMS 0x000000070e800000, 0x000000070e800000| Complete 
| 126|0x0000000712400000, 0x0000000712600000, 0x0000000712600000|100%| E|CS|TAMS 0x0000000712400000, 0x0000000712400000| Complete 
|2027|0x00000007ffe00000, 0x0000000800000000, 0x0000000800000000|100%| O|  |TAMS 0x0000000800000000, 0x00000007ffe00000| Untracked 

Card table byte_map: [0x0000024228600000,0x0000024228df0000] _byte_map_base: 0x0000024224dec000

Marking Bits (Prev, Next): (CMBitMap*) 0x0000024210d483d0, (CMBitMap*) 0x0000024210d48410
 Prev Bits: [0x00000242295e0000, 0x000002422d540000)
 Next Bits: [0x000002422d540000, 0x00000242314a0000)

Polling page: 0x000002420ec30000

Metaspace:

Usage:
  Non-class:     42.56 MB used.
      Class:      5.34 MB used.
       Both:     47.90 MB used.

Virtual space:
  Non-class space:       64.00 MB reserved,      42.75 MB ( 67%) committed,  1 nodes.
      Class space:        1.00 GB reserved,       5.44 MB ( <1%) committed,  1 nodes.
             Both:        1.06 GB reserved,      48.19 MB (  4%) committed. 

Chunk freelists:
   Non-Class:  4.23 MB
       Class:  10.58 MB
        Both:  14.81 MB

MaxMetaspaceSize: unlimited
CompressedClassSpaceSize: 1.00 GB
Initial GC threshold: 21.00 MB
Current GC threshold: 79.31 MB
CDS: on
MetaspaceReclaimPolicy: balanced
 - commit_granule_bytes: 65536.
 - commit_granule_words: 8192.
 - virtual_space_node_default_size: 8388608.
 - enlarge_chunks_in_place: 1.
 - new_chunks_are_fully_committed: 0.
 - uncommit_free_chunks: 1.
 - use_allocation_guard: 0.
 - handle_deallocations: 1.


Internal statistics:

num_allocs_failed_limit: 3.
num_arena_births: 240.
num_arena_deaths: 0.
num_vsnodes_births: 2.
num_vsnodes_deaths: 0.
num_space_committed: 769.
num_space_uncommitted: 0.
num_chunks_returned_to_freelist: 3.
num_chunks_taken_from_freelist: 1933.
num_chunk_merges: 3.
num_chunk_splits: 1582.
num_chunks_enlarged: 1425.
num_inconsistent_stats: 0.

CodeHeap 'non-profiled nmethods': size=119168Kb used=4308Kb max_used=4308Kb free=114859Kb
 bounds [0x0000024220120000, 0x0000024220560000, 0x0000024227580000]
CodeHeap 'profiled nmethods': size=119104Kb used=23322Kb max_used=23322Kb free=95781Kb
 bounds [0x0000024218580000, 0x0000024219c90000, 0x000002421f9d0000]
CodeHeap 'non-nmethods': size=7488Kb used=3018Kb max_used=3086Kb free=4469Kb
 bounds [0x000002421f9d0000, 0x000002421fcf0000, 0x0000024220120000]
 total_blobs=8279 nmethods=7645 adapters=541
 compilation: enabled
              stopped_count=0, restarted_count=0
 full_count=0

Compilation events (20 events):
Event: 12.473 Thread 0x0000024207ab9aa0 9136       4       org.jetbrains.kotlin.fir.resolve.dfa.FirDataFlowAnalyzer::buildDefaultFlow (299 bytes)
Event: 12.526 Thread 0x000002427a175340 9139       3       org.jetbrains.kotlin.fir.declarations.FirTowerDataElement::<init> (32 bytes)
Event: 12.526 Thread 0x000002427a175340 nmethod 9139 0x0000024218a5c790 code [0x0000024218a5c940, 0x0000024218a5cd38]
Event: 12.580 Thread 0x000002427a175340 9140       3       org.jetbrains.kotlin.fir.resolve.providers.impl.FirCachingCompositeSymbolProvider$special$$inlined$createCache$4::invoke (10 bytes)
Event: 12.580 Thread 0x000002427a175340 nmethod 9140 0x0000024218aa9e10 code [0x0000024218aaa040, 0x0000024218aaa8e8]
Event: 12.582 Thread 0x00000242346b7e40 9141       3       org.jetbrains.kotlin.fir.resolve.providers.impl.FirCachingCompositeSymbolProvider$special$$inlined$createCache$4::invoke (23 bytes)
Event: 12.582 Thread 0x000002427a175340 9142       3       org.jetbrains.kotlin.fir.resolve.providers.impl.FirBuiltinsSymbolProvider::getTopLevelPropertySymbolsTo (58 bytes)
Event: 12.582 Thread 0x000002423456fbd0 9143       3       org.jetbrains.kotlin.fir.resolve.providers.impl.FirCloneableSymbolProvider::getTopLevelPropertySymbolsTo (22 bytes)
Event: 12.582 Thread 0x00000242346b7e40 nmethod 9141 0x00000242191e2a10 code [0x00000242191e2c40, 0x00000242191e3388]
Event: 12.583 Thread 0x000002423456fbd0 nmethod 9143 0x000002421925d010 code [0x000002421925d300, 0x000002421925e1d8]
Event: 12.583 Thread 0x00000242346a2670 9144       3       org.jetbrains.kotlin.fir.resolve.FirRegularTowerDataContexts::replaceTowerDataMode (37 bytes)
Event: 12.583 Thread 0x00000242346a2670 nmethod 9144 0x0000024218d13d10 code [0x0000024218d13f40, 0x0000024218d14838]
Event: 12.584 Thread 0x000002427a175340 nmethod 9142 0x0000024219c4ad90 code [0x0000024219c4b3a0, 0x0000024219c4e238]
Event: 12.586 Thread 0x000002427a175340 9145       3       org.jetbrains.kotlin.fir.resolve.transformers.body.resolve.FirAbstractBodyResolveTransformer::getExpectedType (19 bytes)
Event: 12.586 Thread 0x00000242346b7e40 9146       3       org.jetbrains.kotlin.fir.resolve.ResolutionModeKt::expectedType (94 bytes)
Event: 12.586 Thread 0x000002427a175340 nmethod 9145 0x0000024219396410 code [0x0000024219396640, 0x0000024219396cf8]
Event: 12.586 Thread 0x00000242346b7e40 nmethod 9146 0x000002421861be90 code [0x000002421861c180, 0x000002421861d538]
Event: 12.587 Thread 0x000002427a175340 9147       3       org.jetbrains.kotlin.fir.resolve.dfa.cfg.ControlFlowGraphBuilder::exitQualifiedAccessExpression (49 bytes)
Event: 12.587 Thread 0x00000242346a2670 9148       3       org.jetbrains.kotlin.fir.resolve.ResolveUtilsKt::transformExpressionUsingSmartcastInfo (605 bytes)
Event: 12.588 Thread 0x000002427a175340 nmethod 9147 0x0000024218c27690 code [0x0000024218c279a0, 0x0000024218c28888]

GC Heap History (20 events):
Event: 5.986 GC heap before
{Heap before GC invocations=9 (full 0):
 garbage-first heap   total 100352K, used 70164K [0x0000000702800000, 0x0000000800000000)
  region size 2048K, 11 young (22528K), 2 survivors (4096K)
 Metaspace       used 34788K, committed 35072K, reserved 1114112K
  class space    used 4227K, committed 4352K, reserved 1048576K
}
Event: 5.997 GC heap after
{Heap after GC invocations=10 (full 0):
 garbage-first heap   total 100352K, used 56288K [0x0000000702800000, 0x0000000800000000)
  region size 2048K, 2 young (4096K), 2 survivors (4096K)
 Metaspace       used 34788K, committed 35072K, reserved 1114112K
  class space    used 4227K, committed 4352K, reserved 1048576K
}
Event: 6.491 GC heap before
{Heap before GC invocations=10 (full 0):
 garbage-first heap   total 100352K, used 76768K [0x0000000702800000, 0x0000000800000000)
  region size 2048K, 12 young (24576K), 2 survivors (4096K)
 Metaspace       used 37632K, committed 37888K, reserved 1114112K
  class space    used 4515K, committed 4608K, reserved 1048576K
}
Event: 6.500 GC heap after
{Heap after GC invocations=11 (full 0):
 garbage-first heap   total 129024K, used 59390K [0x0000000702800000, 0x0000000800000000)
  region size 2048K, 2 young (4096K), 2 survivors (4096K)
 Metaspace       used 37632K, committed 37888K, reserved 1114112K
  class space    used 4515K, committed 4608K, reserved 1048576K
}
Event: 7.209 GC heap before
{Heap before GC invocations=12 (full 0):
 garbage-first heap   total 129024K, used 90110K [0x0000000702800000, 0x0000000800000000)
  region size 2048K, 18 young (36864K), 2 survivors (4096K)
 Metaspace       used 41595K, committed 41856K, reserved 1114112K
  class space    used 4909K, committed 4992K, reserved 1048576K
}
Event: 7.223 GC heap after
{Heap after GC invocations=13 (full 0):
 garbage-first heap   total 129024K, used 64020K [0x0000000702800000, 0x0000000800000000)
  region size 2048K, 3 young (6144K), 3 survivors (6144K)
 Metaspace       used 41595K, committed 41856K, reserved 1114112K
  class space    used 4909K, committed 4992K, reserved 1048576K
}
Event: 7.466 GC heap before
{Heap before GC invocations=13 (full 0):
 garbage-first heap   total 129024K, used 94740K [0x0000000702800000, 0x0000000800000000)
  region size 2048K, 18 young (36864K), 3 survivors (6144K)
 Metaspace       used 41897K, committed 42176K, reserved 1114112K
  class space    used 4923K, committed 5056K, reserved 1048576K
}
Event: 7.479 GC heap after
{Heap after GC invocations=14 (full 0):
 garbage-first heap   total 129024K, used 73712K [0x0000000702800000, 0x0000000800000000)
  region size 2048K, 3 young (6144K), 3 survivors (6144K)
 Metaspace       used 41897K, committed 42176K, reserved 1114112K
  class space    used 4923K, committed 5056K, reserved 1048576K
}
Event: 7.729 GC heap before
{Heap before GC invocations=15 (full 0):
 garbage-first heap   total 137216K, used 98288K [0x0000000702800000, 0x0000000800000000)
  region size 2048K, 15 young (30720K), 3 survivors (6144K)
 Metaspace       used 42633K, committed 42816K, reserved 1114112K
  class space    used 4967K, committed 5056K, reserved 1048576K
}
Event: 7.738 GC heap after
{Heap after GC invocations=16 (full 0):
 garbage-first heap   total 137216K, used 81233K [0x0000000702800000, 0x0000000800000000)
  region size 2048K, 2 young (4096K), 2 survivors (4096K)
 Metaspace       used 42633K, committed 42816K, reserved 1114112K
  class space    used 4967K, committed 5056K, reserved 1048576K
}
Event: 8.046 GC heap before
{Heap before GC invocations=16 (full 0):
 garbage-first heap   total 137216K, used 103761K [0x0000000702800000, 0x0000000800000000)
  region size 2048K, 13 young (26624K), 2 survivors (4096K)
 Metaspace       used 44378K, committed 44672K, reserved 1114112K
  class space    used 5129K, committed 5248K, reserved 1048576K
}
Event: 8.056 GC heap after
{Heap after GC invocations=17 (full 0):
 garbage-first heap   total 137216K, used 86577K [0x0000000702800000, 0x0000000800000000)
  region size 2048K, 2 young (4096K), 2 survivors (4096K)
 Metaspace       used 44378K, committed 44672K, reserved 1114112K
  class space    used 5129K, committed 5248K, reserved 1048576K
}
Event: 8.536 GC heap before
{Heap before GC invocations=18 (full 0):
 garbage-first heap   total 157696K, used 105009K [0x0000000702800000, 0x0000000800000000)
  region size 2048K, 11 young (22528K), 2 survivors (4096K)
 Metaspace       used 46338K, committed 46656K, reserved 1114112K
  class space    used 5380K, committed 5504K, reserved 1048576K
}
Event: 8.543 GC heap after
{Heap after GC invocations=19 (full 0):
 garbage-first heap   total 157696K, used 90662K [0x0000000702800000, 0x0000000800000000)
  region size 2048K, 2 young (4096K), 2 survivors (4096K)
 Metaspace       used 46338K, committed 46656K, reserved 1114112K
  class space    used 5380K, committed 5504K, reserved 1048576K
}
Event: 9.658 GC heap before
{Heap before GC invocations=19 (full 0):
 garbage-first heap   total 157696K, used 119334K [0x0000000702800000, 0x0000000800000000)
  region size 2048K, 16 young (32768K), 2 survivors (4096K)
 Metaspace       used 48380K, committed 48640K, reserved 1114112K
  class space    used 5463K, committed 5568K, reserved 1048576K
}
Event: 9.668 GC heap after
{Heap after GC invocations=20 (full 0):
 garbage-first heap   total 192512K, used 94180K [0x0000000702800000, 0x0000000800000000)
  region size 2048K, 2 young (4096K), 2 survivors (4096K)
 Metaspace       used 48380K, committed 48640K, reserved 1114112K
  class space    used 5463K, committed 5568K, reserved 1048576K
}
Event: 12.372 GC heap before
{Heap before GC invocations=21 (full 0):
 garbage-first heap   total 192512K, used 139236K [0x0000000702800000, 0x0000000800000000)
  region size 2048K, 24 young (49152K), 2 survivors (4096K)
 Metaspace       used 48998K, committed 49280K, reserved 1114112K
  class space    used 5463K, committed 5568K, reserved 1048576K
}
Event: 12.378 GC heap after
{Heap after GC invocations=22 (full 0):
 garbage-first heap   total 192512K, used 96573K [0x0000000702800000, 0x0000000800000000)
  region size 2048K, 2 young (4096K), 2 survivors (4096K)
 Metaspace       used 48998K, committed 49280K, reserved 1114112K
  class space    used 5463K, committed 5568K, reserved 1048576K
}
Event: 12.560 GC heap before
{Heap before GC invocations=22 (full 0):
 garbage-first heap   total 192512K, used 100669K [0x0000000702800000, 0x0000000800000000)
  region size 2048K, 4 young (8192K), 2 survivors (4096K)
 Metaspace       used 49000K, committed 49280K, reserved 1114112K
  class space    used 5463K, committed 5568K, reserved 1048576K
}
Event: 12.566 GC heap after
{Heap after GC invocations=23 (full 0):
 garbage-first heap   total 192512K, used 96235K [0x0000000702800000, 0x0000000800000000)
  region size 2048K, 1 young (2048K), 1 survivors (2048K)
 Metaspace       used 49000K, committed 49280K, reserved 1114112K
  class space    used 5463K, committed 5568K, reserved 1048576K
}

Deoptimization events (20 events):
Event: 12.236 Thread 0x0000024210cdc350 Uncommon trap: trap_request=0xffffff66 fr.pc=0x000002422052f1b0 relative=0x00000000000033d0
Event: 12.236 Thread 0x0000024210cdc350 Uncommon trap: reason=speculate_class_check action=maybe_recompile pc=0x000002422052f1b0 method=org.jetbrains.kotlin.fir.symbols.FirLazyDeclarationResolverKt.invokeLazyResolveToPhase(Lorg/jetbrains/kotlin/fir/FirElementWithResolveState;Lorg/jetbrains/kotl
Event: 12.236 Thread 0x0000024210cdc350 DEOPT PACKING pc=0x000002422052f1b0 sp=0x0000006260afbdb0
Event: 12.236 Thread 0x0000024210cdc350 DEOPT UNPACKING pc=0x000002421fa25ba3 sp=0x0000006260afbad0 mode 2
Event: 12.236 Thread 0x0000024210cdc350 Uncommon trap: trap_request=0xffffff66 fr.pc=0x000002422052f1b0 relative=0x00000000000033d0
Event: 12.236 Thread 0x0000024210cdc350 Uncommon trap: reason=speculate_class_check action=maybe_recompile pc=0x000002422052f1b0 method=org.jetbrains.kotlin.fir.symbols.FirLazyDeclarationResolverKt.invokeLazyResolveToPhase(Lorg/jetbrains/kotlin/fir/FirElementWithResolveState;Lorg/jetbrains/kotl
Event: 12.236 Thread 0x0000024210cdc350 DEOPT PACKING pc=0x000002422052f1b0 sp=0x0000006260afbdb0
Event: 12.236 Thread 0x0000024210cdc350 DEOPT UNPACKING pc=0x000002421fa25ba3 sp=0x0000006260afbad0 mode 2
Event: 12.237 Thread 0x0000024210cdc350 Uncommon trap: trap_request=0xffffff66 fr.pc=0x000002422052f1b0 relative=0x00000000000033d0
Event: 12.237 Thread 0x0000024210cdc350 Uncommon trap: reason=speculate_class_check action=maybe_recompile pc=0x000002422052f1b0 method=org.jetbrains.kotlin.fir.symbols.FirLazyDeclarationResolverKt.invokeLazyResolveToPhase(Lorg/jetbrains/kotlin/fir/FirElementWithResolveState;Lorg/jetbrains/kotl
Event: 12.237 Thread 0x0000024210cdc350 DEOPT PACKING pc=0x000002422052f1b0 sp=0x0000006260af9d00
Event: 12.237 Thread 0x0000024210cdc350 DEOPT UNPACKING pc=0x000002421fa25ba3 sp=0x0000006260af9a20 mode 2
Event: 12.401 Thread 0x0000024210cdc350 Uncommon trap: trap_request=0xffffff66 fr.pc=0x0000024220539994 relative=0x0000000000003434
Event: 12.401 Thread 0x0000024210cdc350 Uncommon trap: reason=speculate_class_check action=maybe_recompile pc=0x0000024220539994 method=org.jetbrains.kotlin.fir.symbols.FirLazyDeclarationResolverKt.invokeLazyResolveToPhase(Lorg/jetbrains/kotlin/fir/FirElementWithResolveState;Lorg/jetbrains/kotl
Event: 12.401 Thread 0x0000024210cdc350 DEOPT PACKING pc=0x0000024220539994 sp=0x0000006260afbdb0
Event: 12.401 Thread 0x0000024210cdc350 DEOPT UNPACKING pc=0x000002421fa25ba3 sp=0x0000006260afbad0 mode 2
Event: 12.401 Thread 0x0000024210cdc350 Uncommon trap: trap_request=0xffffff66 fr.pc=0x0000024220539994 relative=0x0000000000003434
Event: 12.401 Thread 0x0000024210cdc350 Uncommon trap: reason=speculate_class_check action=maybe_recompile pc=0x0000024220539994 method=org.jetbrains.kotlin.fir.symbols.FirLazyDeclarationResolverKt.invokeLazyResolveToPhase(Lorg/jetbrains/kotlin/fir/FirElementWithResolveState;Lorg/jetbrains/kotl
Event: 12.401 Thread 0x0000024210cdc350 DEOPT PACKING pc=0x0000024220539994 sp=0x0000006260afbdb0
Event: 12.401 Thread 0x0000024210cdc350 DEOPT UNPACKING pc=0x000002421fa25ba3 sp=0x0000006260afbad0 mode 2

Classes unloaded (0 events):
No events

Classes redefined (0 events):
No events

Internal exceptions (20 events):
Event: 5.094 Thread 0x0000024210cdc350 Exception <a 'java/lang/NoSuchMethodError'{0x000000070deab160}: 'int java.lang.invoke.DirectMethodHandle$Holder.invokeStaticInit(java.lang.Object, int)'> (0x000000070deab160) 
thrown [s\open\src\hotspot\share\interpreter\linkResolver.cpp, line 759]
Event: 5.679 Thread 0x0000024210cdc350 Implicit null exception at 0x000002422027318e to 0x000002422027d60c
Event: 5.946 Thread 0x0000024210cdc350 Exception <a 'java/lang/NoSuchMethodError'{0x000000070da61360}: 'java.lang.Object java.lang.invoke.DirectMethodHandle$Holder.newInvokeSpecial(java.lang.Object, java.lang.Object, java.lang.Object, int)'> (0x000000070da61360) 
thrown [s\open\src\hotspot\share\interpreter\linkResolver.cpp, line 759]
Event: 5.947 Thread 0x0000024210cdc350 Exception <a 'java/lang/NoSuchMethodError'{0x000000070da65740}: 'java.lang.Object java.lang.invoke.DirectMethodHandle$Holder.invokeSpecial(java.lang.Object, java.lang.Object, java.lang.Object, java.lang.Object, int)'> (0x000000070da65740) 
thrown [s\open\src\hotspot\share\interpreter\linkResolver.cpp, line 759]
Event: 5.947 Thread 0x0000024210cdc350 Exception <a 'java/lang/NoSuchMethodError'{0x000000070da69308}: 'java.lang.Object java.lang.invoke.Invokers$Holder.linkToTargetMethod(java.lang.Object, java.lang.Object, int, java.lang.Object)'> (0x000000070da69308) 
thrown [s\open\src\hotspot\share\interpreter\linkResolver.cpp, line 759]
Event: 6.075 Thread 0x0000024210cdc350 Exception <a 'java/lang/NoSuchMethodError'{0x000000070e9bb790}: 'java.lang.Object java.lang.invoke.DirectMethodHandle$Holder.newInvokeSpecial(java.lang.Object, java.lang.Object, java.lang.Object, java.lang.Object, java.lang.Object, java.lang.Object)'> (0x000000070e9bb790) 
thrown [s\open\src\hotspot\share\interpreter\linkResolver.cpp, line 759]
Event: 6.738 Thread 0x0000024210cdc350 Exception <a 'java/lang/NoSuchMethodError'{0x000000070dfcbb90}: 'java.lang.Object java.lang.invoke.DirectMethodHandle$Holder.newInvokeSpecial(java.lang.Object, java.lang.Object, java.lang.Object, int, java.lang.Object)'> (0x000000070dfcbb90) 
thrown [s\open\src\hotspot\share\interpreter\linkResolver.cpp, line 759]
Event: 6.742 Thread 0x0000024210cdc350 Exception <a 'java/lang/NoSuchMethodError'{0x000000070dfd3750}: 'java.lang.Object java.lang.invoke.Invokers$Holder.linkToTargetMethod(java.lang.Object, java.lang.Object, int, java.lang.Object, java.lang.Object)'> (0x000000070dfd3750) 
thrown [s\open\src\hotspot\share\interpreter\linkResolver.cpp, line 759]
Event: 7.080 Thread 0x0000024210cdc350 Implicit null exception at 0x0000024220214b13 to 0x0000024220215094
Event: 7.960 Thread 0x0000024210cdc350 Exception <a 'java/lang/NoSuchMethodError'{0x000000070dd275f8}: 'java.lang.Object java.lang.invoke.DirectMethodHandle$Holder.newInvokeSpecial(java.lang.Object, java.lang.Object, java.lang.Object, java.lang.Object, int, java.lang.Object, java.lang.Object)'> (0x000000070dd275f8) 
thrown [s\open\src\hotspot\share\interpreter\linkResolver.cpp, line 759]
Event: 7.961 Thread 0x0000024210cdc350 Exception <a 'java/lang/NoSuchMethodError'{0x000000070dd30bf0}: 'java.lang.Object java.lang.invoke.Invokers$Holder.linkToTargetMethod(java.lang.Object, java.lang.Object, java.lang.Object, int, java.lang.Object, java.lang.Object, java.lang.Object)'> (0x000000070dd30bf0) 
thrown [s\open\src\hotspot\share\interpreter\linkResolver.cpp, line 759]
Event: 8.391 Thread 0x0000024210cdc350 Exception <a 'java/lang/NoSuchMethodError'{0x000000070df344b0}: 'java.lang.Object java.lang.invoke.DirectMethodHandle$Holder.invokeStatic(java.lang.Object, java.lang.Object, java.lang.Object, java.lang.Object, int)'> (0x000000070df344b0) 
thrown [s\open\src\hotspot\share\interpreter\linkResolver.cpp, line 759]
Event: 8.392 Thread 0x0000024210cdc350 Exception <a 'java/lang/NoSuchMethodError'{0x000000070df3d6e0}: 'java.lang.Object java.lang.invoke.DirectMethodHandle$Holder.newInvokeSpecial(java.lang.Object, java.lang.Object, java.lang.Object, java.lang.Object, int)'> (0x000000070df3d6e0) 
thrown [s\open\src\hotspot\share\interpreter\linkResolver.cpp, line 759]
Event: 8.392 Thread 0x0000024210cdc350 Exception <a 'java/lang/NoSuchMethodError'{0x000000070df41cc0}: 'java.lang.Object java.lang.invoke.DirectMethodHandle$Holder.invokeSpecial(java.lang.Object, java.lang.Object, java.lang.Object, java.lang.Object, java.lang.Object, int)'> (0x000000070df41cc0) 
thrown [s\open\src\hotspot\share\interpreter\linkResolver.cpp, line 759]
Event: 8.392 Thread 0x0000024210cdc350 Exception <a 'java/lang/NoSuchMethodError'{0x000000070df45c50}: 'java.lang.Object java.lang.invoke.Invokers$Holder.linkToTargetMethod(java.lang.Object, java.lang.Object, java.lang.Object, int, java.lang.Object)'> (0x000000070df45c50) 
thrown [s\open\src\hotspot\share\interpreter\linkResolver.cpp, line 759]
Event: 8.437 Thread 0x0000024210cdc350 Exception <a 'java/lang/NoSuchMethodError'{0x000000070dcb3bd0}: 'java.lang.Object java.lang.invoke.DirectMethodHandle$Holder.newInvokeSpecial(java.lang.Object, int, java.lang.Object)'> (0x000000070dcb3bd0) 
thrown [s\open\src\hotspot\share\interpreter\linkResolver.cpp, line 759]
Event: 8.458 Thread 0x0000024210cdc350 Exception <a 'java/lang/NoSuchMethodError'{0x000000070dd7dae8}: 'java.lang.Object java.lang.invoke.DirectMethodHandle$Holder.invokeSpecial(java.lang.Object, java.lang.Object, int, java.lang.Object, java.lang.Object)'> (0x000000070dd7dae8) 
thrown [s\open\src\hotspot\share\interpreter\linkResolver.cpp, line 759]
Event: 9.153 Thread 0x0000024210cdc350 Exception <a 'java/lang/NoSuchMethodError'{0x000000070a6655b8}: 'java.lang.Object java.lang.invoke.DirectMethodHandle$Holder.newInvokeSpecial(java.lang.Object, java.lang.Object, java.lang.Object, java.lang.Object, java.lang.Object, java.lang.Object, java.lang.Object, java.lang.Object, java.lang.Object)'> (0x000000070a6655b8) 
thrown [s\open\src\hotspot\share\interpreter\linkResolver.cpp, line 759]
Event: 9.154 Thread 0x0000024210cdc350 Exception <a 'java/lang/NoSuchMethodError'{0x000000070a66ae78}: 'java.lang.Object java.lang.invoke.DirectMethodHandle$Holder.invokeSpecial(java.lang.Object, java.lang.Object, java.lang.Object, java.lang.Object, java.lang.Object, java.lang.Object, java.lang.Object, java.lang.Object, java.lang.Object, java.lang.Object)'> (0x000000070a66ae78) 
thrown [s\open\src\hotspot\share\interpreter\linkResolver.cpp, line 759]
Event: 9.154 Thread 0x0000024210cdc350 Exception <a 'java/lang/NoSuchMethodError'{0x000000070a66f6e8}: 'java.lang.Object java.lang.invoke.Invokers$Holder.linkToTargetMethod(java.lang.Object, java.lang.Object, java.lang.Object, java.lang.Object, java.lang.Object, java.lang.Object, java.lang.Object, java.lang.Object, java.lang.Object)'> (0x000000070a66f6e8) 
thrown [s\open\src\hotspot\share\interpreter\linkResolver.cpp, line 759]

VM Operations (20 events):
Event: 9.657 Executing VM operation: G1CollectForAllocation
Event: 9.668 Executing VM operation: G1CollectForAllocation done
Event: 9.715 Executing VM operation: G1Concurrent
Event: 9.721 Executing VM operation: G1Concurrent done
Event: 9.742 Executing VM operation: G1Concurrent
Event: 9.742 Executing VM operation: G1Concurrent done
Event: 10.563 Executing VM operation: HandshakeAllThreads
Event: 10.563 Executing VM operation: HandshakeAllThreads done
Event: 10.776 Executing VM operation: ICBufferFull
Event: 10.777 Executing VM operation: ICBufferFull done
Event: 10.842 Executing VM operation: HandshakeAllThreads
Event: 10.842 Executing VM operation: HandshakeAllThreads done
Event: 10.888 Executing VM operation: HandshakeAllThreads
Event: 10.888 Executing VM operation: HandshakeAllThreads done
Event: 11.442 Executing VM operation: ICBufferFull
Event: 11.442 Executing VM operation: ICBufferFull done
Event: 12.354 Executing VM operation: G1CollectForAllocation
Event: 12.378 Executing VM operation: G1CollectForAllocation done
Event: 12.560 Executing VM operation: G1CollectForAllocation
Event: 12.566 Executing VM operation: G1CollectForAllocation done

Events (20 events):
Event: 10.898 Thread 0x00000242345eaeb0 flushing nmethod 0x0000024219381090
Event: 10.898 Thread 0x00000242345eaeb0 flushing nmethod 0x0000024219394110
Event: 10.898 Thread 0x00000242345eaeb0 flushing nmethod 0x0000024219396410
Event: 10.898 Thread 0x00000242345eaeb0 flushing nmethod 0x0000024219398f10
Event: 10.898 Thread 0x00000242345eaeb0 flushing nmethod 0x00000242193be090
Event: 10.898 Thread 0x00000242345eaeb0 flushing nmethod 0x0000024219416110
Event: 10.898 Thread 0x00000242345eaeb0 flushing nmethod 0x0000024219426a90
Event: 10.898 Thread 0x00000242345eaeb0 flushing nmethod 0x000002421944a610
Event: 10.898 Thread 0x00000242345eaeb0 flushing nmethod 0x0000024219507b90
Event: 10.899 Thread 0x00000242345eaeb0 flushing nmethod 0x00000242195b6390
Event: 10.899 Thread 0x00000242345eaeb0 flushing nmethod 0x00000242195db710
Event: 10.899 Thread 0x00000242345eaeb0 flushing nmethod 0x00000242195dff10
Event: 10.900 Thread 0x00000242345eaeb0 flushing nmethod 0x000002421985e410
Event: 10.900 Thread 0x00000242345eaeb0 flushing nmethod 0x000002421987b410
Event: 11.032 Thread 0x000002420783e0d0 Thread added: 0x000002420783e0d0
Event: 11.043 Thread 0x000002420dc9f980 Thread added: 0x000002420dc9f980
Event: 11.213 Thread 0x000002420dc9f980 Thread exited: 0x000002420dc9f980
Event: 11.298 Thread 0x000002420783e0d0 Thread exited: 0x000002420783e0d0
Event: 12.231 Thread 0x0000024208362f00 Thread added: 0x0000024208362f00
Event: 12.350 Thread 0x0000024207ab9aa0 Thread added: 0x0000024207ab9aa0


Dynamic libraries:
0x00007ff76a590000 - 0x00007ff76a5a0000 	C:\Program Files\Java\jdk-17\bin\java.exe
0x00007ff9b00a0000 - 0x00007ff9b0307000 	C:\WINDOWS\SYSTEM32\ntdll.dll
0x00007ff9afbe0000 - 0x00007ff9afca9000 	C:\WINDOWS\System32\KERNEL32.DLL
0x00007ff9aceb0000 - 0x00007ff9ad2a4000 	C:\WINDOWS\System32\KERNELBASE.dll
0x00007ff9aa170000 - 0x00007ff9aa20f000 	C:\WINDOWS\SYSTEM32\apphelp.dll
0x00007ff9611a0000 - 0x00007ff9611b9000 	C:\Program Files\Java\jdk-17\bin\jli.dll
0x00007ff960620000 - 0x00007ff96063b000 	C:\Program Files\Java\jdk-17\bin\VCRUNTIME140.dll
0x00007ff9aee20000 - 0x00007ff9aeed6000 	C:\WINDOWS\System32\ADVAPI32.dll
0x00007ff9acac0000 - 0x00007ff9acc0b000 	C:\WINDOWS\System32\ucrtbase.dll
0x00007ff9adf00000 - 0x00007ff9adfa9000 	C:\WINDOWS\System32\msvcrt.dll
0x00007ff9aed20000 - 0x00007ff9aedc7000 	C:\WINDOWS\System32\sechost.dll
0x00007ff9af590000 - 0x00007ff9af6a8000 	C:\WINDOWS\System32\RPCRT4.dll
0x00007ff9afcb0000 - 0x00007ff9afe75000 	C:\WINDOWS\System32\USER32.dll
0x00007ff9ad360000 - 0x00007ff9ad387000 	C:\WINDOWS\System32\win32u.dll
0x00007ff98eb50000 - 0x00007ff98ede3000 	C:\WINDOWS\WinSxS\amd64_microsoft.windows.common-controls_6595b64144ccf1df_6.0.26100.8115_none_3e075c82e3354f9c\COMCTL32.dll
0x00007ff9ae9b0000 - 0x00007ff9ae9db000 	C:\WINDOWS\System32\GDI32.dll
0x00007ff9acc10000 - 0x00007ff9acd3a000 	C:\WINDOWS\System32\gdi32full.dll
0x00007ff9ad2b0000 - 0x00007ff9ad353000 	C:\WINDOWS\System32\msvcp_win.dll
0x00007ff9a51b0000 - 0x00007ff9a51bb000 	C:\WINDOWS\SYSTEM32\VERSION.dll
0x00007ff9af710000 - 0x00007ff9af742000 	C:\WINDOWS\System32\IMM32.DLL
0x00007ff996cc0000 - 0x00007ff996ccc000 	C:\Program Files\Java\jdk-17\bin\vcruntime140_1.dll
0x00007ff942880000 - 0x00007ff94290e000 	C:\Program Files\Java\jdk-17\bin\msvcp140.dll
0x00007ff91abb0000 - 0x00007ff91b790000 	C:\Program Files\Java\jdk-17\bin\server\jvm.dll
0x00007ff9af3e0000 - 0x00007ff9af3e8000 	C:\WINDOWS\System32\PSAPI.DLL
0x00007ff97a310000 - 0x00007ff97a31a000 	C:\WINDOWS\SYSTEM32\WSOCK32.dll
0x00007ff99e4c0000 - 0x00007ff99e4f6000 	C:\WINDOWS\SYSTEM32\WINMM.dll
0x00007ff9ae040000 - 0x00007ff9ae0c0000 	C:\WINDOWS\System32\WS2_32.dll
0x00007ff9ab690000 - 0x00007ff9ab6ab000 	C:\WINDOWS\SYSTEM32\kernel.appcore.dll
0x00007ff991140000 - 0x00007ff99114a000 	C:\Program Files\Java\jdk-17\bin\jimage.dll
0x00007ff997d10000 - 0x00007ff997f52000 	C:\WINDOWS\SYSTEM32\DBGHELP.DLL
0x00007ff9aeee0000 - 0x00007ff9af262000 	C:\WINDOWS\System32\combase.dll
0x00007ff9ae8d0000 - 0x00007ff9ae9a7000 	C:\WINDOWS\System32\OLEAUT32.dll
0x00007ff98c120000 - 0x00007ff98c15b000 	C:\WINDOWS\SYSTEM32\dbgcore.DLL
0x00007ff9ad420000 - 0x00007ff9ad4c5000 	C:\WINDOWS\System32\bcryptPrimitives.dll
0x00007ff9569b0000 - 0x00007ff9569d5000 	C:\Program Files\Java\jdk-17\bin\java.dll
0x00007ff93aa80000 - 0x00007ff93ab57000 	C:\Program Files\Java\jdk-17\bin\jsvml.dll
0x00007ff9ae150000 - 0x00007ff9ae8b6000 	C:\WINDOWS\System32\SHELL32.dll
0x00007ff9acd40000 - 0x00007ff9aceaa000 	C:\WINDOWS\System32\wintypes.dll
0x00007ff9ad4d0000 - 0x00007ff9add35000 	C:\WINDOWS\System32\windows.storage.dll
0x00007ff9aff10000 - 0x00007ff9b0007000 	C:\WINDOWS\System32\SHCORE.dll
0x00007ff9af330000 - 0x00007ff9af396000 	C:\WINDOWS\System32\shlwapi.dll
0x00007ff9ac860000 - 0x00007ff9ac889000 	C:\WINDOWS\SYSTEM32\profapi.dll
0x00007ff95d560000 - 0x00007ff95d579000 	C:\Program Files\Java\jdk-17\bin\net.dll
0x00007ff9a4fd0000 - 0x00007ff9a50fd000 	C:\WINDOWS\SYSTEM32\WINHTTP.dll
0x00007ff9abbe0000 - 0x00007ff9abc4c000 	C:\WINDOWS\system32\mswsock.dll
0x00007ff956760000 - 0x00007ff956776000 	C:\Program Files\Java\jdk-17\bin\nio.dll
0x00007ff954b90000 - 0x00007ff954ba8000 	C:\Program Files\Java\jdk-17\bin\zip.dll
0x00007ff964600000 - 0x00007ff964610000 	C:\Program Files\Java\jdk-17\bin\verify.dll

dbghelp: loaded successfully - version: 4.0.5 - missing functions: none
symbol engine: initialized successfully - sym options: 0x614 - pdb path: .;C:\Program Files\Java\jdk-17\bin;C:\WINDOWS\SYSTEM32;C:\WINDOWS\WinSxS\amd64_microsoft.windows.common-controls_6595b64144ccf1df_6.0.26100.8115_none_3e075c82e3354f9c;C:\Program Files\Java\jdk-17\bin\server

VM Arguments:
java_command: org.jetbrains.kotlin.cli.jvm.K2JVMCompiler @C:\Users\lifoe\AndroidStudioProjects\CalmifyAppAndroid\core\ui\build\20260404_11684533352588220172.compiler.options
java_class_path (initial): C:\Users\lifoe\.gradle\caches\modules-2\files-2.1\org.jetbrains.kotlin\kotlin-compiler-embeddable\2.1.0\988bf980588bbbcfa1ba19c1ffd7aa869b335a31\kotlin-compiler-embeddable-2.1.0.jar;C:\Users\lifoe\.gradle\caches\modules-2\files-2.1\org.jetbrains.kotlin\kotlin-stdlib\2.1.0\85f8b81009cda5890e54ba67d64b5e599c645020\kotlin-stdlib-2.1.0.jar;C:\Users\lifoe\.gradle\caches\modules-2\files-2.1\org.jetbrains.kotlin\kotlin-script-runtime\2.1.0\5909da8c57b75a117714ab0e348c86101b7a3284\kotlin-script-runtime-2.1.0.jar;C:\Users\lifoe\.gradle\caches\modules-2\files-2.1\org.jetbrains.kotlin\kotlin-reflect\1.6.10\1cbe9c92c12a94eea200d23c2bbaedaf3daf5132\kotlin-reflect-1.6.10.jar;C:\Users\lifoe\.gradle\caches\modules-2\files-2.1\org.jetbrains.kotlin\kotlin-daemon-embeddable\2.1.0\420bae1908e4a353f5b56c3c850d24d86367b25d\kotlin-daemon-embeddable-2.1.0.jar;C:\Users\lifoe\.gradle\caches\modules-2\files-2.1\org.jetbrains.intellij.deps\trove4j\1.0.20200330\3afb14d5f9ceb459d724e907a21145e8ff394f02\trove4j-1.0.20200330.jar;C:\Users\lifoe\.gradle\caches\modules-2\files-2.1\org.jetbrains.kotlinx\kotlinx-coroutines-core-jvm\1.6.4\2c997cd1c0ef33f3e751d3831929aeff1390cb30\kotlinx-coroutines-core-jvm-1.6.4.jar;C:\Users\lifoe\.gradle\caches\modules-2\files-2.1\org.jetbrains\annotations\13.0\919f0dfe192fb4e063e7dacadee7f8bb9a2672a9\annotations-13.0.jar
Launcher Type: SUN_STANDARD

[Global flags]
     intx CICompilerCount                          = 12                                        {product} {ergonomic}
     uint ConcGCThreads                            = 3                                         {product} {ergonomic}
     uint G1ConcRefinementThreads                  = 13                                        {product} {ergonomic}
   size_t G1HeapRegionSize                         = 2097152                                   {product} {ergonomic}
    uintx GCDrainStackTargetSize                   = 64                                        {product} {ergonomic}
   size_t InitialHeapSize                          = 266338304                                 {product} {ergonomic}
   size_t MarkStackSize                            = 4194304                                   {product} {ergonomic}
   size_t MaxHeapSize                              = 4253024256                                {product} {ergonomic}
   size_t MaxNewSize                               = 2550136832                                {product} {ergonomic}
   size_t MinHeapDeltaBytes                        = 2097152                                   {product} {ergonomic}
   size_t MinHeapSize                              = 8388608                                   {product} {ergonomic}
    uintx NonNMethodCodeHeapSize                   = 7602480                                {pd product} {ergonomic}
    uintx NonProfiledCodeHeapSize                  = 122027880                              {pd product} {ergonomic}
    uintx ProfiledCodeHeapSize                     = 122027880                              {pd product} {ergonomic}
    uintx ReservedCodeCacheSize                    = 251658240                              {pd product} {ergonomic}
     bool SegmentedCodeCache                       = true                                      {product} {ergonomic}
   size_t SoftMaxHeapSize                          = 4253024256                             {manageable} {ergonomic}
     bool UseCompressedClassPointers               = true                           {product lp64_product} {ergonomic}
     bool UseCompressedOops                        = true                           {product lp64_product} {ergonomic}
     bool UseG1GC                                  = true                                      {product} {ergonomic}
     bool UseLargePagesIndividualAllocation        = false                                  {pd product} {ergonomic}

Logging:
Log output configuration:
 #0: stdout all=warning uptime,level,tags
 #1: stderr all=off uptime,level,tags

Environment Variables:
PATH=C:\Users\lifoe\bin;C:\Program Files\Git\mingw64\bin;C:\Program Files\Git\usr\local\bin;C:\Program Files\Git\usr\bin;C:\Program Files\Git\usr\bin;C:\Program Files\Git\mingw64\bin;C:\Program Files\Git\usr\bin;C:\Users\lifoe\bin;C:\Program Files\Common Files\Oracle\Java\javapath;C:\Program Files (x86)\Razer Chroma SDK\bin;C:\Program Files\Razer Chroma SDK\bin;C:\Program Files (x86)\Razer\ChromaBroadcast\bin;C:\Program Files\Razer\ChromaBroadcast\bin;C:\Program Files (x86)\Common Files\Intel\Shared Libraries\redist\intel64\compiler;C:\Program Files\Microsoft\jdk-11.0.12.7-hotspot\bin;C:\WINDOWS\system32;C:\WINDOWS;C:\WINDOWS\System32\Wbem;C:\WINDOWS\System32\WindowsPowerShell\v1.0;C:\WINDOWS\System32\OpenSSH;C:\Program Files\dotnet;C:\Program Files (x86)\dotnet;C:\Program Files (x86)\NVIDIA Corporation\PhysX\Common;C:\Program Files (x86)\Microsoft SQL Server\150\DTS\Binn;C:\Program Files\Azure Data Studio\bin;C:\Program Files\Microsoft SQL Server\Client SDK\ODBC\170\Tools\Binn;C:\Program Files (x86)\Microsoft SQL Server\150\Tools\Binn;C:\Program Files\Microsoft SQL Server\150\Tools\Binn;C:\Program Files\Microsoft SQL Server\150\DTS\Binn;C:\Users\lifoe\AppData\Local\Programs\Python\Python311\Scripts;C:\Users\lifoe\AppData\Local\Programs\Python\Python311;C:\Users\lifoe\AppData\Local\Microsoft\WindowsApps;C:\Users\lifoe\.dotnet\tools;C:\Users\lifoe\AppData\Roaming\npm;C:\Users\lifoe\AppData\Local\Programs\Microsoft VS Code\bin;C:\src\flutter\bin;C:\Program Files\JetBrains\PyCharm 2023.2.1\bin;C:\WINDOWS\system32\config\systemprofile\AppData\Local\Microsoft\WindowsApps;C:\WINDOWS\system32;C:\WINDOWS;C:\WINDOWS\System32\Wbem;C:\WINDOWS\System32\WindowsPowerShell\v1.0;C:\WINDOWS\System32\OpenSSH;C:\Program Files\NVIDIA Corporation\NVIDIA app\NvDLISR;C:\Program Files\nodejs;C:\Gradle\gradle-9.0.0\bin;C:\Program Files\Git\cmd;C:\Program Files\JetBrains\WebStorm 2024.1\bin;C:\Users\lifoe\AppData\Local\GitHubDesktop\bin;C:\Users\lifoe\AppData\Local\Google\Cloud SDK\google-cloud
USERNAME=lifoe
SHELL=C:\Program Files\Git\usr\bin\bash.exe
DISPLAY=needs-to-be-defined
LANG=it_IT.UTF-8
OS=Windows_NT
PROCESSOR_IDENTIFIER=Intel64 Family 6 Model 167 Stepping 1, GenuineIntel



---------------  S Y S T E M  ---------------

OS:
 Windows 11 , 64 bit Build 26100 (10.0.26100.8115)
OS uptime: 0 days 16:13 hours
Hyper-V role detected

CPU: total 16 (initial active 16) (8 cores per cpu, 2 threads per core) family 6 model 167 stepping 1 microcode 0x50, cx8, cmov, fxsr, ht, mmx, 3dnowpref, sse, sse2, sse3, ssse3, sse4.1, sse4.2, popcnt, lzcnt, tsc, tscinvbit, avx, avx2, aes, erms, clmul, bmi1, bmi2, adx, avx512f, avx512dq, avx512cd, avx512bw, avx512vl, sha, fma, vzeroupper, avx512_vpopcntdq, avx512_vpclmulqdq, avx512_vaes, avx512_vnni, clflush, clflushopt, avx512_vbmi2, avx512_vbmi, hv

Memory: 4k page, system-wide physical 16221M (1123M free)
TotalPageFile size 65373M (AvailPageFile size 7M)
current process WorkingSet (physical memory assigned to process): 363M, peak: 410M
current process commit charge ("private bytes"): 423M, peak: 495M

vm_info: Java HotSpot(TM) 64-Bit Server VM (17.0.12+8-LTS-286) for windows-amd64 JRE (17.0.12+8-LTS-286), built on Jun  5 2024 06:46:59 by "mach5one" with MS VC++ 17.6 (VS2022)

END.
